
<!DOCTYPE html>
<html>
	<head>
		<!--
			ExtentReports Library 2.41.1 | http://relevantcodes.com/extentreports-for-selenium/ | https://github.com/anshooarora/
			Copyright (c) 2015, Anshoo Arora (Relevant Codes) | Copyrights licensed under the New BSD License | http://opensource.org/licenses/BSD-3-Clause
			Documentation: http://extentreports.relevantcodes.com 
		-->

		<meta charset='UTF-8' /> 
		<meta name='description' content='ExtentReports (by Anshoo Arora) is a reporting library for automation testing for .NET and Java. It creates detailed and beautiful HTML reports for modern browsers. ExtentReports shows test and step summary along with dashboards, system and environment details for quick analysis of your tests.' />
		<meta name='robots' content='noodp, noydir' />
		<meta name='viewport' content='width=device-width, initial-scale=1' />
		<meta name='extentx' id='extentx' content='' />
		
		<title>
				ExtentReports 2.0
		</title>
		
		
		<link href='https://fonts.googleapis.com/css?family=Source+Sans+Pro:400,600' rel='stylesheet' type='text/css'>
		<link href='https://cdn.rawgit.com/anshooarora/extentreports/6032d73243ba4fe4fb8769eb9c315d4fdf16fe68/cdn/extent.css' type='text/css' rel='stylesheet' />
		
		<style>
				
            
                
            
        
		</style>
	</head>
	
	
	<body class='extent default standard hide-overflow'>
		<!-- nav -->
		<nav>
			<div class='logo-container blue darken-2'>
				<a class='logo-content' href='http://extentreports.relevantcodes.com'>
					<span>ExtentReports</span>
				</a>
				<a href='#' data-activates='slide-out' class='button-collapse hide-on-large-only'><i class='mdi-navigation-apps'></i></a>
			</div>
			<ul id='slide-out' class='side-nav fixed hide-on-med-and-down'>
				<li class='analysis waves-effect active'><a href='#!' class='test-view' onclick="_updateCurrentStage(0)"><i class='mdi-action-dashboard'></i>Test Details</a></li>
				<li class='analysis waves-effect'>
					<a href='#!' onclick="_updateCurrentStage(-1)" class='dashboard-view'><i class='mdi-action-track-changes'></i></i>Analysis</a>
				</li>
			</ul>
			<span class='report-name'>Automation Report</span> <span class='report-headline'></span>
			<ul class='right hide-on-med-and-down nav-right'>
				<li class='theme-selector' alt='Click to toggle dark theme. To enable by default, use js configuration $("body").addClass("dark");' title='Click to toggle dark theme. To enable by default, use js configuration $("body").addClass("dark");'>
					<i class='mdi-hardware-desktop-windows'></i>
				</li>
				<li>
					<span class='suite-started-time'>2020-07-21 09:44:14</span>
				</li>
				<li>
					<span>v2.41.1</span>
				</li>
			</ul>
		</nav>
		<!-- /nav -->
		
		<!-- container -->
		<div class='container'>
			
			<!-- dashboard -->
			<div id='dashboard-view' class='row'>
				<div class='time-totals'>
					<div class='col l2 m4 s6'>
						<div class='card suite-total-tests'> 
							<span class='panel-name'>Total Tests</span> 
							<span class='total-tests'> <span class='panel-lead'></span> </span> 
						</div> 
					</div>
					<div class='col l2 m4 s6'>
						<div class='card suite-total-steps'> 
							<span class='panel-name'>Total Steps</span> 
							<span class='total-steps'> <span class='panel-lead'></span> </span> 
						</div> 
					</div>
					<div class='col l2 m4 s12'>
						<div class='card suite-total-time-current'> 
							<span class='panel-name'>Total Time Taken (Current Run)</span> 
							<span class='suite-total-time-current-value panel-lead'>0h 6m 5s+315ms</span> 
						</div> 
					</div>
					<div class='col l2 m4 s12'>
						<div class='card suite-total-time-overall'> 
							<span class='panel-name'>Total Time Taken (Overall)</span> 
							<span class='suite-total-time-overall-value panel-lead'>0h 6m 5s+315ms</span> 
						</div> 
					</div>
					<div class='col l2 m4 s6 suite-start-time'>
						<div class='card accent green-accent'> 
							<span class='panel-name'>Start</span> 
							<span class='panel-lead suite-started-time'>2020-07-21 09:38:09</span> 
						</div> 
					</div>
					<div class='col l2 m4 s6 suite-end-time'>
						<div class='card accent pink-accent'> 
							<span class='panel-name'>End</span> 
							<span class='panel-lead suite-ended-time'>2020-07-21 09:44:14</span> 
						</div> 
					</div>
				</div>
				<div class='charts'>
					<div class='col s12 m6 l4 fh'> 
						<div class='card-panel'> 
							<div>
								<span class='panel-name'>Tests View</span>
							</div> 
							<div class='panel-setting modal-trigger test-count-setting right'>
								<a href='#test-count-setting'><i class='mdi-navigation-more-vert text-md'></i></a>
							</div> 
							<div class='chart-box'>
								<canvas class='text-centered' id='test-analysis'></canvas>
							</div> 
							<div>
								<span class='weight-light'><span class='t-pass-count weight-normal'></span> test(s) passed</span>
							</div> 
							<div>
								<span class='weight-light'><span class='t-fail-count weight-normal'></span> test(s) failed, <span class='t-others-count weight-normal'></span> others</span>
							</div> 
						</div> 
					</div> 
					<div class='col s12 m6 l4 fh'> 
						<div class='card-panel'> 
							<div>
								<span class='panel-name'>Steps View</span>
							</div> 
							<div class='panel-setting modal-trigger step-status-filter right'>
								<a href='#step-status-filter'><i class='mdi-navigation-more-vert text-md'></i></a>
							</div> 
							<div class='chart-box'>
								<canvas class='text-centered' id='step-analysis'></canvas>
							</div> 
							<div>
								<span class='weight-light'><span class='s-pass-count weight-normal'></span> step(s) passed </span>
							</div> 
							<div>
								<span class='weight-light'><span class='s-fail-count weight-normal'></span> step(s) failed, <span class='s-others-count weight-normal'></span> others</span>
							</div> 
						</div> 
					</div>
					<div class='col s12 m12 l4 fh'> 
						<div class='card-panel'> 
							<span class='panel-name'>Pass Percentage</span> 
							<span class='pass-percentage panel-lead'></span> 
							<div class='progress light-blue lighten-3'> 
								<div class='determinate light-blue'></div> 
							</div> 
						</div> 
					</div>
				</div>
				<div class='system-view'>
					<div class='col l4 m12 s12'>
						<div class='card-panel'>
							<span class='label info outline right'>Environment</span>
							<table>
								<thead>
									<tr>
										<th>Param</th>
										<th>Value</th>
									</tr>
								</thead>
								<tbody>
										<tr>
											<td>User Name</td>
											<td>karth</td>
										</tr>
										<tr>
											<td>OS</td>
											<td>Windows 10</td>
										</tr>
										<tr>
											<td>Java Version</td>
											<td>14.0.1</td>
										</tr>
										<tr>
											<td>Host Name</td>
											<td>DESKTOP-E8LPHKO</td>
										</tr>
								</tbody>
							</table>
						</div>
					</div>
				</div>
			</div>
			<!-- /dashboard -->
			
			<!-- tests -->
			<div id='test-view' class='row _addedTable'>
				<div class='col _addedCell1'>
					<div class='contents'>
						<div class='card-panel heading'>
							<h5>Tests</h5>
						</div>
						<div class='card-panel filters'>
							<div>
								<a class='dropdown-button btn-floating btn-small waves-effect waves-light grey tests-toggle' data-activates='tests-toggle' data-constrainwidth='true' data-beloworigin='true' data-hover='true' href='#'>
									<i class='mdi-action-reorder'></i>
								</a>
								<ul id='tests-toggle' class='dropdown-content'>
									<li class='pass'><a href='#!'>Pass</a></li>
									<li class='fail'><a href='#!'>Fail</a></li>
									<li class='skip'><a href='#!'>Skip</a></li>
									<li class='divider'></li>
									<li class='clear'><a href='#!'>Clear Filters</a></li>
								</ul>
							</div>
							<div>
								<a class='btn-floating btn-small waves-effect waves-light grey' id='clear-filters' alt='Clear Filters' title='Clear Filters'>
									<i class='mdi-navigation-close'></i>
								</a>
							</div>
							<div>
								<a class='btn-floating btn-small waves-effect waves-light grey' id='enableDashboard' alt='Enable Dashboard' title='Enable Dashboard'>
									<i class='mdi-action-track-changes'></i>
								</a>
							</div>
							<div>
								<a class='btn-floating btn-small waves-effect waves-light blue enabled' id='refreshCharts' alt='Refresh Charts on Filters' title='Refresh Charts on Filters'>
									<i class='mdi-navigation-refresh'></i>
								</a>
							</div>
							<div class='search' alt='Search Tests' title='Search Tests'>
								<div class='input-field left'>
									<input id='searchTests' type='text' class='validate' placeholder='Search Tests...'>
								</div>
								<a href="#" class='btn-floating btn-small waves-effect waves-light grey'>
									<i class='mdi-action-search'></i>
								</a>
							</div>
						</div>
						<div class='card-panel no-padding-h no-padding-v no-margin-v'>
							<div class='wrapper'>
								<ul id='test-collection' class='test-collection'>
										<li class='collection-item test displayed active fail hasChildren' extentid='09d254d5-9003-4770-bd54-448f372d01a5'>
											<div class='test-head'>
												<span class='test-name'>TC01_Login_Validation </span>
												<span class='test-status label right outline capitalize fail'>fail</span>
												<span class='category-assigned hide '></span>
											</div>
											<div class='test-body'>
												<div class='test-info'>
													<span title='Test started time' alt='Test started time' class='test-started-time label green lighten-1 text-white'>2020-07-21 09:38:09</span>
													<span title='Test ended time' alt='Test ended time' class='test-ended-time label red lighten-1 text-white'>2020-07-21 09:38:41</span>
													<span title='Time taken to finish' alt='Time taken to finish' class='test-time-taken label blue-grey lighten-3 text-white'>0h 0m 32s+104ms</span>
												</div>
												<div class='test-desc'></div>
												<div class='test-attributes'>
												</div>
												<div class='test-steps'>
													<table class='bordered table-results'>
														<thead>
															<tr>
																<th>Status</th>
																<th>Timestamp</th>
																<th>Details</th>
															</tr>
														</thead>
														<tbody>
														</tbody>
													</table>
													<ul class='collapsible node-list' data-collapsible='accordion'>
																	<li class='displayed pass node-1x'>
																		<div class='collapsible-header test-node pass'>
																			<div class='right test-info'>
																				<span title='Test started time' alt='Test started time' class='test-started-time label green lighten-2 text-white'>2020-07-21 09:38:09</span>
																				<span title='Test ended time' alt='Test ended time' class='test-ended-time label red lighten-2 text-white'>2020-07-21 09:38:16</span>
																				<span title='Time taken to finish' alt='Time taken to finish' class='test-time-taken label blue-grey lighten-2 text-white'>0h 0m 7s+702ms</span>
																				<span class='test-status label outline capitalize pass'>pass</span>
																			</div>
																			<div class='test-node-name'>#-1 : Logging in to the AUT</div>
																				<div class='test-node-desc'></div>
																		</div>
																		<div class='collapsible-body'>
																			<div class='test-steps'>
																				<table class='bordered table-results'>
																					<thead>
																						<tr>
																							<th>Status</th>
																							<th>Timestamp</th>
																							<th>Details</th>
																						</tr>
																					</thead>
																					<tbody>
																							<tr>
																								<td class='status info' title='info' alt='info'><i class='mdi-action-info-outline'></i></td>
																								<td class='timestamp'>09:38:16</td>
																								<td class='step-details'>TSID : #-1</td>
																							</tr>
																							<tr>
																								<td class='status info' title='info' alt='info'><i class='mdi-action-info-outline'></i></td>
																								<td class='timestamp'>09:38:16</td>
																								<td class='step-details'>Keyword : openBrowser</td>
																							</tr>
																							<tr>
																								<td class='status info' title='info' alt='info'><i class='mdi-action-info-outline'></i></td>
																								<td class='timestamp'>09:38:16</td>
																								<td class='step-details'>Element Id: -</td>
																							</tr>
																							<tr>
																								<td class='status info' title='info' alt='info'><i class='mdi-action-info-outline'></i></td>
																								<td class='timestamp'>09:38:16</td>
																								<td class='step-details'>Test Data: chrome</td>
																							</tr>
																							<tr>
																								<td class='status pass' title='pass' alt='pass'><i class='mdi-action-check-circle'></i></td>
																								<td class='timestamp'>09:38:16</td>
																								<td class='step-details'>-</td>
																							</tr>
																							<tr>
																								<td class='status info' title='info' alt='info'><i class='mdi-action-info-outline'></i></td>
																								<td class='timestamp'>09:38:16</td>
																								<td class='step-details'>Test Data Set: Chrome</td>
																							</tr>
																					</tbody>
																				</table>
																			</div>
																		</div>
																	</li>
																	<li class='displayed pass node-1x'>
																		<div class='collapsible-header test-node pass'>
																			<div class='right test-info'>
																				<span title='Test started time' alt='Test started time' class='test-started-time label green lighten-2 text-white'>2020-07-21 09:38:16</span>
																				<span title='Test ended time' alt='Test ended time' class='test-ended-time label red lighten-2 text-white'>2020-07-21 09:38:24</span>
																				<span title='Time taken to finish' alt='Time taken to finish' class='test-time-taken label blue-grey lighten-2 text-white'>0h 0m 7s+897ms</span>
																				<span class='test-status label outline capitalize pass'>pass</span>
																			</div>
																			<div class='test-node-name'>#-2 : Navigate to the application url</div>
																				<div class='test-node-desc'></div>
																		</div>
																		<div class='collapsible-body'>
																			<div class='test-steps'>
																				<table class='bordered table-results'>
																					<thead>
																						<tr>
																							<th>Status</th>
																							<th>Timestamp</th>
																							<th>Details</th>
																						</tr>
																					</thead>
																					<tbody>
																							<tr>
																								<td class='status info' title='info' alt='info'><i class='mdi-action-info-outline'></i></td>
																								<td class='timestamp'>09:38:24</td>
																								<td class='step-details'>TSID : #-2</td>
																							</tr>
																							<tr>
																								<td class='status info' title='info' alt='info'><i class='mdi-action-info-outline'></i></td>
																								<td class='timestamp'>09:38:24</td>
																								<td class='step-details'>Keyword : navigateBrowser</td>
																							</tr>
																							<tr>
																								<td class='status info' title='info' alt='info'><i class='mdi-action-info-outline'></i></td>
																								<td class='timestamp'>09:38:24</td>
																								<td class='step-details'>Element Id: -</td>
																							</tr>
																							<tr>
																								<td class='status info' title='info' alt='info'><i class='mdi-action-info-outline'></i></td>
																								<td class='timestamp'>09:38:24</td>
																								<td class='step-details'>Test Data: https://anyaut.com/X/</td>
																							</tr>
																							<tr>
																								<td class='status pass' title='pass' alt='pass'><i class='mdi-action-check-circle'></i></td>
																								<td class='timestamp'>09:38:24</td>
																								<td class='step-details'>-</td>
																							</tr>
																							<tr>
																								<td class='status info' title='info' alt='info'><i class='mdi-action-info-outline'></i></td>
																								<td class='timestamp'>09:38:24</td>
																								<td class='step-details'>Test Data Set: Chrome</td>
																							</tr>
																					</tbody>
																				</table>
																			</div>
																		</div>
																	</li>
																	<li class='displayed pass node-1x'>
																		<div class='collapsible-header test-node pass'>
																			<div class='right test-info'>
																				<span title='Test started time' alt='Test started time' class='test-started-time label green lighten-2 text-white'>2020-07-21 09:38:24</span>
																				<span title='Test ended time' alt='Test ended time' class='test-ended-time label red lighten-2 text-white'>2020-07-21 09:38:25</span>
																				<span title='Time taken to finish' alt='Time taken to finish' class='test-time-taken label blue-grey lighten-2 text-white'>0h 0m 1s+95ms</span>
																				<span class='test-status label outline capitalize pass'>pass</span>
																			</div>
																			<div class='test-node-name'>#-3 : Wait for the page load</div>
																				<div class='test-node-desc'></div>
																		</div>
																		<div class='collapsible-body'>
																			<div class='test-steps'>
																				<table class='bordered table-results'>
																					<thead>
																						<tr>
																							<th>Status</th>
																							<th>Timestamp</th>
																							<th>Details</th>
																						</tr>
																					</thead>
																					<tbody>
																							<tr>
																								<td class='status info' title='info' alt='info'><i class='mdi-action-info-outline'></i></td>
																								<td class='timestamp'>09:38:25</td>
																								<td class='step-details'>TSID : #-3</td>
																							</tr>
																							<tr>
																								<td class='status info' title='info' alt='info'><i class='mdi-action-info-outline'></i></td>
																								<td class='timestamp'>09:38:25</td>
																								<td class='step-details'>Keyword : waitForSeconds</td>
																							</tr>
																							<tr>
																								<td class='status info' title='info' alt='info'><i class='mdi-action-info-outline'></i></td>
																								<td class='timestamp'>09:38:25</td>
																								<td class='step-details'>Element Id: -</td>
																							</tr>
																							<tr>
																								<td class='status info' title='info' alt='info'><i class='mdi-action-info-outline'></i></td>
																								<td class='timestamp'>09:38:25</td>
																								<td class='step-details'>Test Data: 1</td>
																							</tr>
																							<tr>
																								<td class='status pass' title='pass' alt='pass'><i class='mdi-action-check-circle'></i></td>
																								<td class='timestamp'>09:38:25</td>
																								<td class='step-details'>-</td>
																							</tr>
																							<tr>
																								<td class='status info' title='info' alt='info'><i class='mdi-action-info-outline'></i></td>
																								<td class='timestamp'>09:38:25</td>
																								<td class='step-details'>Test Data Set: Chrome</td>
																							</tr>
																					</tbody>
																				</table>
																			</div>
																		</div>
																	</li>
																	<li class='displayed pass node-1x'>
																		<div class='collapsible-header test-node pass'>
																			<div class='right test-info'>
																				<span title='Test started time' alt='Test started time' class='test-started-time label green lighten-2 text-white'>2020-07-21 09:38:25</span>
																				<span title='Test ended time' alt='Test ended time' class='test-ended-time label red lighten-2 text-white'>2020-07-21 09:38:27</span>
																				<span title='Time taken to finish' alt='Time taken to finish' class='test-time-taken label blue-grey lighten-2 text-white'>0h 0m 1s+429ms</span>
																				<span class='test-status label outline capitalize pass'>pass</span>
																			</div>
																			<div class='test-node-name'>#-4 : Click on Login</div>
																				<div class='test-node-desc'></div>
																		</div>
																		<div class='collapsible-body'>
																			<div class='test-steps'>
																				<table class='bordered table-results'>
																					<thead>
																						<tr>
																							<th>Status</th>
																							<th>Timestamp</th>
																							<th>Details</th>
																						</tr>
																					</thead>
																					<tbody>
																							<tr>
																								<td class='status info' title='info' alt='info'><i class='mdi-action-info-outline'></i></td>
																								<td class='timestamp'>09:38:27</td>
																								<td class='step-details'>TSID : #-4</td>
																							</tr>
																							<tr>
																								<td class='status info' title='info' alt='info'><i class='mdi-action-info-outline'></i></td>
																								<td class='timestamp'>09:38:27</td>
																								<td class='step-details'>Keyword : clickElement</td>
																							</tr>
																							<tr>
																								<td class='status info' title='info' alt='info'><i class='mdi-action-info-outline'></i></td>
																								<td class='timestamp'>09:38:27</td>
																								<td class='step-details'>Element Id: //*[@id="bs-example-navbar-collapse-1"]/ul/li[4]/a</td>
																							</tr>
																							<tr>
																								<td class='status info' title='info' alt='info'><i class='mdi-action-info-outline'></i></td>
																								<td class='timestamp'>09:38:27</td>
																								<td class='step-details'>Test Data:</td>
																							</tr>
																							<tr>
																								<td class='status pass' title='pass' alt='pass'><i class='mdi-action-check-circle'></i></td>
																								<td class='timestamp'>09:38:27</td>
																								<td class='step-details'>-</td>
																							</tr>
																							<tr>
																								<td class='status info' title='info' alt='info'><i class='mdi-action-info-outline'></i></td>
																								<td class='timestamp'>09:38:27</td>
																								<td class='step-details'>Test Data Set: Chrome</td>
																							</tr>
																					</tbody>
																				</table>
																			</div>
																		</div>
																	</li>
																	<li class='displayed pass node-1x'>
																		<div class='collapsible-header test-node pass'>
																			<div class='right test-info'>
																				<span title='Test started time' alt='Test started time' class='test-started-time label green lighten-2 text-white'>2020-07-21 09:38:27</span>
																				<span title='Test ended time' alt='Test ended time' class='test-ended-time label red lighten-2 text-white'>2020-07-21 09:38:28</span>
																				<span title='Time taken to finish' alt='Time taken to finish' class='test-time-taken label blue-grey lighten-2 text-white'>0h 0m 1s+32ms</span>
																				<span class='test-status label outline capitalize pass'>pass</span>
																			</div>
																			<div class='test-node-name'>#-5 : wait for page to load</div>
																				<div class='test-node-desc'></div>
																		</div>
																		<div class='collapsible-body'>
																			<div class='test-steps'>
																				<table class='bordered table-results'>
																					<thead>
																						<tr>
																							<th>Status</th>
																							<th>Timestamp</th>
																							<th>Details</th>
																						</tr>
																					</thead>
																					<tbody>
																							<tr>
																								<td class='status info' title='info' alt='info'><i class='mdi-action-info-outline'></i></td>
																								<td class='timestamp'>09:38:28</td>
																								<td class='step-details'>TSID : #-5</td>
																							</tr>
																							<tr>
																								<td class='status info' title='info' alt='info'><i class='mdi-action-info-outline'></i></td>
																								<td class='timestamp'>09:38:28</td>
																								<td class='step-details'>Keyword : waitForSeconds</td>
																							</tr>
																							<tr>
																								<td class='status info' title='info' alt='info'><i class='mdi-action-info-outline'></i></td>
																								<td class='timestamp'>09:38:28</td>
																								<td class='step-details'>Element Id: -</td>
																							</tr>
																							<tr>
																								<td class='status info' title='info' alt='info'><i class='mdi-action-info-outline'></i></td>
																								<td class='timestamp'>09:38:28</td>
																								<td class='step-details'>Test Data: 1</td>
																							</tr>
																							<tr>
																								<td class='status pass' title='pass' alt='pass'><i class='mdi-action-check-circle'></i></td>
																								<td class='timestamp'>09:38:28</td>
																								<td class='step-details'>-</td>
																							</tr>
																							<tr>
																								<td class='status info' title='info' alt='info'><i class='mdi-action-info-outline'></i></td>
																								<td class='timestamp'>09:38:28</td>
																								<td class='step-details'>Test Data Set: Chrome</td>
																							</tr>
																					</tbody>
																				</table>
																			</div>
																		</div>
																	</li>
																	<li class='displayed fail node-1x'>
																		<div class='collapsible-header test-node fail'>
																			<div class='right test-info'>
																				<span title='Test started time' alt='Test started time' class='test-started-time label green lighten-2 text-white'>2020-07-21 09:38:28</span>
																				<span title='Test ended time' alt='Test ended time' class='test-ended-time label red lighten-2 text-white'>2020-07-21 09:38:41</span>
																				<span title='Time taken to finish' alt='Time taken to finish' class='test-time-taken label blue-grey lighten-2 text-white'>0h 0m 12s+825ms</span>
																				<span class='test-status label outline capitalize fail'>fail</span>
																			</div>
																			<div class='test-node-name'>#-6 : clicking the profile button</div>
																				<div class='test-node-desc'></div>
																		</div>
																		<div class='collapsible-body'>
																			<div class='test-steps'>
																				<table class='bordered table-results'>
																					<thead>
																						<tr>
																							<th>Status</th>
																							<th>Timestamp</th>
																							<th>Details</th>
																						</tr>
																					</thead>
																					<tbody>
																							<tr>
																								<td class='status info' title='info' alt='info'><i class='mdi-action-info-outline'></i></td>
																								<td class='timestamp'>09:38:41</td>
																								<td class='step-details'>TSID : #-6</td>
																							</tr>
																							<tr>
																								<td class='status info' title='info' alt='info'><i class='mdi-action-info-outline'></i></td>
																								<td class='timestamp'>09:38:41</td>
																								<td class='step-details'>Keyword: clickElement</td>
																							</tr>
																							<tr>
																								<td class='status info' title='info' alt='info'><i class='mdi-action-info-outline'></i></td>
																								<td class='timestamp'>09:38:41</td>
																								<td class='step-details'>Element Id: //div/div/div[2]/div/nav/ul/li/a</td>
																							</tr>
																							<tr>
																								<td class='status info' title='info' alt='info'><i class='mdi-action-info-outline'></i></td>
																								<td class='timestamp'>09:38:41</td>
																								<td class='step-details'>Test Data: -</td>
																							</tr>
																							<tr>
																								<td class='status fail' title='fail' alt='fail'><i class='mdi-navigation-cancel'></i></td>
																								<td class='timestamp'>09:38:41</td>
																								<td class='step-details'>-</td>
																							</tr>
																							<tr>
																								<td class='status info' title='info' alt='info'><i class='mdi-action-info-outline'></i></td>
																								<td class='timestamp'>09:38:41</td>
																								<td class='step-details'>Error : org.openqa.selenium.NoSuchElementException: no such element: Unable to locate element: {"method":"xpath","selector":"//div/div/div[2]/div/nav/ul/li/a"}
  (Session info: chrome=83.0.4103.116)
For documentation on this error, please visit: http://seleniumhq.org/exceptions/no_such_element.html
Build info: version: 'unknown', revision: 'unknown', time: 'unknown'
System info: host: 'DESKTOP-E8LPHKO', ip: '192.168.1.101', os.name: 'Windows 10', os.arch: 'amd64', os.version: '10.0', java.version: '14.0.1'
Driver info: org.openqa.selenium.chrome.ChromeDriver
Capabilities [{networkConnectionEnabled=false, chrome={chromedriverVersion=83.0.4103.39 (ccbf011cb2d2b19b506d844400483861342c20cd-refs/branch-heads/4103@{#416}), userDataDir=C:\Users\karth\AppData\Local\Temp\scoped_dir23408_1444178710}, timeouts={implicit=0, pageLoad=300000, script=30000}, pageLoadStrategy=normal, unhandledPromptBehavior=dismiss and notify, strictFileInteractability=false, platform=XP, proxy=Proxy(), goog:chromeOptions={debuggerAddress=localhost:63625}, acceptInsecureCerts=false, browserVersion=83.0.4103.116, browserName=chrome, javascriptEnabled=true, platformName=XP, setWindowRect=true, webauthn:virtualAuthenticators=true}]
Session ID: 45e35af4fea97dab9b38f2d3965187a4
*** Element info: {Using=xpath, value=//div/div/div[2]/div/nav/ul/li/a}</td>
																							</tr>
																							<tr>
																								<td class='status info' title='info' alt='info'><i class='mdi-action-info-outline'></i></td>
																								<td class='timestamp'>09:38:41</td>
																								<td class='step-details'>Test Data Set: Chrome</td>
																							</tr>
																							<tr>
																								<td class='status info' title='info' alt='info'><i class='mdi-action-info-outline'></i></td>
																								<td class='timestamp'>09:38:41</td>
																								<td class='step-details'>Error Snapshot:<a href='C:\AAX-Live\AAX-v1.9.0 - SRC\Results\TestRun_21Jul_0937\Screenshots\07212020 09.38.09 AM\TC01_Login_Validation_clicking the profile button_07212020 09.38.40 AM.png' data-featherlight='image'><img class='report-img' src='file:///C:\AAX-Live\AAX-v1.9.0 - SRC\Results\TestRun_21Jul_0937\Screenshots\07212020 09.38.09 AM\TC01_Login_Validation_clicking the profile button_07212020 09.38.40 AM.png' /></a></td>
																							</tr>
																							<tr>
																								<td class='status error' title='error' alt='error'><i class='mdi-alert-error'></i></td>
																								<td class='timestamp'>09:38:41</td>
																								<td class='step-details'>Critical Step Failed. Closing browser and stopping TC execution.</td>
																							</tr>
																					</tbody>
																				</table>
																			</div>
																		</div>
																	</li>
													</ul>
												</div>
											</div>
										</li>
										<li class='collection-item test displayed active fail hasChildren' extentid='4bbcf1a1-71fa-4776-8d4c-2efc213da27e'>
											<div class='test-head'>
												<span class='test-name'>TC02_DashBoard_UI_Validation </span>
												<span class='test-status label right outline capitalize fail'>fail</span>
												<span class='category-assigned hide '></span>
											</div>
											<div class='test-body'>
												<div class='test-info'>
													<span title='Test started time' alt='Test started time' class='test-started-time label green lighten-1 text-white'>2020-07-21 09:38:41</span>
													<span title='Test ended time' alt='Test ended time' class='test-ended-time label red lighten-1 text-white'>2020-07-21 09:39:26</span>
													<span title='Time taken to finish' alt='Time taken to finish' class='test-time-taken label blue-grey lighten-3 text-white'>0h 0m 44s+577ms</span>
												</div>
												<div class='test-desc'></div>
												<div class='test-attributes'>
												</div>
												<div class='test-steps'>
													<table class='bordered table-results'>
														<thead>
															<tr>
																<th>Status</th>
																<th>Timestamp</th>
																<th>Details</th>
															</tr>
														</thead>
														<tbody>
														</tbody>
													</table>
													<ul class='collapsible node-list' data-collapsible='accordion'>
																	<li class='displayed pass node-1x'>
																		<div class='collapsible-header test-node pass'>
																			<div class='right test-info'>
																				<span title='Test started time' alt='Test started time' class='test-started-time label green lighten-2 text-white'>2020-07-21 09:38:41</span>
																				<span title='Test ended time' alt='Test ended time' class='test-ended-time label red lighten-2 text-white'>2020-07-21 09:38:47</span>
																				<span title='Time taken to finish' alt='Time taken to finish' class='test-time-taken label blue-grey lighten-2 text-white'>0h 0m 6s+206ms</span>
																				<span class='test-status label outline capitalize pass'>pass</span>
																			</div>
																			<div class='test-node-name'>#-1 : Logging in to the AUT</div>
																				<div class='test-node-desc'></div>
																		</div>
																		<div class='collapsible-body'>
																			<div class='test-steps'>
																				<table class='bordered table-results'>
																					<thead>
																						<tr>
																							<th>Status</th>
																							<th>Timestamp</th>
																							<th>Details</th>
																						</tr>
																					</thead>
																					<tbody>
																							<tr>
																								<td class='status info' title='info' alt='info'><i class='mdi-action-info-outline'></i></td>
																								<td class='timestamp'>09:38:47</td>
																								<td class='step-details'>TSID : #-1</td>
																							</tr>
																							<tr>
																								<td class='status info' title='info' alt='info'><i class='mdi-action-info-outline'></i></td>
																								<td class='timestamp'>09:38:47</td>
																								<td class='step-details'>Keyword : openBrowser</td>
																							</tr>
																							<tr>
																								<td class='status info' title='info' alt='info'><i class='mdi-action-info-outline'></i></td>
																								<td class='timestamp'>09:38:47</td>
																								<td class='step-details'>Element Id: -</td>
																							</tr>
																							<tr>
																								<td class='status info' title='info' alt='info'><i class='mdi-action-info-outline'></i></td>
																								<td class='timestamp'>09:38:47</td>
																								<td class='step-details'>Test Data: chrome</td>
																							</tr>
																							<tr>
																								<td class='status pass' title='pass' alt='pass'><i class='mdi-action-check-circle'></i></td>
																								<td class='timestamp'>09:38:47</td>
																								<td class='step-details'>-</td>
																							</tr>
																							<tr>
																								<td class='status info' title='info' alt='info'><i class='mdi-action-info-outline'></i></td>
																								<td class='timestamp'>09:38:47</td>
																								<td class='step-details'>Test Data Set: Chrome</td>
																							</tr>
																					</tbody>
																				</table>
																			</div>
																		</div>
																	</li>
																	<li class='displayed pass node-1x'>
																		<div class='collapsible-header test-node pass'>
																			<div class='right test-info'>
																				<span title='Test started time' alt='Test started time' class='test-started-time label green lighten-2 text-white'>2020-07-21 09:38:47</span>
																				<span title='Test ended time' alt='Test ended time' class='test-ended-time label red lighten-2 text-white'>2020-07-21 09:38:56</span>
																				<span title='Time taken to finish' alt='Time taken to finish' class='test-time-taken label blue-grey lighten-2 text-white'>0h 0m 9s+15ms</span>
																				<span class='test-status label outline capitalize pass'>pass</span>
																			</div>
																			<div class='test-node-name'>#-2 : Navigate to the application url</div>
																				<div class='test-node-desc'></div>
																		</div>
																		<div class='collapsible-body'>
																			<div class='test-steps'>
																				<table class='bordered table-results'>
																					<thead>
																						<tr>
																							<th>Status</th>
																							<th>Timestamp</th>
																							<th>Details</th>
																						</tr>
																					</thead>
																					<tbody>
																							<tr>
																								<td class='status info' title='info' alt='info'><i class='mdi-action-info-outline'></i></td>
																								<td class='timestamp'>09:38:56</td>
																								<td class='step-details'>TSID : #-2</td>
																							</tr>
																							<tr>
																								<td class='status info' title='info' alt='info'><i class='mdi-action-info-outline'></i></td>
																								<td class='timestamp'>09:38:56</td>
																								<td class='step-details'>Keyword : navigateBrowser</td>
																							</tr>
																							<tr>
																								<td class='status info' title='info' alt='info'><i class='mdi-action-info-outline'></i></td>
																								<td class='timestamp'>09:38:56</td>
																								<td class='step-details'>Element Id: -</td>
																							</tr>
																							<tr>
																								<td class='status info' title='info' alt='info'><i class='mdi-action-info-outline'></i></td>
																								<td class='timestamp'>09:38:56</td>
																								<td class='step-details'>Test Data: https://anyaut.com/X/</td>
																							</tr>
																							<tr>
																								<td class='status pass' title='pass' alt='pass'><i class='mdi-action-check-circle'></i></td>
																								<td class='timestamp'>09:38:56</td>
																								<td class='step-details'>-</td>
																							</tr>
																							<tr>
																								<td class='status info' title='info' alt='info'><i class='mdi-action-info-outline'></i></td>
																								<td class='timestamp'>09:38:56</td>
																								<td class='step-details'>Test Data Set: Chrome</td>
																							</tr>
																					</tbody>
																				</table>
																			</div>
																		</div>
																	</li>
																	<li class='displayed pass node-1x'>
																		<div class='collapsible-header test-node pass'>
																			<div class='right test-info'>
																				<span title='Test started time' alt='Test started time' class='test-started-time label green lighten-2 text-white'>2020-07-21 09:38:56</span>
																				<span title='Test ended time' alt='Test ended time' class='test-ended-time label red lighten-2 text-white'>2020-07-21 09:38:58</span>
																				<span title='Time taken to finish' alt='Time taken to finish' class='test-time-taken label blue-grey lighten-2 text-white'>0h 0m 1s+35ms</span>
																				<span class='test-status label outline capitalize pass'>pass</span>
																			</div>
																			<div class='test-node-name'>#-3 : Wait for the page load</div>
																				<div class='test-node-desc'></div>
																		</div>
																		<div class='collapsible-body'>
																			<div class='test-steps'>
																				<table class='bordered table-results'>
																					<thead>
																						<tr>
																							<th>Status</th>
																							<th>Timestamp</th>
																							<th>Details</th>
																						</tr>
																					</thead>
																					<tbody>
																							<tr>
																								<td class='status info' title='info' alt='info'><i class='mdi-action-info-outline'></i></td>
																								<td class='timestamp'>09:38:58</td>
																								<td class='step-details'>TSID : #-3</td>
																							</tr>
																							<tr>
																								<td class='status info' title='info' alt='info'><i class='mdi-action-info-outline'></i></td>
																								<td class='timestamp'>09:38:58</td>
																								<td class='step-details'>Keyword : waitForSeconds</td>
																							</tr>
																							<tr>
																								<td class='status info' title='info' alt='info'><i class='mdi-action-info-outline'></i></td>
																								<td class='timestamp'>09:38:58</td>
																								<td class='step-details'>Element Id: -</td>
																							</tr>
																							<tr>
																								<td class='status info' title='info' alt='info'><i class='mdi-action-info-outline'></i></td>
																								<td class='timestamp'>09:38:58</td>
																								<td class='step-details'>Test Data: 1</td>
																							</tr>
																							<tr>
																								<td class='status pass' title='pass' alt='pass'><i class='mdi-action-check-circle'></i></td>
																								<td class='timestamp'>09:38:58</td>
																								<td class='step-details'>-</td>
																							</tr>
																							<tr>
																								<td class='status info' title='info' alt='info'><i class='mdi-action-info-outline'></i></td>
																								<td class='timestamp'>09:38:58</td>
																								<td class='step-details'>Test Data Set: Chrome</td>
																							</tr>
																					</tbody>
																				</table>
																			</div>
																		</div>
																	</li>
																	<li class='displayed pass node-1x'>
																		<div class='collapsible-header test-node pass'>
																			<div class='right test-info'>
																				<span title='Test started time' alt='Test started time' class='test-started-time label green lighten-2 text-white'>2020-07-21 09:38:58</span>
																				<span title='Test ended time' alt='Test ended time' class='test-ended-time label red lighten-2 text-white'>2020-07-21 09:38:59</span>
																				<span title='Time taken to finish' alt='Time taken to finish' class='test-time-taken label blue-grey lighten-2 text-white'>0h 0m 1s+556ms</span>
																				<span class='test-status label outline capitalize pass'>pass</span>
																			</div>
																			<div class='test-node-name'>#-4 : Click on Login</div>
																				<div class='test-node-desc'></div>
																		</div>
																		<div class='collapsible-body'>
																			<div class='test-steps'>
																				<table class='bordered table-results'>
																					<thead>
																						<tr>
																							<th>Status</th>
																							<th>Timestamp</th>
																							<th>Details</th>
																						</tr>
																					</thead>
																					<tbody>
																							<tr>
																								<td class='status info' title='info' alt='info'><i class='mdi-action-info-outline'></i></td>
																								<td class='timestamp'>09:38:59</td>
																								<td class='step-details'>TSID : #-4</td>
																							</tr>
																							<tr>
																								<td class='status info' title='info' alt='info'><i class='mdi-action-info-outline'></i></td>
																								<td class='timestamp'>09:38:59</td>
																								<td class='step-details'>Keyword : clickElement</td>
																							</tr>
																							<tr>
																								<td class='status info' title='info' alt='info'><i class='mdi-action-info-outline'></i></td>
																								<td class='timestamp'>09:38:59</td>
																								<td class='step-details'>Element Id: //*[@id="bs-example-navbar-collapse-1"]/ul/li[4]/a</td>
																							</tr>
																							<tr>
																								<td class='status info' title='info' alt='info'><i class='mdi-action-info-outline'></i></td>
																								<td class='timestamp'>09:38:59</td>
																								<td class='step-details'>Test Data:</td>
																							</tr>
																							<tr>
																								<td class='status pass' title='pass' alt='pass'><i class='mdi-action-check-circle'></i></td>
																								<td class='timestamp'>09:38:59</td>
																								<td class='step-details'>-</td>
																							</tr>
																							<tr>
																								<td class='status info' title='info' alt='info'><i class='mdi-action-info-outline'></i></td>
																								<td class='timestamp'>09:38:59</td>
																								<td class='step-details'>Test Data Set: Chrome</td>
																							</tr>
																					</tbody>
																				</table>
																			</div>
																		</div>
																	</li>
																	<li class='displayed pass node-1x'>
																		<div class='collapsible-header test-node pass'>
																			<div class='right test-info'>
																				<span title='Test started time' alt='Test started time' class='test-started-time label green lighten-2 text-white'>2020-07-21 09:38:59</span>
																				<span title='Test ended time' alt='Test ended time' class='test-ended-time label red lighten-2 text-white'>2020-07-21 09:39:00</span>
																				<span title='Time taken to finish' alt='Time taken to finish' class='test-time-taken label blue-grey lighten-2 text-white'>0h 0m 1s+39ms</span>
																				<span class='test-status label outline capitalize pass'>pass</span>
																			</div>
																			<div class='test-node-name'>#-5 : wait for page to load</div>
																				<div class='test-node-desc'></div>
																		</div>
																		<div class='collapsible-body'>
																			<div class='test-steps'>
																				<table class='bordered table-results'>
																					<thead>
																						<tr>
																							<th>Status</th>
																							<th>Timestamp</th>
																							<th>Details</th>
																						</tr>
																					</thead>
																					<tbody>
																							<tr>
																								<td class='status info' title='info' alt='info'><i class='mdi-action-info-outline'></i></td>
																								<td class='timestamp'>09:39:00</td>
																								<td class='step-details'>TSID : #-5</td>
																							</tr>
																							<tr>
																								<td class='status info' title='info' alt='info'><i class='mdi-action-info-outline'></i></td>
																								<td class='timestamp'>09:39:00</td>
																								<td class='step-details'>Keyword : waitForSeconds</td>
																							</tr>
																							<tr>
																								<td class='status info' title='info' alt='info'><i class='mdi-action-info-outline'></i></td>
																								<td class='timestamp'>09:39:00</td>
																								<td class='step-details'>Element Id: -</td>
																							</tr>
																							<tr>
																								<td class='status info' title='info' alt='info'><i class='mdi-action-info-outline'></i></td>
																								<td class='timestamp'>09:39:00</td>
																								<td class='step-details'>Test Data: 1</td>
																							</tr>
																							<tr>
																								<td class='status pass' title='pass' alt='pass'><i class='mdi-action-check-circle'></i></td>
																								<td class='timestamp'>09:39:00</td>
																								<td class='step-details'>-</td>
																							</tr>
																							<tr>
																								<td class='status info' title='info' alt='info'><i class='mdi-action-info-outline'></i></td>
																								<td class='timestamp'>09:39:00</td>
																								<td class='step-details'>Test Data Set: Chrome</td>
																							</tr>
																					</tbody>
																				</table>
																			</div>
																		</div>
																	</li>
																	<li class='displayed pass node-1x'>
																		<div class='collapsible-header test-node pass'>
																			<div class='right test-info'>
																				<span title='Test started time' alt='Test started time' class='test-started-time label green lighten-2 text-white'>2020-07-21 09:39:00</span>
																				<span title='Test ended time' alt='Test ended time' class='test-ended-time label red lighten-2 text-white'>2020-07-21 09:39:12</span>
																				<span title='Time taken to finish' alt='Time taken to finish' class='test-time-taken label blue-grey lighten-2 text-white'>0h 0m 12s+86ms</span>
																				<span class='test-status label outline capitalize pass'>pass</span>
																			</div>
																			<div class='test-node-name'>#-6 : Verify title of the page</div>
																				<div class='test-node-desc'></div>
																		</div>
																		<div class='collapsible-body'>
																			<div class='test-steps'>
																				<table class='bordered table-results'>
																					<thead>
																						<tr>
																							<th>Status</th>
																							<th>Timestamp</th>
																							<th>Details</th>
																						</tr>
																					</thead>
																					<tbody>
																							<tr>
																								<td class='status info' title='info' alt='info'><i class='mdi-action-info-outline'></i></td>
																								<td class='timestamp'>09:39:00</td>
																								<td class='step-details'>TSID : #-6</td>
																							</tr>
																							<tr>
																								<td class='status info' title='info' alt='info'><i class='mdi-action-info-outline'></i></td>
																								<td class='timestamp'>09:39:00</td>
																								<td class='step-details'>Keyword : verifyTitle</td>
																							</tr>
																							<tr>
																								<td class='status info' title='info' alt='info'><i class='mdi-action-info-outline'></i></td>
																								<td class='timestamp'>09:39:00</td>
																								<td class='step-details'>Element Id: //div/div/div[3]/h1</td>
																							</tr>
																							<tr>
																								<td class='status info' title='info' alt='info'><i class='mdi-action-info-outline'></i></td>
																								<td class='timestamp'>09:39:00</td>
																								<td class='step-details'>Test Data: Dashboard | AnyAUT</td>
																							</tr>
																							<tr>
																								<td class='status pass' title='pass' alt='pass'><i class='mdi-action-check-circle'></i></td>
																								<td class='timestamp'>09:39:12</td>
																								<td class='step-details'>-</td>
																							</tr>
																							<tr>
																								<td class='status info' title='info' alt='info'><i class='mdi-action-info-outline'></i></td>
																								<td class='timestamp'>09:39:12</td>
																								<td class='step-details'>Test Data Set: Chrome</td>
																							</tr>
																					</tbody>
																				</table>
																			</div>
																		</div>
																	</li>
																	<li class='displayed pass node-1x'>
																		<div class='collapsible-header test-node pass'>
																			<div class='right test-info'>
																				<span title='Test started time' alt='Test started time' class='test-started-time label green lighten-2 text-white'>2020-07-21 09:39:12</span>
																				<span title='Test ended time' alt='Test ended time' class='test-ended-time label red lighten-2 text-white'>2020-07-21 09:39:13</span>
																				<span title='Time taken to finish' alt='Time taken to finish' class='test-time-taken label blue-grey lighten-2 text-white'>0h 0m 1s+45ms</span>
																				<span class='test-status label outline capitalize pass'>pass</span>
																			</div>
																			<div class='test-node-name'>#-7 : wait for page to load</div>
																				<div class='test-node-desc'></div>
																		</div>
																		<div class='collapsible-body'>
																			<div class='test-steps'>
																				<table class='bordered table-results'>
																					<thead>
																						<tr>
																							<th>Status</th>
																							<th>Timestamp</th>
																							<th>Details</th>
																						</tr>
																					</thead>
																					<tbody>
																							<tr>
																								<td class='status info' title='info' alt='info'><i class='mdi-action-info-outline'></i></td>
																								<td class='timestamp'>09:39:13</td>
																								<td class='step-details'>TSID : #-7</td>
																							</tr>
																							<tr>
																								<td class='status info' title='info' alt='info'><i class='mdi-action-info-outline'></i></td>
																								<td class='timestamp'>09:39:13</td>
																								<td class='step-details'>Keyword : waitForSeconds</td>
																							</tr>
																							<tr>
																								<td class='status info' title='info' alt='info'><i class='mdi-action-info-outline'></i></td>
																								<td class='timestamp'>09:39:13</td>
																								<td class='step-details'>Element Id: -</td>
																							</tr>
																							<tr>
																								<td class='status info' title='info' alt='info'><i class='mdi-action-info-outline'></i></td>
																								<td class='timestamp'>09:39:13</td>
																								<td class='step-details'>Test Data: 1</td>
																							</tr>
																							<tr>
																								<td class='status pass' title='pass' alt='pass'><i class='mdi-action-check-circle'></i></td>
																								<td class='timestamp'>09:39:13</td>
																								<td class='step-details'>-</td>
																							</tr>
																							<tr>
																								<td class='status info' title='info' alt='info'><i class='mdi-action-info-outline'></i></td>
																								<td class='timestamp'>09:39:13</td>
																								<td class='step-details'>Test Data Set: Chrome</td>
																							</tr>
																					</tbody>
																				</table>
																			</div>
																		</div>
																	</li>
																	<li class='displayed fail node-1x'>
																		<div class='collapsible-header test-node fail'>
																			<div class='right test-info'>
																				<span title='Test started time' alt='Test started time' class='test-started-time label green lighten-2 text-white'>2020-07-21 09:39:13</span>
																				<span title='Test ended time' alt='Test ended time' class='test-ended-time label red lighten-2 text-white'>2020-07-21 09:39:26</span>
																				<span title='Time taken to finish' alt='Time taken to finish' class='test-time-taken label blue-grey lighten-2 text-white'>0h 0m 12s+496ms</span>
																				<span class='test-status label outline capitalize fail'>fail</span>
																			</div>
																			<div class='test-node-name'>#-8 : Verify Test SetUp text</div>
																				<div class='test-node-desc'></div>
																		</div>
																		<div class='collapsible-body'>
																			<div class='test-steps'>
																				<table class='bordered table-results'>
																					<thead>
																						<tr>
																							<th>Status</th>
																							<th>Timestamp</th>
																							<th>Details</th>
																						</tr>
																					</thead>
																					<tbody>
																							<tr>
																								<td class='status info' title='info' alt='info'><i class='mdi-action-info-outline'></i></td>
																								<td class='timestamp'>09:39:26</td>
																								<td class='step-details'>TSID : #-8</td>
																							</tr>
																							<tr>
																								<td class='status info' title='info' alt='info'><i class='mdi-action-info-outline'></i></td>
																								<td class='timestamp'>09:39:26</td>
																								<td class='step-details'>Keyword: verifyText</td>
																							</tr>
																							<tr>
																								<td class='status info' title='info' alt='info'><i class='mdi-action-info-outline'></i></td>
																								<td class='timestamp'>09:39:26</td>
																								<td class='step-details'>Element Id: //div/div/div[3]/div[1]/h4</td>
																							</tr>
																							<tr>
																								<td class='status info' title='info' alt='info'><i class='mdi-action-info-outline'></i></td>
																								<td class='timestamp'>09:39:26</td>
																								<td class='step-details'>Test Data: Test Setup</td>
																							</tr>
																							<tr>
																								<td class='status fail' title='fail' alt='fail'><i class='mdi-navigation-cancel'></i></td>
																								<td class='timestamp'>09:39:26</td>
																								<td class='step-details'>-</td>
																							</tr>
																							<tr>
																								<td class='status info' title='info' alt='info'><i class='mdi-action-info-outline'></i></td>
																								<td class='timestamp'>09:39:26</td>
																								<td class='step-details'>Error : org.openqa.selenium.NoSuchElementException: no such element: Unable to locate element: {"method":"xpath","selector":"//div/div/div[3]/div[1]/h4"}
  (Session info: chrome=83.0.4103.116)
For documentation on this error, please visit: http://seleniumhq.org/exceptions/no_such_element.html
Build info: version: 'unknown', revision: 'unknown', time: 'unknown'
System info: host: 'DESKTOP-E8LPHKO', ip: '192.168.1.101', os.name: 'Windows 10', os.arch: 'amd64', os.version: '10.0', java.version: '14.0.1'
Driver info: org.openqa.selenium.chrome.ChromeDriver
Capabilities [{networkConnectionEnabled=false, chrome={chromedriverVersion=83.0.4103.39 (ccbf011cb2d2b19b506d844400483861342c20cd-refs/branch-heads/4103@{#416}), userDataDir=C:\Users\karth\AppData\Local\Temp\scoped_dir21860_1378104801}, timeouts={implicit=0, pageLoad=300000, script=30000}, pageLoadStrategy=normal, unhandledPromptBehavior=dismiss and notify, strictFileInteractability=false, platform=XP, proxy=Proxy(), goog:chromeOptions={debuggerAddress=localhost:63673}, acceptInsecureCerts=false, browserVersion=83.0.4103.116, browserName=chrome, javascriptEnabled=true, platformName=XP, setWindowRect=true, webauthn:virtualAuthenticators=true}]
Session ID: 5ab20bde20febeb404ccd1402072fc0b
*** Element info: {Using=xpath, value=//div/div/div[3]/div[1]/h4}</td>
																							</tr>
																							<tr>
																								<td class='status info' title='info' alt='info'><i class='mdi-action-info-outline'></i></td>
																								<td class='timestamp'>09:39:26</td>
																								<td class='step-details'>Test Data Set: Chrome</td>
																							</tr>
																							<tr>
																								<td class='status info' title='info' alt='info'><i class='mdi-action-info-outline'></i></td>
																								<td class='timestamp'>09:39:26</td>
																								<td class='step-details'>Error Snapshot:<a href='C:\AAX-Live\AAX-v1.9.0 - SRC\Results\TestRun_21Jul_0937\Screenshots\07212020 09.38.09 AM\TC02_DashBoard_UI_Validation_Verify Test SetUp text_07212020 09.39.25 AM.png' data-featherlight='image'><img class='report-img' src='file:///C:\AAX-Live\AAX-v1.9.0 - SRC\Results\TestRun_21Jul_0937\Screenshots\07212020 09.38.09 AM\TC02_DashBoard_UI_Validation_Verify Test SetUp text_07212020 09.39.25 AM.png' /></a></td>
																							</tr>
																							<tr>
																								<td class='status error' title='error' alt='error'><i class='mdi-alert-error'></i></td>
																								<td class='timestamp'>09:39:26</td>
																								<td class='step-details'>Critical Step Failed. Closing browser and stopping TC execution.</td>
																							</tr>
																					</tbody>
																				</table>
																			</div>
																		</div>
																	</li>
													</ul>
												</div>
											</div>
										</li>
										<li class='collection-item test displayed active pass hasChildren' extentid='81736a6f-7208-4ba8-b385-77329e8fb173'>
											<div class='test-head'>
												<span class='test-name'>TC03_Login_Incorrectly </span>
												<span class='test-status label right outline capitalize pass'>pass</span>
												<span class='category-assigned hide '></span>
											</div>
											<div class='test-body'>
												<div class='test-info'>
													<span title='Test started time' alt='Test started time' class='test-started-time label green lighten-1 text-white'>2020-07-21 09:39:26</span>
													<span title='Test ended time' alt='Test ended time' class='test-ended-time label red lighten-1 text-white'>2020-07-21 09:39:53</span>
													<span title='Time taken to finish' alt='Time taken to finish' class='test-time-taken label blue-grey lighten-3 text-white'>0h 0m 27s+326ms</span>
												</div>
												<div class='test-desc'></div>
												<div class='test-attributes'>
												</div>
												<div class='test-steps'>
													<table class='bordered table-results'>
														<thead>
															<tr>
																<th>Status</th>
																<th>Timestamp</th>
																<th>Details</th>
															</tr>
														</thead>
														<tbody>
														</tbody>
													</table>
													<ul class='collapsible node-list' data-collapsible='accordion'>
																	<li class='displayed pass node-1x'>
																		<div class='collapsible-header test-node pass'>
																			<div class='right test-info'>
																				<span title='Test started time' alt='Test started time' class='test-started-time label green lighten-2 text-white'>2020-07-21 09:39:26</span>
																				<span title='Test ended time' alt='Test ended time' class='test-ended-time label red lighten-2 text-white'>2020-07-21 09:39:32</span>
																				<span title='Time taken to finish' alt='Time taken to finish' class='test-time-taken label blue-grey lighten-2 text-white'>0h 0m 6s+232ms</span>
																				<span class='test-status label outline capitalize pass'>pass</span>
																			</div>
																			<div class='test-node-name'>#-1 : Logging in to the AUT</div>
																				<div class='test-node-desc'></div>
																		</div>
																		<div class='collapsible-body'>
																			<div class='test-steps'>
																				<table class='bordered table-results'>
																					<thead>
																						<tr>
																							<th>Status</th>
																							<th>Timestamp</th>
																							<th>Details</th>
																						</tr>
																					</thead>
																					<tbody>
																							<tr>
																								<td class='status info' title='info' alt='info'><i class='mdi-action-info-outline'></i></td>
																								<td class='timestamp'>09:39:32</td>
																								<td class='step-details'>TSID : #-1</td>
																							</tr>
																							<tr>
																								<td class='status info' title='info' alt='info'><i class='mdi-action-info-outline'></i></td>
																								<td class='timestamp'>09:39:32</td>
																								<td class='step-details'>Keyword : openBrowser</td>
																							</tr>
																							<tr>
																								<td class='status info' title='info' alt='info'><i class='mdi-action-info-outline'></i></td>
																								<td class='timestamp'>09:39:32</td>
																								<td class='step-details'>Element Id: -</td>
																							</tr>
																							<tr>
																								<td class='status info' title='info' alt='info'><i class='mdi-action-info-outline'></i></td>
																								<td class='timestamp'>09:39:32</td>
																								<td class='step-details'>Test Data: chrome</td>
																							</tr>
																							<tr>
																								<td class='status pass' title='pass' alt='pass'><i class='mdi-action-check-circle'></i></td>
																								<td class='timestamp'>09:39:32</td>
																								<td class='step-details'>-</td>
																							</tr>
																							<tr>
																								<td class='status info' title='info' alt='info'><i class='mdi-action-info-outline'></i></td>
																								<td class='timestamp'>09:39:32</td>
																								<td class='step-details'>Test Data Set: Chrome</td>
																							</tr>
																					</tbody>
																				</table>
																			</div>
																		</div>
																	</li>
																	<li class='displayed pass node-1x'>
																		<div class='collapsible-header test-node pass'>
																			<div class='right test-info'>
																				<span title='Test started time' alt='Test started time' class='test-started-time label green lighten-2 text-white'>2020-07-21 09:39:32</span>
																				<span title='Test ended time' alt='Test ended time' class='test-ended-time label red lighten-2 text-white'>2020-07-21 09:39:44</span>
																				<span title='Time taken to finish' alt='Time taken to finish' class='test-time-taken label blue-grey lighten-2 text-white'>0h 0m 11s+426ms</span>
																				<span class='test-status label outline capitalize pass'>pass</span>
																			</div>
																			<div class='test-node-name'>#-2 : Navigate to the application url</div>
																				<div class='test-node-desc'></div>
																		</div>
																		<div class='collapsible-body'>
																			<div class='test-steps'>
																				<table class='bordered table-results'>
																					<thead>
																						<tr>
																							<th>Status</th>
																							<th>Timestamp</th>
																							<th>Details</th>
																						</tr>
																					</thead>
																					<tbody>
																							<tr>
																								<td class='status info' title='info' alt='info'><i class='mdi-action-info-outline'></i></td>
																								<td class='timestamp'>09:39:44</td>
																								<td class='step-details'>TSID : #-2</td>
																							</tr>
																							<tr>
																								<td class='status info' title='info' alt='info'><i class='mdi-action-info-outline'></i></td>
																								<td class='timestamp'>09:39:44</td>
																								<td class='step-details'>Keyword : navigateBrowser</td>
																							</tr>
																							<tr>
																								<td class='status info' title='info' alt='info'><i class='mdi-action-info-outline'></i></td>
																								<td class='timestamp'>09:39:44</td>
																								<td class='step-details'>Element Id: -</td>
																							</tr>
																							<tr>
																								<td class='status info' title='info' alt='info'><i class='mdi-action-info-outline'></i></td>
																								<td class='timestamp'>09:39:44</td>
																								<td class='step-details'>Test Data: https://anyaut.com/X/</td>
																							</tr>
																							<tr>
																								<td class='status pass' title='pass' alt='pass'><i class='mdi-action-check-circle'></i></td>
																								<td class='timestamp'>09:39:44</td>
																								<td class='step-details'>-</td>
																							</tr>
																							<tr>
																								<td class='status info' title='info' alt='info'><i class='mdi-action-info-outline'></i></td>
																								<td class='timestamp'>09:39:44</td>
																								<td class='step-details'>Test Data Set: Chrome</td>
																							</tr>
																					</tbody>
																				</table>
																			</div>
																		</div>
																	</li>
																	<li class='displayed pass node-1x'>
																		<div class='collapsible-header test-node pass'>
																			<div class='right test-info'>
																				<span title='Test started time' alt='Test started time' class='test-started-time label green lighten-2 text-white'>2020-07-21 09:39:44</span>
																				<span title='Test ended time' alt='Test ended time' class='test-ended-time label red lighten-2 text-white'>2020-07-21 09:39:45</span>
																				<span title='Time taken to finish' alt='Time taken to finish' class='test-time-taken label blue-grey lighten-2 text-white'>0h 0m 1s+29ms</span>
																				<span class='test-status label outline capitalize pass'>pass</span>
																			</div>
																			<div class='test-node-name'>#-3 : Wait for the page load</div>
																				<div class='test-node-desc'></div>
																		</div>
																		<div class='collapsible-body'>
																			<div class='test-steps'>
																				<table class='bordered table-results'>
																					<thead>
																						<tr>
																							<th>Status</th>
																							<th>Timestamp</th>
																							<th>Details</th>
																						</tr>
																					</thead>
																					<tbody>
																							<tr>
																								<td class='status info' title='info' alt='info'><i class='mdi-action-info-outline'></i></td>
																								<td class='timestamp'>09:39:45</td>
																								<td class='step-details'>TSID : #-3</td>
																							</tr>
																							<tr>
																								<td class='status info' title='info' alt='info'><i class='mdi-action-info-outline'></i></td>
																								<td class='timestamp'>09:39:45</td>
																								<td class='step-details'>Keyword : waitForSeconds</td>
																							</tr>
																							<tr>
																								<td class='status info' title='info' alt='info'><i class='mdi-action-info-outline'></i></td>
																								<td class='timestamp'>09:39:45</td>
																								<td class='step-details'>Element Id: -</td>
																							</tr>
																							<tr>
																								<td class='status info' title='info' alt='info'><i class='mdi-action-info-outline'></i></td>
																								<td class='timestamp'>09:39:45</td>
																								<td class='step-details'>Test Data: 1</td>
																							</tr>
																							<tr>
																								<td class='status pass' title='pass' alt='pass'><i class='mdi-action-check-circle'></i></td>
																								<td class='timestamp'>09:39:45</td>
																								<td class='step-details'>-</td>
																							</tr>
																							<tr>
																								<td class='status info' title='info' alt='info'><i class='mdi-action-info-outline'></i></td>
																								<td class='timestamp'>09:39:45</td>
																								<td class='step-details'>Test Data Set: Chrome</td>
																							</tr>
																					</tbody>
																				</table>
																			</div>
																		</div>
																	</li>
																	<li class='displayed pass node-1x'>
																		<div class='collapsible-header test-node pass'>
																			<div class='right test-info'>
																				<span title='Test started time' alt='Test started time' class='test-started-time label green lighten-2 text-white'>2020-07-21 09:39:45</span>
																				<span title='Test ended time' alt='Test ended time' class='test-ended-time label red lighten-2 text-white'>2020-07-21 09:39:46</span>
																				<span title='Time taken to finish' alt='Time taken to finish' class='test-time-taken label blue-grey lighten-2 text-white'>0h 0m 1s+441ms</span>
																				<span class='test-status label outline capitalize pass'>pass</span>
																			</div>
																			<div class='test-node-name'>#-4 : Click on Login</div>
																				<div class='test-node-desc'></div>
																		</div>
																		<div class='collapsible-body'>
																			<div class='test-steps'>
																				<table class='bordered table-results'>
																					<thead>
																						<tr>
																							<th>Status</th>
																							<th>Timestamp</th>
																							<th>Details</th>
																						</tr>
																					</thead>
																					<tbody>
																							<tr>
																								<td class='status info' title='info' alt='info'><i class='mdi-action-info-outline'></i></td>
																								<td class='timestamp'>09:39:46</td>
																								<td class='step-details'>TSID : #-4</td>
																							</tr>
																							<tr>
																								<td class='status info' title='info' alt='info'><i class='mdi-action-info-outline'></i></td>
																								<td class='timestamp'>09:39:46</td>
																								<td class='step-details'>Keyword : clickElement</td>
																							</tr>
																							<tr>
																								<td class='status info' title='info' alt='info'><i class='mdi-action-info-outline'></i></td>
																								<td class='timestamp'>09:39:46</td>
																								<td class='step-details'>Element Id: //*[@id="bs-example-navbar-collapse-1"]/ul/li[4]/a</td>
																							</tr>
																							<tr>
																								<td class='status info' title='info' alt='info'><i class='mdi-action-info-outline'></i></td>
																								<td class='timestamp'>09:39:46</td>
																								<td class='step-details'>Test Data:</td>
																							</tr>
																							<tr>
																								<td class='status pass' title='pass' alt='pass'><i class='mdi-action-check-circle'></i></td>
																								<td class='timestamp'>09:39:46</td>
																								<td class='step-details'>-</td>
																							</tr>
																							<tr>
																								<td class='status info' title='info' alt='info'><i class='mdi-action-info-outline'></i></td>
																								<td class='timestamp'>09:39:46</td>
																								<td class='step-details'>Test Data Set: Chrome</td>
																							</tr>
																					</tbody>
																				</table>
																			</div>
																		</div>
																	</li>
																	<li class='displayed pass node-1x'>
																		<div class='collapsible-header test-node pass'>
																			<div class='right test-info'>
																				<span title='Test started time' alt='Test started time' class='test-started-time label green lighten-2 text-white'>2020-07-21 09:39:46</span>
																				<span title='Test ended time' alt='Test ended time' class='test-ended-time label red lighten-2 text-white'>2020-07-21 09:39:46</span>
																				<span title='Time taken to finish' alt='Time taken to finish' class='test-time-taken label blue-grey lighten-2 text-white'>0h 0m 0s+370ms</span>
																				<span class='test-status label outline capitalize pass'>pass</span>
																			</div>
																			<div class='test-node-name'>#-5 : Enter invalid username</div>
																				<div class='test-node-desc'></div>
																		</div>
																		<div class='collapsible-body'>
																			<div class='test-steps'>
																				<table class='bordered table-results'>
																					<thead>
																						<tr>
																							<th>Status</th>
																							<th>Timestamp</th>
																							<th>Details</th>
																						</tr>
																					</thead>
																					<tbody>
																							<tr>
																								<td class='status info' title='info' alt='info'><i class='mdi-action-info-outline'></i></td>
																								<td class='timestamp'>09:39:46</td>
																								<td class='step-details'>TSID : #-5</td>
																							</tr>
																							<tr>
																								<td class='status info' title='info' alt='info'><i class='mdi-action-info-outline'></i></td>
																								<td class='timestamp'>09:39:46</td>
																								<td class='step-details'>Keyword : typeText</td>
																							</tr>
																							<tr>
																								<td class='status info' title='info' alt='info'><i class='mdi-action-info-outline'></i></td>
																								<td class='timestamp'>09:39:46</td>
																								<td class='step-details'>Element Id: //input[@id='username']</td>
																							</tr>
																							<tr>
																								<td class='status info' title='info' alt='info'><i class='mdi-action-info-outline'></i></td>
																								<td class='timestamp'>09:39:46</td>
																								<td class='step-details'>Test Data: xyz@gmail.com</td>
																							</tr>
																							<tr>
																								<td class='status pass' title='pass' alt='pass'><i class='mdi-action-check-circle'></i></td>
																								<td class='timestamp'>09:39:46</td>
																								<td class='step-details'>-</td>
																							</tr>
																							<tr>
																								<td class='status info' title='info' alt='info'><i class='mdi-action-info-outline'></i></td>
																								<td class='timestamp'>09:39:46</td>
																								<td class='step-details'>Test Data Set: Chrome</td>
																							</tr>
																					</tbody>
																				</table>
																			</div>
																		</div>
																	</li>
																	<li class='displayed pass node-1x'>
																		<div class='collapsible-header test-node pass'>
																			<div class='right test-info'>
																				<span title='Test started time' alt='Test started time' class='test-started-time label green lighten-2 text-white'>2020-07-21 09:39:46</span>
																				<span title='Test ended time' alt='Test ended time' class='test-ended-time label red lighten-2 text-white'>2020-07-21 09:39:47</span>
																				<span title='Time taken to finish' alt='Time taken to finish' class='test-time-taken label blue-grey lighten-2 text-white'>0h 0m 0s+356ms</span>
																				<span class='test-status label outline capitalize pass'>pass</span>
																			</div>
																			<div class='test-node-name'>#-6 : Enter invalid password</div>
																				<div class='test-node-desc'></div>
																		</div>
																		<div class='collapsible-body'>
																			<div class='test-steps'>
																				<table class='bordered table-results'>
																					<thead>
																						<tr>
																							<th>Status</th>
																							<th>Timestamp</th>
																							<th>Details</th>
																						</tr>
																					</thead>
																					<tbody>
																							<tr>
																								<td class='status info' title='info' alt='info'><i class='mdi-action-info-outline'></i></td>
																								<td class='timestamp'>09:39:47</td>
																								<td class='step-details'>TSID : #-6</td>
																							</tr>
																							<tr>
																								<td class='status info' title='info' alt='info'><i class='mdi-action-info-outline'></i></td>
																								<td class='timestamp'>09:39:47</td>
																								<td class='step-details'>Keyword : typeText</td>
																							</tr>
																							<tr>
																								<td class='status info' title='info' alt='info'><i class='mdi-action-info-outline'></i></td>
																								<td class='timestamp'>09:39:47</td>
																								<td class='step-details'>Element Id: //input[@id='password']</td>
																							</tr>
																							<tr>
																								<td class='status info' title='info' alt='info'><i class='mdi-action-info-outline'></i></td>
																								<td class='timestamp'>09:39:47</td>
																								<td class='step-details'>Test Data: wrongpassword</td>
																							</tr>
																							<tr>
																								<td class='status pass' title='pass' alt='pass'><i class='mdi-action-check-circle'></i></td>
																								<td class='timestamp'>09:39:47</td>
																								<td class='step-details'>-</td>
																							</tr>
																							<tr>
																								<td class='status info' title='info' alt='info'><i class='mdi-action-info-outline'></i></td>
																								<td class='timestamp'>09:39:47</td>
																								<td class='step-details'>Test Data Set: Chrome</td>
																							</tr>
																					</tbody>
																				</table>
																			</div>
																		</div>
																	</li>
																	<li class='displayed pass node-1x'>
																		<div class='collapsible-header test-node pass'>
																			<div class='right test-info'>
																				<span title='Test started time' alt='Test started time' class='test-started-time label green lighten-2 text-white'>2020-07-21 09:39:47</span>
																				<span title='Test ended time' alt='Test ended time' class='test-ended-time label red lighten-2 text-white'>2020-07-21 09:39:48</span>
																				<span title='Time taken to finish' alt='Time taken to finish' class='test-time-taken label blue-grey lighten-2 text-white'>0h 0m 1s+28ms</span>
																				<span class='test-status label outline capitalize pass'>pass</span>
																			</div>
																			<div class='test-node-name'>#-7 : Wait for the page load</div>
																				<div class='test-node-desc'></div>
																		</div>
																		<div class='collapsible-body'>
																			<div class='test-steps'>
																				<table class='bordered table-results'>
																					<thead>
																						<tr>
																							<th>Status</th>
																							<th>Timestamp</th>
																							<th>Details</th>
																						</tr>
																					</thead>
																					<tbody>
																							<tr>
																								<td class='status info' title='info' alt='info'><i class='mdi-action-info-outline'></i></td>
																								<td class='timestamp'>09:39:48</td>
																								<td class='step-details'>TSID : #-7</td>
																							</tr>
																							<tr>
																								<td class='status info' title='info' alt='info'><i class='mdi-action-info-outline'></i></td>
																								<td class='timestamp'>09:39:48</td>
																								<td class='step-details'>Keyword : waitForSeconds</td>
																							</tr>
																							<tr>
																								<td class='status info' title='info' alt='info'><i class='mdi-action-info-outline'></i></td>
																								<td class='timestamp'>09:39:48</td>
																								<td class='step-details'>Element Id: -</td>
																							</tr>
																							<tr>
																								<td class='status info' title='info' alt='info'><i class='mdi-action-info-outline'></i></td>
																								<td class='timestamp'>09:39:48</td>
																								<td class='step-details'>Test Data: 1</td>
																							</tr>
																							<tr>
																								<td class='status pass' title='pass' alt='pass'><i class='mdi-action-check-circle'></i></td>
																								<td class='timestamp'>09:39:48</td>
																								<td class='step-details'>-</td>
																							</tr>
																							<tr>
																								<td class='status info' title='info' alt='info'><i class='mdi-action-info-outline'></i></td>
																								<td class='timestamp'>09:39:48</td>
																								<td class='step-details'>Test Data Set: Chrome</td>
																							</tr>
																					</tbody>
																				</table>
																			</div>
																		</div>
																	</li>
																	<li class='displayed pass node-1x'>
																		<div class='collapsible-header test-node pass'>
																			<div class='right test-info'>
																				<span title='Test started time' alt='Test started time' class='test-started-time label green lighten-2 text-white'>2020-07-21 09:39:48</span>
																				<span title='Test ended time' alt='Test ended time' class='test-ended-time label red lighten-2 text-white'>2020-07-21 09:39:51</span>
																				<span title='Time taken to finish' alt='Time taken to finish' class='test-time-taken label blue-grey lighten-2 text-white'>0h 0m 3s+461ms</span>
																				<span class='test-status label outline capitalize pass'>pass</span>
																			</div>
																			<div class='test-node-name'>#-8 : Click on submit button</div>
																				<div class='test-node-desc'></div>
																		</div>
																		<div class='collapsible-body'>
																			<div class='test-steps'>
																				<table class='bordered table-results'>
																					<thead>
																						<tr>
																							<th>Status</th>
																							<th>Timestamp</th>
																							<th>Details</th>
																						</tr>
																					</thead>
																					<tbody>
																							<tr>
																								<td class='status info' title='info' alt='info'><i class='mdi-action-info-outline'></i></td>
																								<td class='timestamp'>09:39:51</td>
																								<td class='step-details'>TSID : #-8</td>
																							</tr>
																							<tr>
																								<td class='status info' title='info' alt='info'><i class='mdi-action-info-outline'></i></td>
																								<td class='timestamp'>09:39:51</td>
																								<td class='step-details'>Keyword : clickElement</td>
																							</tr>
																							<tr>
																								<td class='status info' title='info' alt='info'><i class='mdi-action-info-outline'></i></td>
																								<td class='timestamp'>09:39:51</td>
																								<td class='step-details'>Element Id: //button[@name='submit']</td>
																							</tr>
																							<tr>
																								<td class='status info' title='info' alt='info'><i class='mdi-action-info-outline'></i></td>
																								<td class='timestamp'>09:39:51</td>
																								<td class='step-details'>Test Data: -</td>
																							</tr>
																							<tr>
																								<td class='status pass' title='pass' alt='pass'><i class='mdi-action-check-circle'></i></td>
																								<td class='timestamp'>09:39:51</td>
																								<td class='step-details'>-</td>
																							</tr>
																							<tr>
																								<td class='status info' title='info' alt='info'><i class='mdi-action-info-outline'></i></td>
																								<td class='timestamp'>09:39:51</td>
																								<td class='step-details'>Test Data Set: Chrome</td>
																							</tr>
																					</tbody>
																				</table>
																			</div>
																		</div>
																	</li>
																	<li class='displayed pass node-1x'>
																		<div class='collapsible-header test-node pass'>
																			<div class='right test-info'>
																				<span title='Test started time' alt='Test started time' class='test-started-time label green lighten-2 text-white'>2020-07-21 09:39:51</span>
																				<span title='Test ended time' alt='Test ended time' class='test-ended-time label red lighten-2 text-white'>2020-07-21 09:39:52</span>
																				<span title='Time taken to finish' alt='Time taken to finish' class='test-time-taken label blue-grey lighten-2 text-white'>0h 0m 1s+44ms</span>
																				<span class='test-status label outline capitalize pass'>pass</span>
																			</div>
																			<div class='test-node-name'>#-9 : wait</div>
																				<div class='test-node-desc'></div>
																		</div>
																		<div class='collapsible-body'>
																			<div class='test-steps'>
																				<table class='bordered table-results'>
																					<thead>
																						<tr>
																							<th>Status</th>
																							<th>Timestamp</th>
																							<th>Details</th>
																						</tr>
																					</thead>
																					<tbody>
																							<tr>
																								<td class='status info' title='info' alt='info'><i class='mdi-action-info-outline'></i></td>
																								<td class='timestamp'>09:39:52</td>
																								<td class='step-details'>TSID : #-9</td>
																							</tr>
																							<tr>
																								<td class='status info' title='info' alt='info'><i class='mdi-action-info-outline'></i></td>
																								<td class='timestamp'>09:39:52</td>
																								<td class='step-details'>Keyword : waitForSeconds</td>
																							</tr>
																							<tr>
																								<td class='status info' title='info' alt='info'><i class='mdi-action-info-outline'></i></td>
																								<td class='timestamp'>09:39:52</td>
																								<td class='step-details'>Element Id: -</td>
																							</tr>
																							<tr>
																								<td class='status info' title='info' alt='info'><i class='mdi-action-info-outline'></i></td>
																								<td class='timestamp'>09:39:52</td>
																								<td class='step-details'>Test Data: 1</td>
																							</tr>
																							<tr>
																								<td class='status pass' title='pass' alt='pass'><i class='mdi-action-check-circle'></i></td>
																								<td class='timestamp'>09:39:52</td>
																								<td class='step-details'>-</td>
																							</tr>
																							<tr>
																								<td class='status info' title='info' alt='info'><i class='mdi-action-info-outline'></i></td>
																								<td class='timestamp'>09:39:52</td>
																								<td class='step-details'>Test Data Set: Chrome</td>
																							</tr>
																					</tbody>
																				</table>
																			</div>
																		</div>
																	</li>
																	<li class='displayed pass node-1x'>
																		<div class='collapsible-header test-node pass'>
																			<div class='right test-info'>
																				<span title='Test started time' alt='Test started time' class='test-started-time label green lighten-2 text-white'>2020-07-21 09:39:52</span>
																				<span title='Test ended time' alt='Test ended time' class='test-ended-time label red lighten-2 text-white'>2020-07-21 09:39:53</span>
																				<span title='Time taken to finish' alt='Time taken to finish' class='test-time-taken label blue-grey lighten-2 text-white'>0h 0m 0s+173ms</span>
																				<span class='test-status label outline capitalize pass'>pass</span>
																			</div>
																			<div class='test-node-name'>#-10 : verify error text present or not</div>
																				<div class='test-node-desc'></div>
																		</div>
																		<div class='collapsible-body'>
																			<div class='test-steps'>
																				<table class='bordered table-results'>
																					<thead>
																						<tr>
																							<th>Status</th>
																							<th>Timestamp</th>
																							<th>Details</th>
																						</tr>
																					</thead>
																					<tbody>
																							<tr>
																								<td class='status info' title='info' alt='info'><i class='mdi-action-info-outline'></i></td>
																								<td class='timestamp'>09:39:53</td>
																								<td class='step-details'>TSID : #-10</td>
																							</tr>
																							<tr>
																								<td class='status info' title='info' alt='info'><i class='mdi-action-info-outline'></i></td>
																								<td class='timestamp'>09:39:53</td>
																								<td class='step-details'>Keyword : isDisplayed</td>
																							</tr>
																							<tr>
																								<td class='status info' title='info' alt='info'><i class='mdi-action-info-outline'></i></td>
																								<td class='timestamp'>09:39:53</td>
																								<td class='step-details'>Element Id: //*[@id="alert-error"]</td>
																							</tr>
																							<tr>
																								<td class='status info' title='info' alt='info'><i class='mdi-action-info-outline'></i></td>
																								<td class='timestamp'>09:39:53</td>
																								<td class='step-details'>Test Data: -</td>
																							</tr>
																							<tr>
																								<td class='status pass' title='pass' alt='pass'><i class='mdi-action-check-circle'></i></td>
																								<td class='timestamp'>09:39:53</td>
																								<td class='step-details'>-</td>
																							</tr>
																							<tr>
																								<td class='status info' title='info' alt='info'><i class='mdi-action-info-outline'></i></td>
																								<td class='timestamp'>09:39:53</td>
																								<td class='step-details'>Test Data Set: Chrome</td>
																							</tr>
																					</tbody>
																				</table>
																			</div>
																		</div>
																	</li>
																	<li class='displayed pass node-1x'>
																		<div class='collapsible-header test-node pass'>
																			<div class='right test-info'>
																				<span title='Test started time' alt='Test started time' class='test-started-time label green lighten-2 text-white'>2020-07-21 09:39:53</span>
																				<span title='Test ended time' alt='Test ended time' class='test-ended-time label red lighten-2 text-white'>2020-07-21 09:39:53</span>
																				<span title='Time taken to finish' alt='Time taken to finish' class='test-time-taken label blue-grey lighten-2 text-white'>0h 0m 0s+765ms</span>
																				<span class='test-status label outline capitalize pass'>pass</span>
																			</div>
																			<div class='test-node-name'>#-11 : close Browser</div>
																				<div class='test-node-desc'></div>
																		</div>
																		<div class='collapsible-body'>
																			<div class='test-steps'>
																				<table class='bordered table-results'>
																					<thead>
																						<tr>
																							<th>Status</th>
																							<th>Timestamp</th>
																							<th>Details</th>
																						</tr>
																					</thead>
																					<tbody>
																							<tr>
																								<td class='status info' title='info' alt='info'><i class='mdi-action-info-outline'></i></td>
																								<td class='timestamp'>09:39:53</td>
																								<td class='step-details'>TSID : #-11</td>
																							</tr>
																							<tr>
																								<td class='status info' title='info' alt='info'><i class='mdi-action-info-outline'></i></td>
																								<td class='timestamp'>09:39:53</td>
																								<td class='step-details'>Keyword : quitBrowser</td>
																							</tr>
																							<tr>
																								<td class='status info' title='info' alt='info'><i class='mdi-action-info-outline'></i></td>
																								<td class='timestamp'>09:39:53</td>
																								<td class='step-details'>Element Id: -</td>
																							</tr>
																							<tr>
																								<td class='status info' title='info' alt='info'><i class='mdi-action-info-outline'></i></td>
																								<td class='timestamp'>09:39:53</td>
																								<td class='step-details'>Test Data: -</td>
																							</tr>
																							<tr>
																								<td class='status pass' title='pass' alt='pass'><i class='mdi-action-check-circle'></i></td>
																								<td class='timestamp'>09:39:53</td>
																								<td class='step-details'>-</td>
																							</tr>
																							<tr>
																								<td class='status info' title='info' alt='info'><i class='mdi-action-info-outline'></i></td>
																								<td class='timestamp'>09:39:53</td>
																								<td class='step-details'>Test Data Set: Chrome</td>
																							</tr>
																					</tbody>
																				</table>
																			</div>
																		</div>
																	</li>
													</ul>
												</div>
											</div>
										</li>
										<li class='collection-item test displayed active fail hasChildren' extentid='46950c6d-15df-44f3-9613-3428ef5bed01'>
											<div class='test-head'>
												<span class='test-name'>TC07_SideBar_Menus </span>
												<span class='test-status label right outline capitalize fail'>fail</span>
												<span class='category-assigned hide '></span>
											</div>
											<div class='test-body'>
												<div class='test-info'>
													<span title='Test started time' alt='Test started time' class='test-started-time label green lighten-1 text-white'>2020-07-21 09:39:53</span>
													<span title='Test ended time' alt='Test ended time' class='test-ended-time label red lighten-1 text-white'>2020-07-21 09:44:14</span>
													<span title='Time taken to finish' alt='Time taken to finish' class='test-time-taken label blue-grey lighten-3 text-white'>0h 4m 20s+492ms</span>
												</div>
												<div class='test-desc'></div>
												<div class='test-attributes'>
												</div>
												<div class='test-steps'>
													<table class='bordered table-results'>
														<thead>
															<tr>
																<th>Status</th>
																<th>Timestamp</th>
																<th>Details</th>
															</tr>
														</thead>
														<tbody>
														</tbody>
													</table>
													<ul class='collapsible node-list' data-collapsible='accordion'>
																	<li class='displayed pass node-1x'>
																		<div class='collapsible-header test-node pass'>
																			<div class='right test-info'>
																				<span title='Test started time' alt='Test started time' class='test-started-time label green lighten-2 text-white'>2020-07-21 09:39:53</span>
																				<span title='Test ended time' alt='Test ended time' class='test-ended-time label red lighten-2 text-white'>2020-07-21 09:39:59</span>
																				<span title='Time taken to finish' alt='Time taken to finish' class='test-time-taken label blue-grey lighten-2 text-white'>0h 0m 6s+17ms</span>
																				<span class='test-status label outline capitalize pass'>pass</span>
																			</div>
																			<div class='test-node-name'>#-1 : Logging in to the AUT</div>
																				<div class='test-node-desc'></div>
																		</div>
																		<div class='collapsible-body'>
																			<div class='test-steps'>
																				<table class='bordered table-results'>
																					<thead>
																						<tr>
																							<th>Status</th>
																							<th>Timestamp</th>
																							<th>Details</th>
																						</tr>
																					</thead>
																					<tbody>
																							<tr>
																								<td class='status info' title='info' alt='info'><i class='mdi-action-info-outline'></i></td>
																								<td class='timestamp'>09:39:59</td>
																								<td class='step-details'>TSID : #-1</td>
																							</tr>
																							<tr>
																								<td class='status info' title='info' alt='info'><i class='mdi-action-info-outline'></i></td>
																								<td class='timestamp'>09:39:59</td>
																								<td class='step-details'>Keyword : openBrowser</td>
																							</tr>
																							<tr>
																								<td class='status info' title='info' alt='info'><i class='mdi-action-info-outline'></i></td>
																								<td class='timestamp'>09:39:59</td>
																								<td class='step-details'>Element Id: -</td>
																							</tr>
																							<tr>
																								<td class='status info' title='info' alt='info'><i class='mdi-action-info-outline'></i></td>
																								<td class='timestamp'>09:39:59</td>
																								<td class='step-details'>Test Data: chrome</td>
																							</tr>
																							<tr>
																								<td class='status pass' title='pass' alt='pass'><i class='mdi-action-check-circle'></i></td>
																								<td class='timestamp'>09:39:59</td>
																								<td class='step-details'></td>
																							</tr>
																							<tr>
																								<td class='status info' title='info' alt='info'><i class='mdi-action-info-outline'></i></td>
																								<td class='timestamp'>09:39:59</td>
																								<td class='step-details'>Test Data Set: Chrome</td>
																							</tr>
																					</tbody>
																				</table>
																			</div>
																		</div>
																	</li>
																	<li class='displayed pass node-1x'>
																		<div class='collapsible-header test-node pass'>
																			<div class='right test-info'>
																				<span title='Test started time' alt='Test started time' class='test-started-time label green lighten-2 text-white'>2020-07-21 09:39:59</span>
																				<span title='Test ended time' alt='Test ended time' class='test-ended-time label red lighten-2 text-white'>2020-07-21 09:40:07</span>
																				<span title='Time taken to finish' alt='Time taken to finish' class='test-time-taken label blue-grey lighten-2 text-white'>0h 0m 7s+909ms</span>
																				<span class='test-status label outline capitalize pass'>pass</span>
																			</div>
																			<div class='test-node-name'>#-2 : Navigate to the application url</div>
																				<div class='test-node-desc'></div>
																		</div>
																		<div class='collapsible-body'>
																			<div class='test-steps'>
																				<table class='bordered table-results'>
																					<thead>
																						<tr>
																							<th>Status</th>
																							<th>Timestamp</th>
																							<th>Details</th>
																						</tr>
																					</thead>
																					<tbody>
																							<tr>
																								<td class='status info' title='info' alt='info'><i class='mdi-action-info-outline'></i></td>
																								<td class='timestamp'>09:40:07</td>
																								<td class='step-details'>TSID : #-2</td>
																							</tr>
																							<tr>
																								<td class='status info' title='info' alt='info'><i class='mdi-action-info-outline'></i></td>
																								<td class='timestamp'>09:40:07</td>
																								<td class='step-details'>Keyword : navigateBrowser</td>
																							</tr>
																							<tr>
																								<td class='status info' title='info' alt='info'><i class='mdi-action-info-outline'></i></td>
																								<td class='timestamp'>09:40:07</td>
																								<td class='step-details'>Element Id: -</td>
																							</tr>
																							<tr>
																								<td class='status info' title='info' alt='info'><i class='mdi-action-info-outline'></i></td>
																								<td class='timestamp'>09:40:07</td>
																								<td class='step-details'>Test Data: https://anyaut.com/X/</td>
																							</tr>
																							<tr>
																								<td class='status pass' title='pass' alt='pass'><i class='mdi-action-check-circle'></i></td>
																								<td class='timestamp'>09:40:07</td>
																								<td class='step-details'></td>
																							</tr>
																							<tr>
																								<td class='status info' title='info' alt='info'><i class='mdi-action-info-outline'></i></td>
																								<td class='timestamp'>09:40:07</td>
																								<td class='step-details'>Test Data Set: Chrome</td>
																							</tr>
																					</tbody>
																				</table>
																			</div>
																		</div>
																	</li>
																	<li class='displayed pass node-1x'>
																		<div class='collapsible-header test-node pass'>
																			<div class='right test-info'>
																				<span title='Test started time' alt='Test started time' class='test-started-time label green lighten-2 text-white'>2020-07-21 09:40:07</span>
																				<span title='Test ended time' alt='Test ended time' class='test-ended-time label red lighten-2 text-white'>2020-07-21 09:40:08</span>
																				<span title='Time taken to finish' alt='Time taken to finish' class='test-time-taken label blue-grey lighten-2 text-white'>0h 0m 1s+29ms</span>
																				<span class='test-status label outline capitalize pass'>pass</span>
																			</div>
																			<div class='test-node-name'>#-3 : Wait for the page load</div>
																				<div class='test-node-desc'></div>
																		</div>
																		<div class='collapsible-body'>
																			<div class='test-steps'>
																				<table class='bordered table-results'>
																					<thead>
																						<tr>
																							<th>Status</th>
																							<th>Timestamp</th>
																							<th>Details</th>
																						</tr>
																					</thead>
																					<tbody>
																							<tr>
																								<td class='status info' title='info' alt='info'><i class='mdi-action-info-outline'></i></td>
																								<td class='timestamp'>09:40:08</td>
																								<td class='step-details'>TSID : #-3</td>
																							</tr>
																							<tr>
																								<td class='status info' title='info' alt='info'><i class='mdi-action-info-outline'></i></td>
																								<td class='timestamp'>09:40:08</td>
																								<td class='step-details'>Keyword : waitForSeconds</td>
																							</tr>
																							<tr>
																								<td class='status info' title='info' alt='info'><i class='mdi-action-info-outline'></i></td>
																								<td class='timestamp'>09:40:08</td>
																								<td class='step-details'>Element Id: -</td>
																							</tr>
																							<tr>
																								<td class='status info' title='info' alt='info'><i class='mdi-action-info-outline'></i></td>
																								<td class='timestamp'>09:40:08</td>
																								<td class='step-details'>Test Data: 1</td>
																							</tr>
																							<tr>
																								<td class='status pass' title='pass' alt='pass'><i class='mdi-action-check-circle'></i></td>
																								<td class='timestamp'>09:40:08</td>
																								<td class='step-details'></td>
																							</tr>
																							<tr>
																								<td class='status info' title='info' alt='info'><i class='mdi-action-info-outline'></i></td>
																								<td class='timestamp'>09:40:08</td>
																								<td class='step-details'>Test Data Set: Chrome</td>
																							</tr>
																					</tbody>
																				</table>
																			</div>
																		</div>
																	</li>
																	<li class='displayed pass node-1x'>
																		<div class='collapsible-header test-node pass'>
																			<div class='right test-info'>
																				<span title='Test started time' alt='Test started time' class='test-started-time label green lighten-2 text-white'>2020-07-21 09:40:08</span>
																				<span title='Test ended time' alt='Test ended time' class='test-ended-time label red lighten-2 text-white'>2020-07-21 09:40:10</span>
																				<span title='Time taken to finish' alt='Time taken to finish' class='test-time-taken label blue-grey lighten-2 text-white'>0h 0m 1s+326ms</span>
																				<span class='test-status label outline capitalize pass'>pass</span>
																			</div>
																			<div class='test-node-name'>#-4 : Click on Login</div>
																				<div class='test-node-desc'></div>
																		</div>
																		<div class='collapsible-body'>
																			<div class='test-steps'>
																				<table class='bordered table-results'>
																					<thead>
																						<tr>
																							<th>Status</th>
																							<th>Timestamp</th>
																							<th>Details</th>
																						</tr>
																					</thead>
																					<tbody>
																							<tr>
																								<td class='status info' title='info' alt='info'><i class='mdi-action-info-outline'></i></td>
																								<td class='timestamp'>09:40:10</td>
																								<td class='step-details'>TSID : #-4</td>
																							</tr>
																							<tr>
																								<td class='status info' title='info' alt='info'><i class='mdi-action-info-outline'></i></td>
																								<td class='timestamp'>09:40:10</td>
																								<td class='step-details'>Keyword : clickElement</td>
																							</tr>
																							<tr>
																								<td class='status info' title='info' alt='info'><i class='mdi-action-info-outline'></i></td>
																								<td class='timestamp'>09:40:10</td>
																								<td class='step-details'>Element Id: //*[@id="bs-example-navbar-collapse-1"]/ul/li[4]/a</td>
																							</tr>
																							<tr>
																								<td class='status info' title='info' alt='info'><i class='mdi-action-info-outline'></i></td>
																								<td class='timestamp'>09:40:10</td>
																								<td class='step-details'>Test Data:</td>
																							</tr>
																							<tr>
																								<td class='status pass' title='pass' alt='pass'><i class='mdi-action-check-circle'></i></td>
																								<td class='timestamp'>09:40:10</td>
																								<td class='step-details'></td>
																							</tr>
																							<tr>
																								<td class='status info' title='info' alt='info'><i class='mdi-action-info-outline'></i></td>
																								<td class='timestamp'>09:40:10</td>
																								<td class='step-details'>Test Data Set: Chrome</td>
																							</tr>
																					</tbody>
																				</table>
																			</div>
																		</div>
																	</li>
																	<li class='displayed fail node-1x'>
																		<div class='collapsible-header test-node fail'>
																			<div class='right test-info'>
																				<span title='Test started time' alt='Test started time' class='test-started-time label green lighten-2 text-white'>2020-07-21 09:40:10</span>
																				<span title='Test ended time' alt='Test ended time' class='test-ended-time label red lighten-2 text-white'>2020-07-21 09:40:22</span>
																				<span title='Time taken to finish' alt='Time taken to finish' class='test-time-taken label blue-grey lighten-2 text-white'>0h 0m 12s+574ms</span>
																				<span class='test-status label outline capitalize fail'>fail</span>
																			</div>
																			<div class='test-node-name'>#-5 : Check if the Main Menu panel is displayed</div>
																				<div class='test-node-desc'></div>
																		</div>
																		<div class='collapsible-body'>
																			<div class='test-steps'>
																				<table class='bordered table-results'>
																					<thead>
																						<tr>
																							<th>Status</th>
																							<th>Timestamp</th>
																							<th>Details</th>
																						</tr>
																					</thead>
																					<tbody>
																							<tr>
																								<td class='status info' title='info' alt='info'><i class='mdi-action-info-outline'></i></td>
																								<td class='timestamp'>09:40:22</td>
																								<td class='step-details'>TSID : #-5</td>
																							</tr>
																							<tr>
																								<td class='status info' title='info' alt='info'><i class='mdi-action-info-outline'></i></td>
																								<td class='timestamp'>09:40:22</td>
																								<td class='step-details'>Keyword: verifyText</td>
																							</tr>
																							<tr>
																								<td class='status info' title='info' alt='info'><i class='mdi-action-info-outline'></i></td>
																								<td class='timestamp'>09:40:22</td>
																								<td class='step-details'>Element Id: //div[@id='sidebar-menu']//h3[.='Main Menu']</td>
																							</tr>
																							<tr>
																								<td class='status info' title='info' alt='info'><i class='mdi-action-info-outline'></i></td>
																								<td class='timestamp'>09:40:22</td>
																								<td class='step-details'>Test Data: MAIN MENU</td>
																							</tr>
																							<tr>
																								<td class='status fail' title='fail' alt='fail'><i class='mdi-navigation-cancel'></i></td>
																								<td class='timestamp'>09:40:22</td>
																								<td class='step-details'></td>
																							</tr>
																							<tr>
																								<td class='status info' title='info' alt='info'><i class='mdi-action-info-outline'></i></td>
																								<td class='timestamp'>09:40:22</td>
																								<td class='step-details'>Error : org.openqa.selenium.NoSuchElementException: no such element: Unable to locate element: {"method":"xpath","selector":"//div[@id='sidebar-menu']//h3[.='Main Menu']"}
  (Session info: chrome=83.0.4103.116)
For documentation on this error, please visit: http://seleniumhq.org/exceptions/no_such_element.html
Build info: version: 'unknown', revision: 'unknown', time: 'unknown'
System info: host: 'DESKTOP-E8LPHKO', ip: '192.168.1.101', os.name: 'Windows 10', os.arch: 'amd64', os.version: '10.0', java.version: '14.0.1'
Driver info: org.openqa.selenium.chrome.ChromeDriver
Capabilities [{networkConnectionEnabled=false, chrome={chromedriverVersion=83.0.4103.39 (ccbf011cb2d2b19b506d844400483861342c20cd-refs/branch-heads/4103@{#416}), userDataDir=C:\Users\karth\AppData\Local\Temp\scoped_dir25220_1351045351}, timeouts={implicit=0, pageLoad=300000, script=30000}, pageLoadStrategy=normal, unhandledPromptBehavior=dismiss and notify, strictFileInteractability=false, platform=XP, proxy=Proxy(), goog:chromeOptions={debuggerAddress=localhost:63774}, acceptInsecureCerts=false, browserVersion=83.0.4103.116, browserName=chrome, javascriptEnabled=true, platformName=XP, setWindowRect=true, webauthn:virtualAuthenticators=true}]
Session ID: 1a6ee44fdd4bb406cca96411347ee534
*** Element info: {Using=xpath, value=//div[@id='sidebar-menu']//h3[.='Main Menu']}</td>
																							</tr>
																							<tr>
																								<td class='status info' title='info' alt='info'><i class='mdi-action-info-outline'></i></td>
																								<td class='timestamp'>09:40:22</td>
																								<td class='step-details'>Test Data Set: Chrome</td>
																							</tr>
																							<tr>
																								<td class='status info' title='info' alt='info'><i class='mdi-action-info-outline'></i></td>
																								<td class='timestamp'>09:40:22</td>
																								<td class='step-details'>Error Snapshot:<a href='C:\AAX-Live\AAX-v1.9.0 - SRC\Results\TestRun_21Jul_0937\Screenshots\07212020 09.38.09 AM\TC07_SideBar_Menus_Check if the Main Menu panel is displayed_07212020 09.40.22 AM.png' data-featherlight='image'><img class='report-img' src='file:///C:\AAX-Live\AAX-v1.9.0 - SRC\Results\TestRun_21Jul_0937\Screenshots\07212020 09.38.09 AM\TC07_SideBar_Menus_Check if the Main Menu panel is displayed_07212020 09.40.22 AM.png' /></a></td>
																							</tr>
																					</tbody>
																				</table>
																			</div>
																		</div>
																	</li>
																	<li class='displayed fail node-1x'>
																		<div class='collapsible-header test-node fail'>
																			<div class='right test-info'>
																				<span title='Test started time' alt='Test started time' class='test-started-time label green lighten-2 text-white'>2020-07-21 09:40:22</span>
																				<span title='Test ended time' alt='Test ended time' class='test-ended-time label red lighten-2 text-white'>2020-07-21 09:40:35</span>
																				<span title='Time taken to finish' alt='Time taken to finish' class='test-time-taken label blue-grey lighten-2 text-white'>0h 0m 12s+525ms</span>
																				<span class='test-status label outline capitalize fail'>fail</span>
																			</div>
																			<div class='test-node-name'>#-6 : Check if theTest Plan link is displayed</div>
																				<div class='test-node-desc'></div>
																		</div>
																		<div class='collapsible-body'>
																			<div class='test-steps'>
																				<table class='bordered table-results'>
																					<thead>
																						<tr>
																							<th>Status</th>
																							<th>Timestamp</th>
																							<th>Details</th>
																						</tr>
																					</thead>
																					<tbody>
																							<tr>
																								<td class='status info' title='info' alt='info'><i class='mdi-action-info-outline'></i></td>
																								<td class='timestamp'>09:40:35</td>
																								<td class='step-details'>TSID : #-6</td>
																							</tr>
																							<tr>
																								<td class='status info' title='info' alt='info'><i class='mdi-action-info-outline'></i></td>
																								<td class='timestamp'>09:40:35</td>
																								<td class='step-details'>Keyword: verifyText</td>
																							</tr>
																							<tr>
																								<td class='status info' title='info' alt='info'><i class='mdi-action-info-outline'></i></td>
																								<td class='timestamp'>09:40:35</td>
																								<td class='step-details'>Element Id: //div[@id='sidebar-menu']//ul[@class='nav side-menu']/li[2]/a</td>
																							</tr>
																							<tr>
																								<td class='status info' title='info' alt='info'><i class='mdi-action-info-outline'></i></td>
																								<td class='timestamp'>09:40:35</td>
																								<td class='step-details'>Test Data: Test Plan</td>
																							</tr>
																							<tr>
																								<td class='status fail' title='fail' alt='fail'><i class='mdi-navigation-cancel'></i></td>
																								<td class='timestamp'>09:40:35</td>
																								<td class='step-details'></td>
																							</tr>
																							<tr>
																								<td class='status info' title='info' alt='info'><i class='mdi-action-info-outline'></i></td>
																								<td class='timestamp'>09:40:35</td>
																								<td class='step-details'>Error : org.openqa.selenium.NoSuchElementException: no such element: Unable to locate element: {"method":"xpath","selector":"//div[@id='sidebar-menu']//ul[@class='nav side-menu']/li[2]/a"}
  (Session info: chrome=83.0.4103.116)
For documentation on this error, please visit: http://seleniumhq.org/exceptions/no_such_element.html
Build info: version: 'unknown', revision: 'unknown', time: 'unknown'
System info: host: 'DESKTOP-E8LPHKO', ip: '192.168.1.101', os.name: 'Windows 10', os.arch: 'amd64', os.version: '10.0', java.version: '14.0.1'
Driver info: org.openqa.selenium.chrome.ChromeDriver
Capabilities [{networkConnectionEnabled=false, chrome={chromedriverVersion=83.0.4103.39 (ccbf011cb2d2b19b506d844400483861342c20cd-refs/branch-heads/4103@{#416}), userDataDir=C:\Users\karth\AppData\Local\Temp\scoped_dir25220_1351045351}, timeouts={implicit=0, pageLoad=300000, script=30000}, pageLoadStrategy=normal, unhandledPromptBehavior=dismiss and notify, strictFileInteractability=false, platform=XP, proxy=Proxy(), goog:chromeOptions={debuggerAddress=localhost:63774}, acceptInsecureCerts=false, browserVersion=83.0.4103.116, browserName=chrome, javascriptEnabled=true, platformName=XP, setWindowRect=true, webauthn:virtualAuthenticators=true}]
Session ID: 1a6ee44fdd4bb406cca96411347ee534
*** Element info: {Using=xpath, value=//div[@id='sidebar-menu']//ul[@class='nav side-menu']/li[2]/a}</td>
																							</tr>
																							<tr>
																								<td class='status info' title='info' alt='info'><i class='mdi-action-info-outline'></i></td>
																								<td class='timestamp'>09:40:35</td>
																								<td class='step-details'>Test Data Set: Chrome</td>
																							</tr>
																							<tr>
																								<td class='status info' title='info' alt='info'><i class='mdi-action-info-outline'></i></td>
																								<td class='timestamp'>09:40:35</td>
																								<td class='step-details'>Error Snapshot:<a href='C:\AAX-Live\AAX-v1.9.0 - SRC\Results\TestRun_21Jul_0937\Screenshots\07212020 09.38.09 AM\TC07_SideBar_Menus_Check if theTest Plan link is displayed_07212020 09.40.34 AM.png' data-featherlight='image'><img class='report-img' src='file:///C:\AAX-Live\AAX-v1.9.0 - SRC\Results\TestRun_21Jul_0937\Screenshots\07212020 09.38.09 AM\TC07_SideBar_Menus_Check if theTest Plan link is displayed_07212020 09.40.34 AM.png' /></a></td>
																							</tr>
																					</tbody>
																				</table>
																			</div>
																		</div>
																	</li>
																	<li class='displayed fail node-1x'>
																		<div class='collapsible-header test-node fail'>
																			<div class='right test-info'>
																				<span title='Test started time' alt='Test started time' class='test-started-time label green lighten-2 text-white'>2020-07-21 09:40:35</span>
																				<span title='Test ended time' alt='Test ended time' class='test-ended-time label red lighten-2 text-white'>2020-07-21 09:40:47</span>
																				<span title='Time taken to finish' alt='Time taken to finish' class='test-time-taken label blue-grey lighten-2 text-white'>0h 0m 12s+488ms</span>
																				<span class='test-status label outline capitalize fail'>fail</span>
																			</div>
																			<div class='test-node-name'>#-7 : Verify Test Run Setup Menu Link is displayed</div>
																				<div class='test-node-desc'></div>
																		</div>
																		<div class='collapsible-body'>
																			<div class='test-steps'>
																				<table class='bordered table-results'>
																					<thead>
																						<tr>
																							<th>Status</th>
																							<th>Timestamp</th>
																							<th>Details</th>
																						</tr>
																					</thead>
																					<tbody>
																							<tr>
																								<td class='status info' title='info' alt='info'><i class='mdi-action-info-outline'></i></td>
																								<td class='timestamp'>09:40:47</td>
																								<td class='step-details'>TSID : #-7</td>
																							</tr>
																							<tr>
																								<td class='status info' title='info' alt='info'><i class='mdi-action-info-outline'></i></td>
																								<td class='timestamp'>09:40:47</td>
																								<td class='step-details'>Keyword: verifyText</td>
																							</tr>
																							<tr>
																								<td class='status info' title='info' alt='info'><i class='mdi-action-info-outline'></i></td>
																								<td class='timestamp'>09:40:47</td>
																								<td class='step-details'>Element Id: //div[@id='sidebar-menu']//ul[@class='nav side-menu']//a[@href='run-setup.php']</td>
																							</tr>
																							<tr>
																								<td class='status info' title='info' alt='info'><i class='mdi-action-info-outline'></i></td>
																								<td class='timestamp'>09:40:47</td>
																								<td class='step-details'>Test Data: Test Run Setupxx</td>
																							</tr>
																							<tr>
																								<td class='status fail' title='fail' alt='fail'><i class='mdi-navigation-cancel'></i></td>
																								<td class='timestamp'>09:40:47</td>
																								<td class='step-details'></td>
																							</tr>
																							<tr>
																								<td class='status info' title='info' alt='info'><i class='mdi-action-info-outline'></i></td>
																								<td class='timestamp'>09:40:47</td>
																								<td class='step-details'>Error : org.openqa.selenium.NoSuchElementException: no such element: Unable to locate element: {"method":"xpath","selector":"//div[@id='sidebar-menu']//ul[@class='nav side-menu']//a[@href='run-setup.php']"}
  (Session info: chrome=83.0.4103.116)
For documentation on this error, please visit: http://seleniumhq.org/exceptions/no_such_element.html
Build info: version: 'unknown', revision: 'unknown', time: 'unknown'
System info: host: 'DESKTOP-E8LPHKO', ip: '192.168.1.101', os.name: 'Windows 10', os.arch: 'amd64', os.version: '10.0', java.version: '14.0.1'
Driver info: org.openqa.selenium.chrome.ChromeDriver
Capabilities [{networkConnectionEnabled=false, chrome={chromedriverVersion=83.0.4103.39 (ccbf011cb2d2b19b506d844400483861342c20cd-refs/branch-heads/4103@{#416}), userDataDir=C:\Users\karth\AppData\Local\Temp\scoped_dir25220_1351045351}, timeouts={implicit=0, pageLoad=300000, script=30000}, pageLoadStrategy=normal, unhandledPromptBehavior=dismiss and notify, strictFileInteractability=false, platform=XP, proxy=Proxy(), goog:chromeOptions={debuggerAddress=localhost:63774}, acceptInsecureCerts=false, browserVersion=83.0.4103.116, browserName=chrome, javascriptEnabled=true, platformName=XP, setWindowRect=true, webauthn:virtualAuthenticators=true}]
Session ID: 1a6ee44fdd4bb406cca96411347ee534
*** Element info: {Using=xpath, value=//div[@id='sidebar-menu']//ul[@class='nav side-menu']//a[@href='run-setup.php']}</td>
																							</tr>
																							<tr>
																								<td class='status info' title='info' alt='info'><i class='mdi-action-info-outline'></i></td>
																								<td class='timestamp'>09:40:47</td>
																								<td class='step-details'>Test Data Set: Chrome</td>
																							</tr>
																							<tr>
																								<td class='status info' title='info' alt='info'><i class='mdi-action-info-outline'></i></td>
																								<td class='timestamp'>09:40:47</td>
																								<td class='step-details'>Error Snapshot:<a href='C:\AAX-Live\AAX-v1.9.0 - SRC\Results\TestRun_21Jul_0937\Screenshots\07212020 09.38.09 AM\TC07_SideBar_Menus_Verify Test Run Setup Menu Link is displayed_07212020 09.40.47 AM.png' data-featherlight='image'><img class='report-img' src='file:///C:\AAX-Live\AAX-v1.9.0 - SRC\Results\TestRun_21Jul_0937\Screenshots\07212020 09.38.09 AM\TC07_SideBar_Menus_Verify Test Run Setup Menu Link is displayed_07212020 09.40.47 AM.png' /></a></td>
																							</tr>
																					</tbody>
																				</table>
																			</div>
																		</div>
																	</li>
																	<li class='displayed fail node-1x'>
																		<div class='collapsible-header test-node fail'>
																			<div class='right test-info'>
																				<span title='Test started time' alt='Test started time' class='test-started-time label green lighten-2 text-white'>2020-07-21 09:40:47</span>
																				<span title='Test ended time' alt='Test ended time' class='test-ended-time label red lighten-2 text-white'>2020-07-21 09:41:00</span>
																				<span title='Time taken to finish' alt='Time taken to finish' class='test-time-taken label blue-grey lighten-2 text-white'>0h 0m 12s+671ms</span>
																				<span class='test-status label outline capitalize fail'>fail</span>
																			</div>
																			<div class='test-node-name'>#-8 : Verify Test Run side bar Menu Link is displayed</div>
																				<div class='test-node-desc'></div>
																		</div>
																		<div class='collapsible-body'>
																			<div class='test-steps'>
																				<table class='bordered table-results'>
																					<thead>
																						<tr>
																							<th>Status</th>
																							<th>Timestamp</th>
																							<th>Details</th>
																						</tr>
																					</thead>
																					<tbody>
																							<tr>
																								<td class='status info' title='info' alt='info'><i class='mdi-action-info-outline'></i></td>
																								<td class='timestamp'>09:41:00</td>
																								<td class='step-details'>TSID : #-8</td>
																							</tr>
																							<tr>
																								<td class='status info' title='info' alt='info'><i class='mdi-action-info-outline'></i></td>
																								<td class='timestamp'>09:41:00</td>
																								<td class='step-details'>Keyword: verifyText</td>
																							</tr>
																							<tr>
																								<td class='status info' title='info' alt='info'><i class='mdi-action-info-outline'></i></td>
																								<td class='timestamp'>09:41:00</td>
																								<td class='step-details'>Element Id: //div[@id='sidebar-menu']//ul[@class='nav side-menu']//a[@href='test-run.php']</td>
																							</tr>
																							<tr>
																								<td class='status info' title='info' alt='info'><i class='mdi-action-info-outline'></i></td>
																								<td class='timestamp'>09:41:00</td>
																								<td class='step-details'>Test Data: Test Run124</td>
																							</tr>
																							<tr>
																								<td class='status fail' title='fail' alt='fail'><i class='mdi-navigation-cancel'></i></td>
																								<td class='timestamp'>09:41:00</td>
																								<td class='step-details'></td>
																							</tr>
																							<tr>
																								<td class='status info' title='info' alt='info'><i class='mdi-action-info-outline'></i></td>
																								<td class='timestamp'>09:41:00</td>
																								<td class='step-details'>Error : org.openqa.selenium.NoSuchElementException: no such element: Unable to locate element: {"method":"xpath","selector":"//div[@id='sidebar-menu']//ul[@class='nav side-menu']//a[@href='test-run.php']"}
  (Session info: chrome=83.0.4103.116)
For documentation on this error, please visit: http://seleniumhq.org/exceptions/no_such_element.html
Build info: version: 'unknown', revision: 'unknown', time: 'unknown'
System info: host: 'DESKTOP-E8LPHKO', ip: '192.168.1.101', os.name: 'Windows 10', os.arch: 'amd64', os.version: '10.0', java.version: '14.0.1'
Driver info: org.openqa.selenium.chrome.ChromeDriver
Capabilities [{networkConnectionEnabled=false, chrome={chromedriverVersion=83.0.4103.39 (ccbf011cb2d2b19b506d844400483861342c20cd-refs/branch-heads/4103@{#416}), userDataDir=C:\Users\karth\AppData\Local\Temp\scoped_dir25220_1351045351}, timeouts={implicit=0, pageLoad=300000, script=30000}, pageLoadStrategy=normal, unhandledPromptBehavior=dismiss and notify, strictFileInteractability=false, platform=XP, proxy=Proxy(), goog:chromeOptions={debuggerAddress=localhost:63774}, acceptInsecureCerts=false, browserVersion=83.0.4103.116, browserName=chrome, javascriptEnabled=true, platformName=XP, setWindowRect=true, webauthn:virtualAuthenticators=true}]
Session ID: 1a6ee44fdd4bb406cca96411347ee534
*** Element info: {Using=xpath, value=//div[@id='sidebar-menu']//ul[@class='nav side-menu']//a[@href='test-run.php']}</td>
																							</tr>
																							<tr>
																								<td class='status info' title='info' alt='info'><i class='mdi-action-info-outline'></i></td>
																								<td class='timestamp'>09:41:00</td>
																								<td class='step-details'>Test Data Set: Chrome</td>
																							</tr>
																							<tr>
																								<td class='status info' title='info' alt='info'><i class='mdi-action-info-outline'></i></td>
																								<td class='timestamp'>09:41:00</td>
																								<td class='step-details'>Error Snapshot:<a href='C:\AAX-Live\AAX-v1.9.0 - SRC\Results\TestRun_21Jul_0937\Screenshots\07212020 09.38.09 AM\TC07_SideBar_Menus_Verify Test Run side bar Menu Link is displayed_07212020 09.40.59 AM.png' data-featherlight='image'><img class='report-img' src='file:///C:\AAX-Live\AAX-v1.9.0 - SRC\Results\TestRun_21Jul_0937\Screenshots\07212020 09.38.09 AM\TC07_SideBar_Menus_Verify Test Run side bar Menu Link is displayed_07212020 09.40.59 AM.png' /></a></td>
																							</tr>
																					</tbody>
																				</table>
																			</div>
																		</div>
																	</li>
																	<li class='displayed fail node-1x'>
																		<div class='collapsible-header test-node fail'>
																			<div class='right test-info'>
																				<span title='Test started time' alt='Test started time' class='test-started-time label green lighten-2 text-white'>2020-07-21 09:41:00</span>
																				<span title='Test ended time' alt='Test ended time' class='test-ended-time label red lighten-2 text-white'>2020-07-21 09:41:13</span>
																				<span title='Time taken to finish' alt='Time taken to finish' class='test-time-taken label blue-grey lighten-2 text-white'>0h 0m 12s+594ms</span>
																				<span class='test-status label outline capitalize fail'>fail</span>
																			</div>
																			<div class='test-node-name'>#-9 : Check if the Test Results link is displayed</div>
																				<div class='test-node-desc'></div>
																		</div>
																		<div class='collapsible-body'>
																			<div class='test-steps'>
																				<table class='bordered table-results'>
																					<thead>
																						<tr>
																							<th>Status</th>
																							<th>Timestamp</th>
																							<th>Details</th>
																						</tr>
																					</thead>
																					<tbody>
																							<tr>
																								<td class='status info' title='info' alt='info'><i class='mdi-action-info-outline'></i></td>
																								<td class='timestamp'>09:41:13</td>
																								<td class='step-details'>TSID : #-9</td>
																							</tr>
																							<tr>
																								<td class='status info' title='info' alt='info'><i class='mdi-action-info-outline'></i></td>
																								<td class='timestamp'>09:41:13</td>
																								<td class='step-details'>Keyword: verifyText</td>
																							</tr>
																							<tr>
																								<td class='status info' title='info' alt='info'><i class='mdi-action-info-outline'></i></td>
																								<td class='timestamp'>09:41:13</td>
																								<td class='step-details'>Element Id: //div[@id='sidebar-menu']//ul[@class='nav side-menu']//a[@href='test-results.php']</td>
																							</tr>
																							<tr>
																								<td class='status info' title='info' alt='info'><i class='mdi-action-info-outline'></i></td>
																								<td class='timestamp'>09:41:13</td>
																								<td class='step-details'>Test Data: Test Results</td>
																							</tr>
																							<tr>
																								<td class='status fail' title='fail' alt='fail'><i class='mdi-navigation-cancel'></i></td>
																								<td class='timestamp'>09:41:13</td>
																								<td class='step-details'></td>
																							</tr>
																							<tr>
																								<td class='status info' title='info' alt='info'><i class='mdi-action-info-outline'></i></td>
																								<td class='timestamp'>09:41:13</td>
																								<td class='step-details'>Error : org.openqa.selenium.NoSuchElementException: no such element: Unable to locate element: {"method":"xpath","selector":"//div[@id='sidebar-menu']//ul[@class='nav side-menu']//a[@href='test-results.php']"}
  (Session info: chrome=83.0.4103.116)
For documentation on this error, please visit: http://seleniumhq.org/exceptions/no_such_element.html
Build info: version: 'unknown', revision: 'unknown', time: 'unknown'
System info: host: 'DESKTOP-E8LPHKO', ip: '192.168.1.101', os.name: 'Windows 10', os.arch: 'amd64', os.version: '10.0', java.version: '14.0.1'
Driver info: org.openqa.selenium.chrome.ChromeDriver
Capabilities [{networkConnectionEnabled=false, chrome={chromedriverVersion=83.0.4103.39 (ccbf011cb2d2b19b506d844400483861342c20cd-refs/branch-heads/4103@{#416}), userDataDir=C:\Users\karth\AppData\Local\Temp\scoped_dir25220_1351045351}, timeouts={implicit=0, pageLoad=300000, script=30000}, pageLoadStrategy=normal, unhandledPromptBehavior=dismiss and notify, strictFileInteractability=false, platform=XP, proxy=Proxy(), goog:chromeOptions={debuggerAddress=localhost:63774}, acceptInsecureCerts=false, browserVersion=83.0.4103.116, browserName=chrome, javascriptEnabled=true, platformName=XP, setWindowRect=true, webauthn:virtualAuthenticators=true}]
Session ID: 1a6ee44fdd4bb406cca96411347ee534
*** Element info: {Using=xpath, value=//div[@id='sidebar-menu']//ul[@class='nav side-menu']//a[@href='test-results.php']}</td>
																							</tr>
																							<tr>
																								<td class='status info' title='info' alt='info'><i class='mdi-action-info-outline'></i></td>
																								<td class='timestamp'>09:41:13</td>
																								<td class='step-details'>Test Data Set: Chrome</td>
																							</tr>
																							<tr>
																								<td class='status info' title='info' alt='info'><i class='mdi-action-info-outline'></i></td>
																								<td class='timestamp'>09:41:13</td>
																								<td class='step-details'>Error Snapshot:<a href='C:\AAX-Live\AAX-v1.9.0 - SRC\Results\TestRun_21Jul_0937\Screenshots\07212020 09.38.09 AM\TC07_SideBar_Menus_Check if the Test Results link is displayed_07212020 09.41.12 AM.png' data-featherlight='image'><img class='report-img' src='file:///C:\AAX-Live\AAX-v1.9.0 - SRC\Results\TestRun_21Jul_0937\Screenshots\07212020 09.38.09 AM\TC07_SideBar_Menus_Check if the Test Results link is displayed_07212020 09.41.12 AM.png' /></a></td>
																							</tr>
																					</tbody>
																				</table>
																			</div>
																		</div>
																	</li>
																	<li class='displayed fail node-1x'>
																		<div class='collapsible-header test-node fail'>
																			<div class='right test-info'>
																				<span title='Test started time' alt='Test started time' class='test-started-time label green lighten-2 text-white'>2020-07-21 09:41:13</span>
																				<span title='Test ended time' alt='Test ended time' class='test-ended-time label red lighten-2 text-white'>2020-07-21 09:41:25</span>
																				<span title='Time taken to finish' alt='Time taken to finish' class='test-time-taken label blue-grey lighten-2 text-white'>0h 0m 12s+624ms</span>
																				<span class='test-status label outline capitalize fail'>fail</span>
																			</div>
																			<div class='test-node-name'>#-10 : Click on Test Plan side menu</div>
																				<div class='test-node-desc'></div>
																		</div>
																		<div class='collapsible-body'>
																			<div class='test-steps'>
																				<table class='bordered table-results'>
																					<thead>
																						<tr>
																							<th>Status</th>
																							<th>Timestamp</th>
																							<th>Details</th>
																						</tr>
																					</thead>
																					<tbody>
																							<tr>
																								<td class='status info' title='info' alt='info'><i class='mdi-action-info-outline'></i></td>
																								<td class='timestamp'>09:41:25</td>
																								<td class='step-details'>TSID : #-10</td>
																							</tr>
																							<tr>
																								<td class='status info' title='info' alt='info'><i class='mdi-action-info-outline'></i></td>
																								<td class='timestamp'>09:41:25</td>
																								<td class='step-details'>Keyword: clickButton</td>
																							</tr>
																							<tr>
																								<td class='status info' title='info' alt='info'><i class='mdi-action-info-outline'></i></td>
																								<td class='timestamp'>09:41:25</td>
																								<td class='step-details'>Element Id: //div[@id='sidebar-menu']//ul[@class='nav side-menu']/li[2]/a</td>
																							</tr>
																							<tr>
																								<td class='status info' title='info' alt='info'><i class='mdi-action-info-outline'></i></td>
																								<td class='timestamp'>09:41:25</td>
																								<td class='step-details'>Test Data:</td>
																							</tr>
																							<tr>
																								<td class='status fail' title='fail' alt='fail'><i class='mdi-navigation-cancel'></i></td>
																								<td class='timestamp'>09:41:25</td>
																								<td class='step-details'></td>
																							</tr>
																							<tr>
																								<td class='status info' title='info' alt='info'><i class='mdi-action-info-outline'></i></td>
																								<td class='timestamp'>09:41:25</td>
																								<td class='step-details'>Error : org.openqa.selenium.NoSuchElementException: no such element: Unable to locate element: {"method":"xpath","selector":"//div[@id='sidebar-menu']//ul[@class='nav side-menu']/li[2]/a"}
  (Session info: chrome=83.0.4103.116)
For documentation on this error, please visit: http://seleniumhq.org/exceptions/no_such_element.html
Build info: version: 'unknown', revision: 'unknown', time: 'unknown'
System info: host: 'DESKTOP-E8LPHKO', ip: '192.168.1.101', os.name: 'Windows 10', os.arch: 'amd64', os.version: '10.0', java.version: '14.0.1'
Driver info: org.openqa.selenium.chrome.ChromeDriver
Capabilities [{networkConnectionEnabled=false, chrome={chromedriverVersion=83.0.4103.39 (ccbf011cb2d2b19b506d844400483861342c20cd-refs/branch-heads/4103@{#416}), userDataDir=C:\Users\karth\AppData\Local\Temp\scoped_dir25220_1351045351}, timeouts={implicit=0, pageLoad=300000, script=30000}, pageLoadStrategy=normal, unhandledPromptBehavior=dismiss and notify, strictFileInteractability=false, platform=XP, proxy=Proxy(), goog:chromeOptions={debuggerAddress=localhost:63774}, acceptInsecureCerts=false, browserVersion=83.0.4103.116, browserName=chrome, javascriptEnabled=true, platformName=XP, setWindowRect=true, webauthn:virtualAuthenticators=true}]
Session ID: 1a6ee44fdd4bb406cca96411347ee534
*** Element info: {Using=xpath, value=//div[@id='sidebar-menu']//ul[@class='nav side-menu']/li[2]/a}</td>
																							</tr>
																							<tr>
																								<td class='status info' title='info' alt='info'><i class='mdi-action-info-outline'></i></td>
																								<td class='timestamp'>09:41:25</td>
																								<td class='step-details'>Test Data Set: Chrome</td>
																							</tr>
																							<tr>
																								<td class='status info' title='info' alt='info'><i class='mdi-action-info-outline'></i></td>
																								<td class='timestamp'>09:41:25</td>
																								<td class='step-details'>Error Snapshot:<a href='C:\AAX-Live\AAX-v1.9.0 - SRC\Results\TestRun_21Jul_0937\Screenshots\07212020 09.38.09 AM\TC07_SideBar_Menus_Click on Test Plan side menu_07212020 09.41.25 AM.png' data-featherlight='image'><img class='report-img' src='file:///C:\AAX-Live\AAX-v1.9.0 - SRC\Results\TestRun_21Jul_0937\Screenshots\07212020 09.38.09 AM\TC07_SideBar_Menus_Click on Test Plan side menu_07212020 09.41.25 AM.png' /></a></td>
																							</tr>
																					</tbody>
																				</table>
																			</div>
																		</div>
																	</li>
																	<li class='displayed pass node-1x'>
																		<div class='collapsible-header test-node pass'>
																			<div class='right test-info'>
																				<span title='Test started time' alt='Test started time' class='test-started-time label green lighten-2 text-white'>2020-07-21 09:41:25</span>
																				<span title='Test ended time' alt='Test ended time' class='test-ended-time label red lighten-2 text-white'>2020-07-21 09:41:26</span>
																				<span title='Time taken to finish' alt='Time taken to finish' class='test-time-taken label blue-grey lighten-2 text-white'>0h 0m 1s+41ms</span>
																				<span class='test-status label outline capitalize pass'>pass</span>
																			</div>
																			<div class='test-node-name'>#-11 : wait</div>
																				<div class='test-node-desc'></div>
																		</div>
																		<div class='collapsible-body'>
																			<div class='test-steps'>
																				<table class='bordered table-results'>
																					<thead>
																						<tr>
																							<th>Status</th>
																							<th>Timestamp</th>
																							<th>Details</th>
																						</tr>
																					</thead>
																					<tbody>
																							<tr>
																								<td class='status info' title='info' alt='info'><i class='mdi-action-info-outline'></i></td>
																								<td class='timestamp'>09:41:26</td>
																								<td class='step-details'>TSID : #-11</td>
																							</tr>
																							<tr>
																								<td class='status info' title='info' alt='info'><i class='mdi-action-info-outline'></i></td>
																								<td class='timestamp'>09:41:26</td>
																								<td class='step-details'>Keyword : waitForSeconds</td>
																							</tr>
																							<tr>
																								<td class='status info' title='info' alt='info'><i class='mdi-action-info-outline'></i></td>
																								<td class='timestamp'>09:41:26</td>
																								<td class='step-details'>Element Id: -</td>
																							</tr>
																							<tr>
																								<td class='status info' title='info' alt='info'><i class='mdi-action-info-outline'></i></td>
																								<td class='timestamp'>09:41:26</td>
																								<td class='step-details'>Test Data: 1</td>
																							</tr>
																							<tr>
																								<td class='status pass' title='pass' alt='pass'><i class='mdi-action-check-circle'></i></td>
																								<td class='timestamp'>09:41:26</td>
																								<td class='step-details'></td>
																							</tr>
																							<tr>
																								<td class='status info' title='info' alt='info'><i class='mdi-action-info-outline'></i></td>
																								<td class='timestamp'>09:41:26</td>
																								<td class='step-details'>Test Data Set: Chrome</td>
																							</tr>
																					</tbody>
																				</table>
																			</div>
																		</div>
																	</li>
																	<li class='displayed fail node-1x'>
																		<div class='collapsible-header test-node fail'>
																			<div class='right test-info'>
																				<span title='Test started time' alt='Test started time' class='test-started-time label green lighten-2 text-white'>2020-07-21 09:41:26</span>
																				<span title='Test ended time' alt='Test ended time' class='test-ended-time label red lighten-2 text-white'>2020-07-21 09:41:39</span>
																				<span title='Time taken to finish' alt='Time taken to finish' class='test-time-taken label blue-grey lighten-2 text-white'>0h 0m 12s+556ms</span>
																				<span class='test-status label outline capitalize fail'>fail</span>
																			</div>
																			<div class='test-node-name'>#-12 : Verify testPlan_TestSetUp_SideMenu Link is diaplayed</div>
																				<div class='test-node-desc'></div>
																		</div>
																		<div class='collapsible-body'>
																			<div class='test-steps'>
																				<table class='bordered table-results'>
																					<thead>
																						<tr>
																							<th>Status</th>
																							<th>Timestamp</th>
																							<th>Details</th>
																						</tr>
																					</thead>
																					<tbody>
																							<tr>
																								<td class='status info' title='info' alt='info'><i class='mdi-action-info-outline'></i></td>
																								<td class='timestamp'>09:41:39</td>
																								<td class='step-details'>TSID : #-12</td>
																							</tr>
																							<tr>
																								<td class='status info' title='info' alt='info'><i class='mdi-action-info-outline'></i></td>
																								<td class='timestamp'>09:41:39</td>
																								<td class='step-details'>Keyword: verifyText</td>
																							</tr>
																							<tr>
																								<td class='status info' title='info' alt='info'><i class='mdi-action-info-outline'></i></td>
																								<td class='timestamp'>09:41:39</td>
																								<td class='step-details'>Element Id: //div[@id='sidebar-menu']//ul[@class='nav side-menu']/li[2]/ul/li[1]/a</td>
																							</tr>
																							<tr>
																								<td class='status info' title='info' alt='info'><i class='mdi-action-info-outline'></i></td>
																								<td class='timestamp'>09:41:39</td>
																								<td class='step-details'>Test Data: Test Setup</td>
																							</tr>
																							<tr>
																								<td class='status fail' title='fail' alt='fail'><i class='mdi-navigation-cancel'></i></td>
																								<td class='timestamp'>09:41:39</td>
																								<td class='step-details'></td>
																							</tr>
																							<tr>
																								<td class='status info' title='info' alt='info'><i class='mdi-action-info-outline'></i></td>
																								<td class='timestamp'>09:41:39</td>
																								<td class='step-details'>Error : org.openqa.selenium.NoSuchElementException: no such element: Unable to locate element: {"method":"xpath","selector":"//div[@id='sidebar-menu']//ul[@class='nav side-menu']/li[2]/ul/li[1]/a"}
  (Session info: chrome=83.0.4103.116)
For documentation on this error, please visit: http://seleniumhq.org/exceptions/no_such_element.html
Build info: version: 'unknown', revision: 'unknown', time: 'unknown'
System info: host: 'DESKTOP-E8LPHKO', ip: '192.168.1.101', os.name: 'Windows 10', os.arch: 'amd64', os.version: '10.0', java.version: '14.0.1'
Driver info: org.openqa.selenium.chrome.ChromeDriver
Capabilities [{networkConnectionEnabled=false, chrome={chromedriverVersion=83.0.4103.39 (ccbf011cb2d2b19b506d844400483861342c20cd-refs/branch-heads/4103@{#416}), userDataDir=C:\Users\karth\AppData\Local\Temp\scoped_dir25220_1351045351}, timeouts={implicit=0, pageLoad=300000, script=30000}, pageLoadStrategy=normal, unhandledPromptBehavior=dismiss and notify, strictFileInteractability=false, platform=XP, proxy=Proxy(), goog:chromeOptions={debuggerAddress=localhost:63774}, acceptInsecureCerts=false, browserVersion=83.0.4103.116, browserName=chrome, javascriptEnabled=true, platformName=XP, setWindowRect=true, webauthn:virtualAuthenticators=true}]
Session ID: 1a6ee44fdd4bb406cca96411347ee534
*** Element info: {Using=xpath, value=//div[@id='sidebar-menu']//ul[@class='nav side-menu']/li[2]/ul/li[1]/a}</td>
																							</tr>
																							<tr>
																								<td class='status info' title='info' alt='info'><i class='mdi-action-info-outline'></i></td>
																								<td class='timestamp'>09:41:39</td>
																								<td class='step-details'>Test Data Set: Chrome</td>
																							</tr>
																							<tr>
																								<td class='status info' title='info' alt='info'><i class='mdi-action-info-outline'></i></td>
																								<td class='timestamp'>09:41:39</td>
																								<td class='step-details'>Error Snapshot:<a href='C:\AAX-Live\AAX-v1.9.0 - SRC\Results\TestRun_21Jul_0937\Screenshots\07212020 09.38.09 AM\TC07_SideBar_Menus_Verify testPlan_TestSetUp_SideMenu Link is diaplayed_07212020 09.41.38 AM.png' data-featherlight='image'><img class='report-img' src='file:///C:\AAX-Live\AAX-v1.9.0 - SRC\Results\TestRun_21Jul_0937\Screenshots\07212020 09.38.09 AM\TC07_SideBar_Menus_Verify testPlan_TestSetUp_SideMenu Link is diaplayed_07212020 09.41.38 AM.png' /></a></td>
																							</tr>
																					</tbody>
																				</table>
																			</div>
																		</div>
																	</li>
																	<li class='displayed fail node-1x'>
																		<div class='collapsible-header test-node fail'>
																			<div class='right test-info'>
																				<span title='Test started time' alt='Test started time' class='test-started-time label green lighten-2 text-white'>2020-07-21 09:41:39</span>
																				<span title='Test ended time' alt='Test ended time' class='test-ended-time label red lighten-2 text-white'>2020-07-21 09:41:51</span>
																				<span title='Time taken to finish' alt='Time taken to finish' class='test-time-taken label blue-grey lighten-2 text-white'>0h 0m 12s+603ms</span>
																				<span class='test-status label outline capitalize fail'>fail</span>
																			</div>
																			<div class='test-node-name'>#-13 : Verify ReusableElements_SideMenu Link is displayed</div>
																				<div class='test-node-desc'></div>
																		</div>
																		<div class='collapsible-body'>
																			<div class='test-steps'>
																				<table class='bordered table-results'>
																					<thead>
																						<tr>
																							<th>Status</th>
																							<th>Timestamp</th>
																							<th>Details</th>
																						</tr>
																					</thead>
																					<tbody>
																							<tr>
																								<td class='status info' title='info' alt='info'><i class='mdi-action-info-outline'></i></td>
																								<td class='timestamp'>09:41:51</td>
																								<td class='step-details'>TSID : #-13</td>
																							</tr>
																							<tr>
																								<td class='status info' title='info' alt='info'><i class='mdi-action-info-outline'></i></td>
																								<td class='timestamp'>09:41:51</td>
																								<td class='step-details'>Keyword: verifyText</td>
																							</tr>
																							<tr>
																								<td class='status info' title='info' alt='info'><i class='mdi-action-info-outline'></i></td>
																								<td class='timestamp'>09:41:51</td>
																								<td class='step-details'>Element Id: //div[@id='sidebar-menu']//ul[@class='nav side-menu']/li[2]/ul/li[2]/a</td>
																							</tr>
																							<tr>
																								<td class='status info' title='info' alt='info'><i class='mdi-action-info-outline'></i></td>
																								<td class='timestamp'>09:41:51</td>
																								<td class='step-details'>Test Data: Wrong Reusable Components</td>
																							</tr>
																							<tr>
																								<td class='status fail' title='fail' alt='fail'><i class='mdi-navigation-cancel'></i></td>
																								<td class='timestamp'>09:41:51</td>
																								<td class='step-details'></td>
																							</tr>
																							<tr>
																								<td class='status info' title='info' alt='info'><i class='mdi-action-info-outline'></i></td>
																								<td class='timestamp'>09:41:51</td>
																								<td class='step-details'>Error : org.openqa.selenium.NoSuchElementException: no such element: Unable to locate element: {"method":"xpath","selector":"//div[@id='sidebar-menu']//ul[@class='nav side-menu']/li[2]/ul/li[2]/a"}
  (Session info: chrome=83.0.4103.116)
For documentation on this error, please visit: http://seleniumhq.org/exceptions/no_such_element.html
Build info: version: 'unknown', revision: 'unknown', time: 'unknown'
System info: host: 'DESKTOP-E8LPHKO', ip: '192.168.1.101', os.name: 'Windows 10', os.arch: 'amd64', os.version: '10.0', java.version: '14.0.1'
Driver info: org.openqa.selenium.chrome.ChromeDriver
Capabilities [{networkConnectionEnabled=false, chrome={chromedriverVersion=83.0.4103.39 (ccbf011cb2d2b19b506d844400483861342c20cd-refs/branch-heads/4103@{#416}), userDataDir=C:\Users\karth\AppData\Local\Temp\scoped_dir25220_1351045351}, timeouts={implicit=0, pageLoad=300000, script=30000}, pageLoadStrategy=normal, unhandledPromptBehavior=dismiss and notify, strictFileInteractability=false, platform=XP, proxy=Proxy(), goog:chromeOptions={debuggerAddress=localhost:63774}, acceptInsecureCerts=false, browserVersion=83.0.4103.116, browserName=chrome, javascriptEnabled=true, platformName=XP, setWindowRect=true, webauthn:virtualAuthenticators=true}]
Session ID: 1a6ee44fdd4bb406cca96411347ee534
*** Element info: {Using=xpath, value=//div[@id='sidebar-menu']//ul[@class='nav side-menu']/li[2]/ul/li[2]/a}</td>
																							</tr>
																							<tr>
																								<td class='status info' title='info' alt='info'><i class='mdi-action-info-outline'></i></td>
																								<td class='timestamp'>09:41:51</td>
																								<td class='step-details'>Test Data Set: Chrome</td>
																							</tr>
																							<tr>
																								<td class='status info' title='info' alt='info'><i class='mdi-action-info-outline'></i></td>
																								<td class='timestamp'>09:41:51</td>
																								<td class='step-details'>Error Snapshot:<a href='C:\AAX-Live\AAX-v1.9.0 - SRC\Results\TestRun_21Jul_0937\Screenshots\07212020 09.38.09 AM\TC07_SideBar_Menus_Verify ReusableElements_SideMenu Link is displayed_07212020 09.41.51 AM.png' data-featherlight='image'><img class='report-img' src='file:///C:\AAX-Live\AAX-v1.9.0 - SRC\Results\TestRun_21Jul_0937\Screenshots\07212020 09.38.09 AM\TC07_SideBar_Menus_Verify ReusableElements_SideMenu Link is displayed_07212020 09.41.51 AM.png' /></a></td>
																							</tr>
																					</tbody>
																				</table>
																			</div>
																		</div>
																	</li>
																	<li class='displayed fail node-1x'>
																		<div class='collapsible-header test-node fail'>
																			<div class='right test-info'>
																				<span title='Test started time' alt='Test started time' class='test-started-time label green lighten-2 text-white'>2020-07-21 09:41:51</span>
																				<span title='Test ended time' alt='Test ended time' class='test-ended-time label red lighten-2 text-white'>2020-07-21 09:42:04</span>
																				<span title='Time taken to finish' alt='Time taken to finish' class='test-time-taken label blue-grey lighten-2 text-white'>0h 0m 12s+744ms</span>
																				<span class='test-status label outline capitalize fail'>fail</span>
																			</div>
																			<div class='test-node-name'>#-14 : Verify ExportTestSetUp_SideMenu Link</div>
																				<div class='test-node-desc'></div>
																		</div>
																		<div class='collapsible-body'>
																			<div class='test-steps'>
																				<table class='bordered table-results'>
																					<thead>
																						<tr>
																							<th>Status</th>
																							<th>Timestamp</th>
																							<th>Details</th>
																						</tr>
																					</thead>
																					<tbody>
																							<tr>
																								<td class='status info' title='info' alt='info'><i class='mdi-action-info-outline'></i></td>
																								<td class='timestamp'>09:42:04</td>
																								<td class='step-details'>TSID : #-14</td>
																							</tr>
																							<tr>
																								<td class='status info' title='info' alt='info'><i class='mdi-action-info-outline'></i></td>
																								<td class='timestamp'>09:42:04</td>
																								<td class='step-details'>Keyword: verifyText</td>
																							</tr>
																							<tr>
																								<td class='status info' title='info' alt='info'><i class='mdi-action-info-outline'></i></td>
																								<td class='timestamp'>09:42:04</td>
																								<td class='step-details'>Element Id: //div[@id='sidebar-menu']//ul[@class='nav side-menu']/li[2]/ul//a[@title='Export to the Excel sheet']</td>
																							</tr>
																							<tr>
																								<td class='status info' title='info' alt='info'><i class='mdi-action-info-outline'></i></td>
																								<td class='timestamp'>09:42:04</td>
																								<td class='step-details'>Test Data: Export Test Setup</td>
																							</tr>
																							<tr>
																								<td class='status fail' title='fail' alt='fail'><i class='mdi-navigation-cancel'></i></td>
																								<td class='timestamp'>09:42:04</td>
																								<td class='step-details'></td>
																							</tr>
																							<tr>
																								<td class='status info' title='info' alt='info'><i class='mdi-action-info-outline'></i></td>
																								<td class='timestamp'>09:42:04</td>
																								<td class='step-details'>Error : org.openqa.selenium.NoSuchElementException: no such element: Unable to locate element: {"method":"xpath","selector":"//div[@id='sidebar-menu']//ul[@class='nav side-menu']/li[2]/ul//a[@title='Export to the Excel sheet']"}
  (Session info: chrome=83.0.4103.116)
For documentation on this error, please visit: http://seleniumhq.org/exceptions/no_such_element.html
Build info: version: 'unknown', revision: 'unknown', time: 'unknown'
System info: host: 'DESKTOP-E8LPHKO', ip: '192.168.1.101', os.name: 'Windows 10', os.arch: 'amd64', os.version: '10.0', java.version: '14.0.1'
Driver info: org.openqa.selenium.chrome.ChromeDriver
Capabilities [{networkConnectionEnabled=false, chrome={chromedriverVersion=83.0.4103.39 (ccbf011cb2d2b19b506d844400483861342c20cd-refs/branch-heads/4103@{#416}), userDataDir=C:\Users\karth\AppData\Local\Temp\scoped_dir25220_1351045351}, timeouts={implicit=0, pageLoad=300000, script=30000}, pageLoadStrategy=normal, unhandledPromptBehavior=dismiss and notify, strictFileInteractability=false, platform=XP, proxy=Proxy(), goog:chromeOptions={debuggerAddress=localhost:63774}, acceptInsecureCerts=false, browserVersion=83.0.4103.116, browserName=chrome, javascriptEnabled=true, platformName=XP, setWindowRect=true, webauthn:virtualAuthenticators=true}]
Session ID: 1a6ee44fdd4bb406cca96411347ee534
*** Element info: {Using=xpath, value=//div[@id='sidebar-menu']//ul[@class='nav side-menu']/li[2]/ul//a[@title='Export to the Excel sheet']}</td>
																							</tr>
																							<tr>
																								<td class='status info' title='info' alt='info'><i class='mdi-action-info-outline'></i></td>
																								<td class='timestamp'>09:42:04</td>
																								<td class='step-details'>Test Data Set: Chrome</td>
																							</tr>
																							<tr>
																								<td class='status info' title='info' alt='info'><i class='mdi-action-info-outline'></i></td>
																								<td class='timestamp'>09:42:04</td>
																								<td class='step-details'>Error Snapshot:<a href='C:\AAX-Live\AAX-v1.9.0 - SRC\Results\TestRun_21Jul_0937\Screenshots\07212020 09.38.09 AM\TC07_SideBar_Menus_Verify ExportTestSetUp_SideMenu Link_07212020 09.42.03 AM.png' data-featherlight='image'><img class='report-img' src='file:///C:\AAX-Live\AAX-v1.9.0 - SRC\Results\TestRun_21Jul_0937\Screenshots\07212020 09.38.09 AM\TC07_SideBar_Menus_Verify ExportTestSetUp_SideMenu Link_07212020 09.42.03 AM.png' /></a></td>
																							</tr>
																					</tbody>
																				</table>
																			</div>
																		</div>
																	</li>
																	<li class='displayed fail node-1x'>
																		<div class='collapsible-header test-node fail'>
																			<div class='right test-info'>
																				<span title='Test started time' alt='Test started time' class='test-started-time label green lighten-2 text-white'>2020-07-21 09:42:04</span>
																				<span title='Test ended time' alt='Test ended time' class='test-ended-time label red lighten-2 text-white'>2020-07-21 09:42:17</span>
																				<span title='Time taken to finish' alt='Time taken to finish' class='test-time-taken label blue-grey lighten-2 text-white'>0h 0m 12s+687ms</span>
																				<span class='test-status label outline capitalize fail'>fail</span>
																			</div>
																			<div class='test-node-name'>#-15 : Click on testPlan_TestSetUp_SideMenu link</div>
																				<div class='test-node-desc'></div>
																		</div>
																		<div class='collapsible-body'>
																			<div class='test-steps'>
																				<table class='bordered table-results'>
																					<thead>
																						<tr>
																							<th>Status</th>
																							<th>Timestamp</th>
																							<th>Details</th>
																						</tr>
																					</thead>
																					<tbody>
																							<tr>
																								<td class='status info' title='info' alt='info'><i class='mdi-action-info-outline'></i></td>
																								<td class='timestamp'>09:42:17</td>
																								<td class='step-details'>TSID : #-15</td>
																							</tr>
																							<tr>
																								<td class='status info' title='info' alt='info'><i class='mdi-action-info-outline'></i></td>
																								<td class='timestamp'>09:42:17</td>
																								<td class='step-details'>Keyword: clickButton</td>
																							</tr>
																							<tr>
																								<td class='status info' title='info' alt='info'><i class='mdi-action-info-outline'></i></td>
																								<td class='timestamp'>09:42:17</td>
																								<td class='step-details'>Element Id: //div[@id='sidebar-menu']//ul[@class='nav side-menu']/li[2]/ul/li[1]/a</td>
																							</tr>
																							<tr>
																								<td class='status info' title='info' alt='info'><i class='mdi-action-info-outline'></i></td>
																								<td class='timestamp'>09:42:17</td>
																								<td class='step-details'>Test Data:</td>
																							</tr>
																							<tr>
																								<td class='status fail' title='fail' alt='fail'><i class='mdi-navigation-cancel'></i></td>
																								<td class='timestamp'>09:42:17</td>
																								<td class='step-details'></td>
																							</tr>
																							<tr>
																								<td class='status info' title='info' alt='info'><i class='mdi-action-info-outline'></i></td>
																								<td class='timestamp'>09:42:17</td>
																								<td class='step-details'>Error : org.openqa.selenium.NoSuchElementException: no such element: Unable to locate element: {"method":"xpath","selector":"//div[@id='sidebar-menu']//ul[@class='nav side-menu']/li[2]/ul/li[1]/a"}
  (Session info: chrome=83.0.4103.116)
For documentation on this error, please visit: http://seleniumhq.org/exceptions/no_such_element.html
Build info: version: 'unknown', revision: 'unknown', time: 'unknown'
System info: host: 'DESKTOP-E8LPHKO', ip: '192.168.1.101', os.name: 'Windows 10', os.arch: 'amd64', os.version: '10.0', java.version: '14.0.1'
Driver info: org.openqa.selenium.chrome.ChromeDriver
Capabilities [{networkConnectionEnabled=false, chrome={chromedriverVersion=83.0.4103.39 (ccbf011cb2d2b19b506d844400483861342c20cd-refs/branch-heads/4103@{#416}), userDataDir=C:\Users\karth\AppData\Local\Temp\scoped_dir25220_1351045351}, timeouts={implicit=0, pageLoad=300000, script=30000}, pageLoadStrategy=normal, unhandledPromptBehavior=dismiss and notify, strictFileInteractability=false, platform=XP, proxy=Proxy(), goog:chromeOptions={debuggerAddress=localhost:63774}, acceptInsecureCerts=false, browserVersion=83.0.4103.116, browserName=chrome, javascriptEnabled=true, platformName=XP, setWindowRect=true, webauthn:virtualAuthenticators=true}]
Session ID: 1a6ee44fdd4bb406cca96411347ee534
*** Element info: {Using=xpath, value=//div[@id='sidebar-menu']//ul[@class='nav side-menu']/li[2]/ul/li[1]/a}</td>
																							</tr>
																							<tr>
																								<td class='status info' title='info' alt='info'><i class='mdi-action-info-outline'></i></td>
																								<td class='timestamp'>09:42:17</td>
																								<td class='step-details'>Test Data Set: Chrome</td>
																							</tr>
																							<tr>
																								<td class='status info' title='info' alt='info'><i class='mdi-action-info-outline'></i></td>
																								<td class='timestamp'>09:42:17</td>
																								<td class='step-details'>Error Snapshot:<a href='C:\AAX-Live\AAX-v1.9.0 - SRC\Results\TestRun_21Jul_0937\Screenshots\07212020 09.38.09 AM\TC07_SideBar_Menus_Click on testPlan_TestSetUp_SideMenu link_07212020 09.42.16 AM.png' data-featherlight='image'><img class='report-img' src='file:///C:\AAX-Live\AAX-v1.9.0 - SRC\Results\TestRun_21Jul_0937\Screenshots\07212020 09.38.09 AM\TC07_SideBar_Menus_Click on testPlan_TestSetUp_SideMenu link_07212020 09.42.16 AM.png' /></a></td>
																							</tr>
																					</tbody>
																				</table>
																			</div>
																		</div>
																	</li>
																	<li class='displayed pass node-1x'>
																		<div class='collapsible-header test-node pass'>
																			<div class='right test-info'>
																				<span title='Test started time' alt='Test started time' class='test-started-time label green lighten-2 text-white'>2020-07-21 09:42:17</span>
																				<span title='Test ended time' alt='Test ended time' class='test-ended-time label red lighten-2 text-white'>2020-07-21 09:42:18</span>
																				<span title='Time taken to finish' alt='Time taken to finish' class='test-time-taken label blue-grey lighten-2 text-white'>0h 0m 1s+57ms</span>
																				<span class='test-status label outline capitalize pass'>pass</span>
																			</div>
																			<div class='test-node-name'>#-16 : wait</div>
																				<div class='test-node-desc'></div>
																		</div>
																		<div class='collapsible-body'>
																			<div class='test-steps'>
																				<table class='bordered table-results'>
																					<thead>
																						<tr>
																							<th>Status</th>
																							<th>Timestamp</th>
																							<th>Details</th>
																						</tr>
																					</thead>
																					<tbody>
																							<tr>
																								<td class='status info' title='info' alt='info'><i class='mdi-action-info-outline'></i></td>
																								<td class='timestamp'>09:42:18</td>
																								<td class='step-details'>TSID : #-16</td>
																							</tr>
																							<tr>
																								<td class='status info' title='info' alt='info'><i class='mdi-action-info-outline'></i></td>
																								<td class='timestamp'>09:42:18</td>
																								<td class='step-details'>Keyword : waitForSeconds</td>
																							</tr>
																							<tr>
																								<td class='status info' title='info' alt='info'><i class='mdi-action-info-outline'></i></td>
																								<td class='timestamp'>09:42:18</td>
																								<td class='step-details'>Element Id: -</td>
																							</tr>
																							<tr>
																								<td class='status info' title='info' alt='info'><i class='mdi-action-info-outline'></i></td>
																								<td class='timestamp'>09:42:18</td>
																								<td class='step-details'>Test Data: 1</td>
																							</tr>
																							<tr>
																								<td class='status pass' title='pass' alt='pass'><i class='mdi-action-check-circle'></i></td>
																								<td class='timestamp'>09:42:18</td>
																								<td class='step-details'></td>
																							</tr>
																							<tr>
																								<td class='status info' title='info' alt='info'><i class='mdi-action-info-outline'></i></td>
																								<td class='timestamp'>09:42:18</td>
																								<td class='step-details'>Test Data Set: Chrome</td>
																							</tr>
																					</tbody>
																				</table>
																			</div>
																		</div>
																	</li>
																	<li class='displayed fail node-1x'>
																		<div class='collapsible-header test-node fail'>
																			<div class='right test-info'>
																				<span title='Test started time' alt='Test started time' class='test-started-time label green lighten-2 text-white'>2020-07-21 09:42:18</span>
																				<span title='Test ended time' alt='Test ended time' class='test-ended-time label red lighten-2 text-white'>2020-07-21 09:42:30</span>
																				<span title='Time taken to finish' alt='Time taken to finish' class='test-time-taken label blue-grey lighten-2 text-white'>0h 0m 12s+556ms</span>
																				<span class='test-status label outline capitalize fail'>fail</span>
																			</div>
																			<div class='test-node-name'>#-17 : Verify testPlan_testSetUp_AUT_Sub_SubMenu Link is displayed</div>
																				<div class='test-node-desc'></div>
																		</div>
																		<div class='collapsible-body'>
																			<div class='test-steps'>
																				<table class='bordered table-results'>
																					<thead>
																						<tr>
																							<th>Status</th>
																							<th>Timestamp</th>
																							<th>Details</th>
																						</tr>
																					</thead>
																					<tbody>
																							<tr>
																								<td class='status info' title='info' alt='info'><i class='mdi-action-info-outline'></i></td>
																								<td class='timestamp'>09:42:30</td>
																								<td class='step-details'>TSID : #-17</td>
																							</tr>
																							<tr>
																								<td class='status info' title='info' alt='info'><i class='mdi-action-info-outline'></i></td>
																								<td class='timestamp'>09:42:30</td>
																								<td class='step-details'>Keyword: verifyText</td>
																							</tr>
																							<tr>
																								<td class='status info' title='info' alt='info'><i class='mdi-action-info-outline'></i></td>
																								<td class='timestamp'>09:42:30</td>
																								<td class='step-details'>Element Id: //div[@id='sidebar-menu']//ul[@class='nav side-menu']/li[2]/ul/li[1]/ul//a[@href='aut-details.php']</td>
																							</tr>
																							<tr>
																								<td class='status info' title='info' alt='info'><i class='mdi-action-info-outline'></i></td>
																								<td class='timestamp'>09:42:30</td>
																								<td class='step-details'>Test Data: AUT</td>
																							</tr>
																							<tr>
																								<td class='status fail' title='fail' alt='fail'><i class='mdi-navigation-cancel'></i></td>
																								<td class='timestamp'>09:42:30</td>
																								<td class='step-details'></td>
																							</tr>
																							<tr>
																								<td class='status info' title='info' alt='info'><i class='mdi-action-info-outline'></i></td>
																								<td class='timestamp'>09:42:30</td>
																								<td class='step-details'>Error : org.openqa.selenium.NoSuchElementException: no such element: Unable to locate element: {"method":"xpath","selector":"//div[@id='sidebar-menu']//ul[@class='nav side-menu']/li[2]/ul/li[1]/ul//a[@href='aut-details.php']"}
  (Session info: chrome=83.0.4103.116)
For documentation on this error, please visit: http://seleniumhq.org/exceptions/no_such_element.html
Build info: version: 'unknown', revision: 'unknown', time: 'unknown'
System info: host: 'DESKTOP-E8LPHKO', ip: '192.168.1.101', os.name: 'Windows 10', os.arch: 'amd64', os.version: '10.0', java.version: '14.0.1'
Driver info: org.openqa.selenium.chrome.ChromeDriver
Capabilities [{networkConnectionEnabled=false, chrome={chromedriverVersion=83.0.4103.39 (ccbf011cb2d2b19b506d844400483861342c20cd-refs/branch-heads/4103@{#416}), userDataDir=C:\Users\karth\AppData\Local\Temp\scoped_dir25220_1351045351}, timeouts={implicit=0, pageLoad=300000, script=30000}, pageLoadStrategy=normal, unhandledPromptBehavior=dismiss and notify, strictFileInteractability=false, platform=XP, proxy=Proxy(), goog:chromeOptions={debuggerAddress=localhost:63774}, acceptInsecureCerts=false, browserVersion=83.0.4103.116, browserName=chrome, javascriptEnabled=true, platformName=XP, setWindowRect=true, webauthn:virtualAuthenticators=true}]
Session ID: 1a6ee44fdd4bb406cca96411347ee534
*** Element info: {Using=xpath, value=//div[@id='sidebar-menu']//ul[@class='nav side-menu']/li[2]/ul/li[1]/ul//a[@href='aut-details.php']}</td>
																							</tr>
																							<tr>
																								<td class='status info' title='info' alt='info'><i class='mdi-action-info-outline'></i></td>
																								<td class='timestamp'>09:42:30</td>
																								<td class='step-details'>Test Data Set: Chrome</td>
																							</tr>
																							<tr>
																								<td class='status info' title='info' alt='info'><i class='mdi-action-info-outline'></i></td>
																								<td class='timestamp'>09:42:30</td>
																								<td class='step-details'>Error Snapshot:<a href='C:\AAX-Live\AAX-v1.9.0 - SRC\Results\TestRun_21Jul_0937\Screenshots\07212020 09.38.09 AM\TC07_SideBar_Menus_Verify testPlan_testSetUp_AUT_Sub_SubMenu Link is displayed_07212020 09.42.30 AM.png' data-featherlight='image'><img class='report-img' src='file:///C:\AAX-Live\AAX-v1.9.0 - SRC\Results\TestRun_21Jul_0937\Screenshots\07212020 09.38.09 AM\TC07_SideBar_Menus_Verify testPlan_testSetUp_AUT_Sub_SubMenu Link is displayed_07212020 09.42.30 AM.png' /></a></td>
																							</tr>
																					</tbody>
																				</table>
																			</div>
																		</div>
																	</li>
																	<li class='displayed fail node-1x'>
																		<div class='collapsible-header test-node fail'>
																			<div class='right test-info'>
																				<span title='Test started time' alt='Test started time' class='test-started-time label green lighten-2 text-white'>2020-07-21 09:42:30</span>
																				<span title='Test ended time' alt='Test ended time' class='test-ended-time label red lighten-2 text-white'>2020-07-21 09:42:43</span>
																				<span title='Time taken to finish' alt='Time taken to finish' class='test-time-taken label blue-grey lighten-2 text-white'>0h 0m 12s+664ms</span>
																				<span class='test-status label outline capitalize fail'>fail</span>
																			</div>
																			<div class='test-node-name'>#-18 : Verify testPlan_testSetUp_Modules_Sub_SubMenu link is displayed</div>
																				<div class='test-node-desc'></div>
																		</div>
																		<div class='collapsible-body'>
																			<div class='test-steps'>
																				<table class='bordered table-results'>
																					<thead>
																						<tr>
																							<th>Status</th>
																							<th>Timestamp</th>
																							<th>Details</th>
																						</tr>
																					</thead>
																					<tbody>
																							<tr>
																								<td class='status info' title='info' alt='info'><i class='mdi-action-info-outline'></i></td>
																								<td class='timestamp'>09:42:43</td>
																								<td class='step-details'>TSID : #-18</td>
																							</tr>
																							<tr>
																								<td class='status info' title='info' alt='info'><i class='mdi-action-info-outline'></i></td>
																								<td class='timestamp'>09:42:43</td>
																								<td class='step-details'>Keyword: verifyText</td>
																							</tr>
																							<tr>
																								<td class='status info' title='info' alt='info'><i class='mdi-action-info-outline'></i></td>
																								<td class='timestamp'>09:42:43</td>
																								<td class='step-details'>Element Id: //div[@id='sidebar-menu']//ul[@class='nav side-menu']/li[2]/ul/li[1]/ul//a[@href='add-module.php']</td>
																							</tr>
																							<tr>
																								<td class='status info' title='info' alt='info'><i class='mdi-action-info-outline'></i></td>
																								<td class='timestamp'>09:42:43</td>
																								<td class='step-details'>Test Data: Modules</td>
																							</tr>
																							<tr>
																								<td class='status fail' title='fail' alt='fail'><i class='mdi-navigation-cancel'></i></td>
																								<td class='timestamp'>09:42:43</td>
																								<td class='step-details'></td>
																							</tr>
																							<tr>
																								<td class='status info' title='info' alt='info'><i class='mdi-action-info-outline'></i></td>
																								<td class='timestamp'>09:42:43</td>
																								<td class='step-details'>Error : org.openqa.selenium.NoSuchElementException: no such element: Unable to locate element: {"method":"xpath","selector":"//div[@id='sidebar-menu']//ul[@class='nav side-menu']/li[2]/ul/li[1]/ul//a[@href='add-module.php']"}
  (Session info: chrome=83.0.4103.116)
For documentation on this error, please visit: http://seleniumhq.org/exceptions/no_such_element.html
Build info: version: 'unknown', revision: 'unknown', time: 'unknown'
System info: host: 'DESKTOP-E8LPHKO', ip: '192.168.1.101', os.name: 'Windows 10', os.arch: 'amd64', os.version: '10.0', java.version: '14.0.1'
Driver info: org.openqa.selenium.chrome.ChromeDriver
Capabilities [{networkConnectionEnabled=false, chrome={chromedriverVersion=83.0.4103.39 (ccbf011cb2d2b19b506d844400483861342c20cd-refs/branch-heads/4103@{#416}), userDataDir=C:\Users\karth\AppData\Local\Temp\scoped_dir25220_1351045351}, timeouts={implicit=0, pageLoad=300000, script=30000}, pageLoadStrategy=normal, unhandledPromptBehavior=dismiss and notify, strictFileInteractability=false, platform=XP, proxy=Proxy(), goog:chromeOptions={debuggerAddress=localhost:63774}, acceptInsecureCerts=false, browserVersion=83.0.4103.116, browserName=chrome, javascriptEnabled=true, platformName=XP, setWindowRect=true, webauthn:virtualAuthenticators=true}]
Session ID: 1a6ee44fdd4bb406cca96411347ee534
*** Element info: {Using=xpath, value=//div[@id='sidebar-menu']//ul[@class='nav side-menu']/li[2]/ul/li[1]/ul//a[@href='add-module.php']}</td>
																							</tr>
																							<tr>
																								<td class='status info' title='info' alt='info'><i class='mdi-action-info-outline'></i></td>
																								<td class='timestamp'>09:42:43</td>
																								<td class='step-details'>Test Data Set: Chrome</td>
																							</tr>
																							<tr>
																								<td class='status info' title='info' alt='info'><i class='mdi-action-info-outline'></i></td>
																								<td class='timestamp'>09:42:43</td>
																								<td class='step-details'>Error Snapshot:<a href='C:\AAX-Live\AAX-v1.9.0 - SRC\Results\TestRun_21Jul_0937\Screenshots\07212020 09.38.09 AM\TC07_SideBar_Menus_Verify testPlan_testSetUp_Modules_Sub_SubMenu link is displayed_07212020 09.42.42 AM.png' data-featherlight='image'><img class='report-img' src='file:///C:\AAX-Live\AAX-v1.9.0 - SRC\Results\TestRun_21Jul_0937\Screenshots\07212020 09.38.09 AM\TC07_SideBar_Menus_Verify testPlan_testSetUp_Modules_Sub_SubMenu link is displayed_07212020 09.42.42 AM.png' /></a></td>
																							</tr>
																					</tbody>
																				</table>
																			</div>
																		</div>
																	</li>
																	<li class='displayed fail node-1x'>
																		<div class='collapsible-header test-node fail'>
																			<div class='right test-info'>
																				<span title='Test started time' alt='Test started time' class='test-started-time label green lighten-2 text-white'>2020-07-21 09:42:43</span>
																				<span title='Test ended time' alt='Test ended time' class='test-ended-time label red lighten-2 text-white'>2020-07-21 09:42:56</span>
																				<span title='Time taken to finish' alt='Time taken to finish' class='test-time-taken label blue-grey lighten-2 text-white'>0h 0m 13s+198ms</span>
																				<span class='test-status label outline capitalize fail'>fail</span>
																			</div>
																			<div class='test-node-name'>#-19 : Verify testPlan_testSetUp_TestCases_Sub_SubMenu link</div>
																				<div class='test-node-desc'></div>
																		</div>
																		<div class='collapsible-body'>
																			<div class='test-steps'>
																				<table class='bordered table-results'>
																					<thead>
																						<tr>
																							<th>Status</th>
																							<th>Timestamp</th>
																							<th>Details</th>
																						</tr>
																					</thead>
																					<tbody>
																							<tr>
																								<td class='status info' title='info' alt='info'><i class='mdi-action-info-outline'></i></td>
																								<td class='timestamp'>09:42:56</td>
																								<td class='step-details'>TSID : #-19</td>
																							</tr>
																							<tr>
																								<td class='status info' title='info' alt='info'><i class='mdi-action-info-outline'></i></td>
																								<td class='timestamp'>09:42:56</td>
																								<td class='step-details'>Keyword: verifyText</td>
																							</tr>
																							<tr>
																								<td class='status info' title='info' alt='info'><i class='mdi-action-info-outline'></i></td>
																								<td class='timestamp'>09:42:56</td>
																								<td class='step-details'>Element Id: //div[@id='sidebar-menu']//ul[@class='nav side-menu']/li[2]/ul/li[1]/ul//a[@href='add-test-case.php']</td>
																							</tr>
																							<tr>
																								<td class='status info' title='info' alt='info'><i class='mdi-action-info-outline'></i></td>
																								<td class='timestamp'>09:42:56</td>
																								<td class='step-details'>Test Data: Test Cases</td>
																							</tr>
																							<tr>
																								<td class='status fail' title='fail' alt='fail'><i class='mdi-navigation-cancel'></i></td>
																								<td class='timestamp'>09:42:56</td>
																								<td class='step-details'></td>
																							</tr>
																							<tr>
																								<td class='status info' title='info' alt='info'><i class='mdi-action-info-outline'></i></td>
																								<td class='timestamp'>09:42:56</td>
																								<td class='step-details'>Error : org.openqa.selenium.NoSuchElementException: no such element: Unable to locate element: {"method":"xpath","selector":"//div[@id='sidebar-menu']//ul[@class='nav side-menu']/li[2]/ul/li[1]/ul//a[@href='add-test-case.php']"}
  (Session info: chrome=83.0.4103.116)
For documentation on this error, please visit: http://seleniumhq.org/exceptions/no_such_element.html
Build info: version: 'unknown', revision: 'unknown', time: 'unknown'
System info: host: 'DESKTOP-E8LPHKO', ip: '192.168.1.101', os.name: 'Windows 10', os.arch: 'amd64', os.version: '10.0', java.version: '14.0.1'
Driver info: org.openqa.selenium.chrome.ChromeDriver
Capabilities [{networkConnectionEnabled=false, chrome={chromedriverVersion=83.0.4103.39 (ccbf011cb2d2b19b506d844400483861342c20cd-refs/branch-heads/4103@{#416}), userDataDir=C:\Users\karth\AppData\Local\Temp\scoped_dir25220_1351045351}, timeouts={implicit=0, pageLoad=300000, script=30000}, pageLoadStrategy=normal, unhandledPromptBehavior=dismiss and notify, strictFileInteractability=false, platform=XP, proxy=Proxy(), goog:chromeOptions={debuggerAddress=localhost:63774}, acceptInsecureCerts=false, browserVersion=83.0.4103.116, browserName=chrome, javascriptEnabled=true, platformName=XP, setWindowRect=true, webauthn:virtualAuthenticators=true}]
Session ID: 1a6ee44fdd4bb406cca96411347ee534
*** Element info: {Using=xpath, value=//div[@id='sidebar-menu']//ul[@class='nav side-menu']/li[2]/ul/li[1]/ul//a[@href='add-test-case.php']}</td>
																							</tr>
																							<tr>
																								<td class='status info' title='info' alt='info'><i class='mdi-action-info-outline'></i></td>
																								<td class='timestamp'>09:42:56</td>
																								<td class='step-details'>Test Data Set: Chrome</td>
																							</tr>
																							<tr>
																								<td class='status info' title='info' alt='info'><i class='mdi-action-info-outline'></i></td>
																								<td class='timestamp'>09:42:56</td>
																								<td class='step-details'>Error Snapshot:<a href='C:\AAX-Live\AAX-v1.9.0 - SRC\Results\TestRun_21Jul_0937\Screenshots\07212020 09.38.09 AM\TC07_SideBar_Menus_Verify testPlan_testSetUp_TestCases_Sub_SubMenu link_07212020 09.42.55 AM.png' data-featherlight='image'><img class='report-img' src='file:///C:\AAX-Live\AAX-v1.9.0 - SRC\Results\TestRun_21Jul_0937\Screenshots\07212020 09.38.09 AM\TC07_SideBar_Menus_Verify testPlan_testSetUp_TestCases_Sub_SubMenu link_07212020 09.42.55 AM.png' /></a></td>
																							</tr>
																					</tbody>
																				</table>
																			</div>
																		</div>
																	</li>
																	<li class='displayed fail node-1x'>
																		<div class='collapsible-header test-node fail'>
																			<div class='right test-info'>
																				<span title='Test started time' alt='Test started time' class='test-started-time label green lighten-2 text-white'>2020-07-21 09:42:56</span>
																				<span title='Test ended time' alt='Test ended time' class='test-ended-time label red lighten-2 text-white'>2020-07-21 09:43:09</span>
																				<span title='Time taken to finish' alt='Time taken to finish' class='test-time-taken label blue-grey lighten-2 text-white'>0h 0m 12s+601ms</span>
																				<span class='test-status label outline capitalize fail'>fail</span>
																			</div>
																			<div class='test-node-name'>#-20 : Verify testPlan_testSetUp_TestSteps_Sub_SubMenu link is displayed</div>
																				<div class='test-node-desc'></div>
																		</div>
																		<div class='collapsible-body'>
																			<div class='test-steps'>
																				<table class='bordered table-results'>
																					<thead>
																						<tr>
																							<th>Status</th>
																							<th>Timestamp</th>
																							<th>Details</th>
																						</tr>
																					</thead>
																					<tbody>
																							<tr>
																								<td class='status info' title='info' alt='info'><i class='mdi-action-info-outline'></i></td>
																								<td class='timestamp'>09:43:09</td>
																								<td class='step-details'>TSID : #-20</td>
																							</tr>
																							<tr>
																								<td class='status info' title='info' alt='info'><i class='mdi-action-info-outline'></i></td>
																								<td class='timestamp'>09:43:09</td>
																								<td class='step-details'>Keyword: verifyText</td>
																							</tr>
																							<tr>
																								<td class='status info' title='info' alt='info'><i class='mdi-action-info-outline'></i></td>
																								<td class='timestamp'>09:43:09</td>
																								<td class='step-details'>Element Id: //div[@id='sidebar-menu']//ul[@class='nav side-menu']/li[2]/ul/li[1]/ul//a[@href='add-test-steps.php']</td>
																							</tr>
																							<tr>
																								<td class='status info' title='info' alt='info'><i class='mdi-action-info-outline'></i></td>
																								<td class='timestamp'>09:43:09</td>
																								<td class='step-details'>Test Data: Test Steps</td>
																							</tr>
																							<tr>
																								<td class='status fail' title='fail' alt='fail'><i class='mdi-navigation-cancel'></i></td>
																								<td class='timestamp'>09:43:09</td>
																								<td class='step-details'></td>
																							</tr>
																							<tr>
																								<td class='status info' title='info' alt='info'><i class='mdi-action-info-outline'></i></td>
																								<td class='timestamp'>09:43:09</td>
																								<td class='step-details'>Error : org.openqa.selenium.NoSuchElementException: no such element: Unable to locate element: {"method":"xpath","selector":"//div[@id='sidebar-menu']//ul[@class='nav side-menu']/li[2]/ul/li[1]/ul//a[@href='add-test-steps.php']"}
  (Session info: chrome=83.0.4103.116)
For documentation on this error, please visit: http://seleniumhq.org/exceptions/no_such_element.html
Build info: version: 'unknown', revision: 'unknown', time: 'unknown'
System info: host: 'DESKTOP-E8LPHKO', ip: '192.168.1.101', os.name: 'Windows 10', os.arch: 'amd64', os.version: '10.0', java.version: '14.0.1'
Driver info: org.openqa.selenium.chrome.ChromeDriver
Capabilities [{networkConnectionEnabled=false, chrome={chromedriverVersion=83.0.4103.39 (ccbf011cb2d2b19b506d844400483861342c20cd-refs/branch-heads/4103@{#416}), userDataDir=C:\Users\karth\AppData\Local\Temp\scoped_dir25220_1351045351}, timeouts={implicit=0, pageLoad=300000, script=30000}, pageLoadStrategy=normal, unhandledPromptBehavior=dismiss and notify, strictFileInteractability=false, platform=XP, proxy=Proxy(), goog:chromeOptions={debuggerAddress=localhost:63774}, acceptInsecureCerts=false, browserVersion=83.0.4103.116, browserName=chrome, javascriptEnabled=true, platformName=XP, setWindowRect=true, webauthn:virtualAuthenticators=true}]
Session ID: 1a6ee44fdd4bb406cca96411347ee534
*** Element info: {Using=xpath, value=//div[@id='sidebar-menu']//ul[@class='nav side-menu']/li[2]/ul/li[1]/ul//a[@href='add-test-steps.php']}</td>
																							</tr>
																							<tr>
																								<td class='status info' title='info' alt='info'><i class='mdi-action-info-outline'></i></td>
																								<td class='timestamp'>09:43:09</td>
																								<td class='step-details'>Test Data Set: Chrome</td>
																							</tr>
																							<tr>
																								<td class='status info' title='info' alt='info'><i class='mdi-action-info-outline'></i></td>
																								<td class='timestamp'>09:43:09</td>
																								<td class='step-details'>Error Snapshot:<a href='C:\AAX-Live\AAX-v1.9.0 - SRC\Results\TestRun_21Jul_0937\Screenshots\07212020 09.38.09 AM\TC07_SideBar_Menus_Verify testPlan_testSetUp_TestSteps_Sub_SubMenu link is displayed_07212020 09.43.08 AM.png' data-featherlight='image'><img class='report-img' src='file:///C:\AAX-Live\AAX-v1.9.0 - SRC\Results\TestRun_21Jul_0937\Screenshots\07212020 09.38.09 AM\TC07_SideBar_Menus_Verify testPlan_testSetUp_TestSteps_Sub_SubMenu link is displayed_07212020 09.43.08 AM.png' /></a></td>
																							</tr>
																					</tbody>
																				</table>
																			</div>
																		</div>
																	</li>
																	<li class='displayed fail node-1x'>
																		<div class='collapsible-header test-node fail'>
																			<div class='right test-info'>
																				<span title='Test started time' alt='Test started time' class='test-started-time label green lighten-2 text-white'>2020-07-21 09:43:09</span>
																				<span title='Test ended time' alt='Test ended time' class='test-ended-time label red lighten-2 text-white'>2020-07-21 09:43:21</span>
																				<span title='Time taken to finish' alt='Time taken to finish' class='test-time-taken label blue-grey lighten-2 text-white'>0h 0m 12s+593ms</span>
																				<span class='test-status label outline capitalize fail'>fail</span>
																			</div>
																			<div class='test-node-name'>#-21 : Click on Test Plan, Reusable Elements side bar sub menu</div>
																				<div class='test-node-desc'></div>
																		</div>
																		<div class='collapsible-body'>
																			<div class='test-steps'>
																				<table class='bordered table-results'>
																					<thead>
																						<tr>
																							<th>Status</th>
																							<th>Timestamp</th>
																							<th>Details</th>
																						</tr>
																					</thead>
																					<tbody>
																							<tr>
																								<td class='status info' title='info' alt='info'><i class='mdi-action-info-outline'></i></td>
																								<td class='timestamp'>09:43:21</td>
																								<td class='step-details'>TSID : #-21</td>
																							</tr>
																							<tr>
																								<td class='status info' title='info' alt='info'><i class='mdi-action-info-outline'></i></td>
																								<td class='timestamp'>09:43:21</td>
																								<td class='step-details'>Keyword: clickButton</td>
																							</tr>
																							<tr>
																								<td class='status info' title='info' alt='info'><i class='mdi-action-info-outline'></i></td>
																								<td class='timestamp'>09:43:21</td>
																								<td class='step-details'>Element Id: //div[@id='sidebar-menu']//ul[@class='nav side-menu']/li[2]/ul/li[2]/a</td>
																							</tr>
																							<tr>
																								<td class='status info' title='info' alt='info'><i class='mdi-action-info-outline'></i></td>
																								<td class='timestamp'>09:43:21</td>
																								<td class='step-details'>Test Data:</td>
																							</tr>
																							<tr>
																								<td class='status fail' title='fail' alt='fail'><i class='mdi-navigation-cancel'></i></td>
																								<td class='timestamp'>09:43:21</td>
																								<td class='step-details'></td>
																							</tr>
																							<tr>
																								<td class='status info' title='info' alt='info'><i class='mdi-action-info-outline'></i></td>
																								<td class='timestamp'>09:43:21</td>
																								<td class='step-details'>Error : org.openqa.selenium.NoSuchElementException: no such element: Unable to locate element: {"method":"xpath","selector":"//div[@id='sidebar-menu']//ul[@class='nav side-menu']/li[2]/ul/li[2]/a"}
  (Session info: chrome=83.0.4103.116)
For documentation on this error, please visit: http://seleniumhq.org/exceptions/no_such_element.html
Build info: version: 'unknown', revision: 'unknown', time: 'unknown'
System info: host: 'DESKTOP-E8LPHKO', ip: '192.168.1.101', os.name: 'Windows 10', os.arch: 'amd64', os.version: '10.0', java.version: '14.0.1'
Driver info: org.openqa.selenium.chrome.ChromeDriver
Capabilities [{networkConnectionEnabled=false, chrome={chromedriverVersion=83.0.4103.39 (ccbf011cb2d2b19b506d844400483861342c20cd-refs/branch-heads/4103@{#416}), userDataDir=C:\Users\karth\AppData\Local\Temp\scoped_dir25220_1351045351}, timeouts={implicit=0, pageLoad=300000, script=30000}, pageLoadStrategy=normal, unhandledPromptBehavior=dismiss and notify, strictFileInteractability=false, platform=XP, proxy=Proxy(), goog:chromeOptions={debuggerAddress=localhost:63774}, acceptInsecureCerts=false, browserVersion=83.0.4103.116, browserName=chrome, javascriptEnabled=true, platformName=XP, setWindowRect=true, webauthn:virtualAuthenticators=true}]
Session ID: 1a6ee44fdd4bb406cca96411347ee534
*** Element info: {Using=xpath, value=//div[@id='sidebar-menu']//ul[@class='nav side-menu']/li[2]/ul/li[2]/a}</td>
																							</tr>
																							<tr>
																								<td class='status info' title='info' alt='info'><i class='mdi-action-info-outline'></i></td>
																								<td class='timestamp'>09:43:21</td>
																								<td class='step-details'>Test Data Set: Chrome</td>
																							</tr>
																							<tr>
																								<td class='status info' title='info' alt='info'><i class='mdi-action-info-outline'></i></td>
																								<td class='timestamp'>09:43:21</td>
																								<td class='step-details'>Error Snapshot:<a href='C:\AAX-Live\AAX-v1.9.0 - SRC\Results\TestRun_21Jul_0937\Screenshots\07212020 09.38.09 AM\TC07_SideBar_Menus_Click on Test Plan, Reusable Elements side bar sub menu_07212020 09.43.21 AM.png' data-featherlight='image'><img class='report-img' src='file:///C:\AAX-Live\AAX-v1.9.0 - SRC\Results\TestRun_21Jul_0937\Screenshots\07212020 09.38.09 AM\TC07_SideBar_Menus_Click on Test Plan, Reusable Elements side bar sub menu_07212020 09.43.21 AM.png' /></a></td>
																							</tr>
																					</tbody>
																				</table>
																			</div>
																		</div>
																	</li>
																	<li class='displayed pass node-1x'>
																		<div class='collapsible-header test-node pass'>
																			<div class='right test-info'>
																				<span title='Test started time' alt='Test started time' class='test-started-time label green lighten-2 text-white'>2020-07-21 09:43:21</span>
																				<span title='Test ended time' alt='Test ended time' class='test-ended-time label red lighten-2 text-white'>2020-07-21 09:43:22</span>
																				<span title='Time taken to finish' alt='Time taken to finish' class='test-time-taken label blue-grey lighten-2 text-white'>0h 0m 1s+43ms</span>
																				<span class='test-status label outline capitalize pass'>pass</span>
																			</div>
																			<div class='test-node-name'>#-22 : wait</div>
																				<div class='test-node-desc'></div>
																		</div>
																		<div class='collapsible-body'>
																			<div class='test-steps'>
																				<table class='bordered table-results'>
																					<thead>
																						<tr>
																							<th>Status</th>
																							<th>Timestamp</th>
																							<th>Details</th>
																						</tr>
																					</thead>
																					<tbody>
																							<tr>
																								<td class='status info' title='info' alt='info'><i class='mdi-action-info-outline'></i></td>
																								<td class='timestamp'>09:43:22</td>
																								<td class='step-details'>TSID : #-22</td>
																							</tr>
																							<tr>
																								<td class='status info' title='info' alt='info'><i class='mdi-action-info-outline'></i></td>
																								<td class='timestamp'>09:43:22</td>
																								<td class='step-details'>Keyword : waitForSeconds</td>
																							</tr>
																							<tr>
																								<td class='status info' title='info' alt='info'><i class='mdi-action-info-outline'></i></td>
																								<td class='timestamp'>09:43:22</td>
																								<td class='step-details'>Element Id: -</td>
																							</tr>
																							<tr>
																								<td class='status info' title='info' alt='info'><i class='mdi-action-info-outline'></i></td>
																								<td class='timestamp'>09:43:22</td>
																								<td class='step-details'>Test Data: 1</td>
																							</tr>
																							<tr>
																								<td class='status pass' title='pass' alt='pass'><i class='mdi-action-check-circle'></i></td>
																								<td class='timestamp'>09:43:22</td>
																								<td class='step-details'></td>
																							</tr>
																							<tr>
																								<td class='status info' title='info' alt='info'><i class='mdi-action-info-outline'></i></td>
																								<td class='timestamp'>09:43:22</td>
																								<td class='step-details'>Test Data Set: Chrome</td>
																							</tr>
																					</tbody>
																				</table>
																			</div>
																		</div>
																	</li>
																	<li class='displayed fail node-1x'>
																		<div class='collapsible-header test-node fail'>
																			<div class='right test-info'>
																				<span title='Test started time' alt='Test started time' class='test-started-time label green lighten-2 text-white'>2020-07-21 09:43:22</span>
																				<span title='Test ended time' alt='Test ended time' class='test-ended-time label red lighten-2 text-white'>2020-07-21 09:43:35</span>
																				<span title='Time taken to finish' alt='Time taken to finish' class='test-time-taken label blue-grey lighten-2 text-white'>0h 0m 12s+638ms</span>
																				<span class='test-status label outline capitalize fail'>fail</span>
																			</div>
																			<div class='test-node-name'>#-23 : Verify testPlan_ReusableElements_ElementMap_Sub_SubMenu Link</div>
																				<div class='test-node-desc'></div>
																		</div>
																		<div class='collapsible-body'>
																			<div class='test-steps'>
																				<table class='bordered table-results'>
																					<thead>
																						<tr>
																							<th>Status</th>
																							<th>Timestamp</th>
																							<th>Details</th>
																						</tr>
																					</thead>
																					<tbody>
																							<tr>
																								<td class='status info' title='info' alt='info'><i class='mdi-action-info-outline'></i></td>
																								<td class='timestamp'>09:43:35</td>
																								<td class='step-details'>TSID : #-23</td>
																							</tr>
																							<tr>
																								<td class='status info' title='info' alt='info'><i class='mdi-action-info-outline'></i></td>
																								<td class='timestamp'>09:43:35</td>
																								<td class='step-details'>Keyword: verifyText</td>
																							</tr>
																							<tr>
																								<td class='status info' title='info' alt='info'><i class='mdi-action-info-outline'></i></td>
																								<td class='timestamp'>09:43:35</td>
																								<td class='step-details'>Element Id: //div[@id='sidebar-menu']//ul[@class='nav side-menu']/li[2]/ul/li[2]/ul//a[@href='add-element-map.php']</td>
																							</tr>
																							<tr>
																								<td class='status info' title='info' alt='info'><i class='mdi-action-info-outline'></i></td>
																								<td class='timestamp'>09:43:35</td>
																								<td class='step-details'>Test Data: Element Map</td>
																							</tr>
																							<tr>
																								<td class='status fail' title='fail' alt='fail'><i class='mdi-navigation-cancel'></i></td>
																								<td class='timestamp'>09:43:35</td>
																								<td class='step-details'></td>
																							</tr>
																							<tr>
																								<td class='status info' title='info' alt='info'><i class='mdi-action-info-outline'></i></td>
																								<td class='timestamp'>09:43:35</td>
																								<td class='step-details'>Error : org.openqa.selenium.NoSuchElementException: no such element: Unable to locate element: {"method":"xpath","selector":"//div[@id='sidebar-menu']//ul[@class='nav side-menu']/li[2]/ul/li[2]/ul//a[@href='add-element-map.php']"}
  (Session info: chrome=83.0.4103.116)
For documentation on this error, please visit: http://seleniumhq.org/exceptions/no_such_element.html
Build info: version: 'unknown', revision: 'unknown', time: 'unknown'
System info: host: 'DESKTOP-E8LPHKO', ip: '192.168.1.101', os.name: 'Windows 10', os.arch: 'amd64', os.version: '10.0', java.version: '14.0.1'
Driver info: org.openqa.selenium.chrome.ChromeDriver
Capabilities [{networkConnectionEnabled=false, chrome={chromedriverVersion=83.0.4103.39 (ccbf011cb2d2b19b506d844400483861342c20cd-refs/branch-heads/4103@{#416}), userDataDir=C:\Users\karth\AppData\Local\Temp\scoped_dir25220_1351045351}, timeouts={implicit=0, pageLoad=300000, script=30000}, pageLoadStrategy=normal, unhandledPromptBehavior=dismiss and notify, strictFileInteractability=false, platform=XP, proxy=Proxy(), goog:chromeOptions={debuggerAddress=localhost:63774}, acceptInsecureCerts=false, browserVersion=83.0.4103.116, browserName=chrome, javascriptEnabled=true, platformName=XP, setWindowRect=true, webauthn:virtualAuthenticators=true}]
Session ID: 1a6ee44fdd4bb406cca96411347ee534
*** Element info: {Using=xpath, value=//div[@id='sidebar-menu']//ul[@class='nav side-menu']/li[2]/ul/li[2]/ul//a[@href='add-element-map.php']}</td>
																							</tr>
																							<tr>
																								<td class='status info' title='info' alt='info'><i class='mdi-action-info-outline'></i></td>
																								<td class='timestamp'>09:43:35</td>
																								<td class='step-details'>Test Data Set: Chrome</td>
																							</tr>
																							<tr>
																								<td class='status info' title='info' alt='info'><i class='mdi-action-info-outline'></i></td>
																								<td class='timestamp'>09:43:35</td>
																								<td class='step-details'>Error Snapshot:<a href='C:\AAX-Live\AAX-v1.9.0 - SRC\Results\TestRun_21Jul_0937\Screenshots\07212020 09.38.09 AM\TC07_SideBar_Menus_Verify testPlan_ReusableElements_ElementMap_Sub_SubMenu Link_07212020 09.43.35 AM.png' data-featherlight='image'><img class='report-img' src='file:///C:\AAX-Live\AAX-v1.9.0 - SRC\Results\TestRun_21Jul_0937\Screenshots\07212020 09.38.09 AM\TC07_SideBar_Menus_Verify testPlan_ReusableElements_ElementMap_Sub_SubMenu Link_07212020 09.43.35 AM.png' /></a></td>
																							</tr>
																					</tbody>
																				</table>
																			</div>
																		</div>
																	</li>
																	<li class='displayed fail node-1x'>
																		<div class='collapsible-header test-node fail'>
																			<div class='right test-info'>
																				<span title='Test started time' alt='Test started time' class='test-started-time label green lighten-2 text-white'>2020-07-21 09:43:35</span>
																				<span title='Test ended time' alt='Test ended time' class='test-ended-time label red lighten-2 text-white'>2020-07-21 09:43:48</span>
																				<span title='Time taken to finish' alt='Time taken to finish' class='test-time-taken label blue-grey lighten-2 text-white'>0h 0m 12s+639ms</span>
																				<span class='test-status label outline capitalize fail'>fail</span>
																			</div>
																			<div class='test-node-name'>#-24 : Verify testPlan_ReusableElements_TestData_Sub_SubMenu Link</div>
																				<div class='test-node-desc'></div>
																		</div>
																		<div class='collapsible-body'>
																			<div class='test-steps'>
																				<table class='bordered table-results'>
																					<thead>
																						<tr>
																							<th>Status</th>
																							<th>Timestamp</th>
																							<th>Details</th>
																						</tr>
																					</thead>
																					<tbody>
																							<tr>
																								<td class='status info' title='info' alt='info'><i class='mdi-action-info-outline'></i></td>
																								<td class='timestamp'>09:43:48</td>
																								<td class='step-details'>TSID : #-24</td>
																							</tr>
																							<tr>
																								<td class='status info' title='info' alt='info'><i class='mdi-action-info-outline'></i></td>
																								<td class='timestamp'>09:43:48</td>
																								<td class='step-details'>Keyword: verifyText</td>
																							</tr>
																							<tr>
																								<td class='status info' title='info' alt='info'><i class='mdi-action-info-outline'></i></td>
																								<td class='timestamp'>09:43:48</td>
																								<td class='step-details'>Element Id: //div[@id='sidebar-menu']//ul[@class='nav side-menu']/li[2]/ul/li[2]/ul//a[@href='add-test-data.php']</td>
																							</tr>
																							<tr>
																								<td class='status info' title='info' alt='info'><i class='mdi-action-info-outline'></i></td>
																								<td class='timestamp'>09:43:48</td>
																								<td class='step-details'>Test Data: Test Data</td>
																							</tr>
																							<tr>
																								<td class='status fail' title='fail' alt='fail'><i class='mdi-navigation-cancel'></i></td>
																								<td class='timestamp'>09:43:48</td>
																								<td class='step-details'></td>
																							</tr>
																							<tr>
																								<td class='status info' title='info' alt='info'><i class='mdi-action-info-outline'></i></td>
																								<td class='timestamp'>09:43:48</td>
																								<td class='step-details'>Error : org.openqa.selenium.NoSuchElementException: no such element: Unable to locate element: {"method":"xpath","selector":"//div[@id='sidebar-menu']//ul[@class='nav side-menu']/li[2]/ul/li[2]/ul//a[@href='add-test-data.php']"}
  (Session info: chrome=83.0.4103.116)
For documentation on this error, please visit: http://seleniumhq.org/exceptions/no_such_element.html
Build info: version: 'unknown', revision: 'unknown', time: 'unknown'
System info: host: 'DESKTOP-E8LPHKO', ip: '192.168.1.101', os.name: 'Windows 10', os.arch: 'amd64', os.version: '10.0', java.version: '14.0.1'
Driver info: org.openqa.selenium.chrome.ChromeDriver
Capabilities [{networkConnectionEnabled=false, chrome={chromedriverVersion=83.0.4103.39 (ccbf011cb2d2b19b506d844400483861342c20cd-refs/branch-heads/4103@{#416}), userDataDir=C:\Users\karth\AppData\Local\Temp\scoped_dir25220_1351045351}, timeouts={implicit=0, pageLoad=300000, script=30000}, pageLoadStrategy=normal, unhandledPromptBehavior=dismiss and notify, strictFileInteractability=false, platform=XP, proxy=Proxy(), goog:chromeOptions={debuggerAddress=localhost:63774}, acceptInsecureCerts=false, browserVersion=83.0.4103.116, browserName=chrome, javascriptEnabled=true, platformName=XP, setWindowRect=true, webauthn:virtualAuthenticators=true}]
Session ID: 1a6ee44fdd4bb406cca96411347ee534
*** Element info: {Using=xpath, value=//div[@id='sidebar-menu']//ul[@class='nav side-menu']/li[2]/ul/li[2]/ul//a[@href='add-test-data.php']}</td>
																							</tr>
																							<tr>
																								<td class='status info' title='info' alt='info'><i class='mdi-action-info-outline'></i></td>
																								<td class='timestamp'>09:43:48</td>
																								<td class='step-details'>Test Data Set: Chrome</td>
																							</tr>
																							<tr>
																								<td class='status info' title='info' alt='info'><i class='mdi-action-info-outline'></i></td>
																								<td class='timestamp'>09:43:48</td>
																								<td class='step-details'>Error Snapshot:<a href='C:\AAX-Live\AAX-v1.9.0 - SRC\Results\TestRun_21Jul_0937\Screenshots\07212020 09.38.09 AM\TC07_SideBar_Menus_Verify testPlan_ReusableElements_TestData_Sub_SubMenu Link_07212020 09.43.47 AM.png' data-featherlight='image'><img class='report-img' src='file:///C:\AAX-Live\AAX-v1.9.0 - SRC\Results\TestRun_21Jul_0937\Screenshots\07212020 09.38.09 AM\TC07_SideBar_Menus_Verify testPlan_ReusableElements_TestData_Sub_SubMenu Link_07212020 09.43.47 AM.png' /></a></td>
																							</tr>
																					</tbody>
																				</table>
																			</div>
																		</div>
																	</li>
																	<li class='displayed fail node-1x'>
																		<div class='collapsible-header test-node fail'>
																			<div class='right test-info'>
																				<span title='Test started time' alt='Test started time' class='test-started-time label green lighten-2 text-white'>2020-07-21 09:43:48</span>
																				<span title='Test ended time' alt='Test ended time' class='test-ended-time label red lighten-2 text-white'>2020-07-21 09:44:00</span>
																				<span title='Time taken to finish' alt='Time taken to finish' class='test-time-taken label blue-grey lighten-2 text-white'>0h 0m 12s+582ms</span>
																				<span class='test-status label outline capitalize fail'>fail</span>
																			</div>
																			<div class='test-node-name'>#-25 : Verify testPlan_ReusableElements_UserDefinedKeywords_Sub_SubMenu link is displayed</div>
																				<div class='test-node-desc'></div>
																		</div>
																		<div class='collapsible-body'>
																			<div class='test-steps'>
																				<table class='bordered table-results'>
																					<thead>
																						<tr>
																							<th>Status</th>
																							<th>Timestamp</th>
																							<th>Details</th>
																						</tr>
																					</thead>
																					<tbody>
																							<tr>
																								<td class='status info' title='info' alt='info'><i class='mdi-action-info-outline'></i></td>
																								<td class='timestamp'>09:44:00</td>
																								<td class='step-details'>TSID : #-25</td>
																							</tr>
																							<tr>
																								<td class='status info' title='info' alt='info'><i class='mdi-action-info-outline'></i></td>
																								<td class='timestamp'>09:44:00</td>
																								<td class='step-details'>Keyword: verifyText</td>
																							</tr>
																							<tr>
																								<td class='status info' title='info' alt='info'><i class='mdi-action-info-outline'></i></td>
																								<td class='timestamp'>09:44:00</td>
																								<td class='step-details'>Element Id: //div[@id='sidebar-menu']//ul[@class='nav side-menu']/li[2]/ul/li[2]/ul//a[@href='add-hlk.php']</td>
																							</tr>
																							<tr>
																								<td class='status info' title='info' alt='info'><i class='mdi-action-info-outline'></i></td>
																								<td class='timestamp'>09:44:00</td>
																								<td class='step-details'>Test Data: User Defined Keywords</td>
																							</tr>
																							<tr>
																								<td class='status fail' title='fail' alt='fail'><i class='mdi-navigation-cancel'></i></td>
																								<td class='timestamp'>09:44:00</td>
																								<td class='step-details'></td>
																							</tr>
																							<tr>
																								<td class='status info' title='info' alt='info'><i class='mdi-action-info-outline'></i></td>
																								<td class='timestamp'>09:44:00</td>
																								<td class='step-details'>Error : org.openqa.selenium.NoSuchElementException: no such element: Unable to locate element: {"method":"xpath","selector":"//div[@id='sidebar-menu']//ul[@class='nav side-menu']/li[2]/ul/li[2]/ul//a[@href='add-hlk.php']"}
  (Session info: chrome=83.0.4103.116)
For documentation on this error, please visit: http://seleniumhq.org/exceptions/no_such_element.html
Build info: version: 'unknown', revision: 'unknown', time: 'unknown'
System info: host: 'DESKTOP-E8LPHKO', ip: '192.168.1.101', os.name: 'Windows 10', os.arch: 'amd64', os.version: '10.0', java.version: '14.0.1'
Driver info: org.openqa.selenium.chrome.ChromeDriver
Capabilities [{networkConnectionEnabled=false, chrome={chromedriverVersion=83.0.4103.39 (ccbf011cb2d2b19b506d844400483861342c20cd-refs/branch-heads/4103@{#416}), userDataDir=C:\Users\karth\AppData\Local\Temp\scoped_dir25220_1351045351}, timeouts={implicit=0, pageLoad=300000, script=30000}, pageLoadStrategy=normal, unhandledPromptBehavior=dismiss and notify, strictFileInteractability=false, platform=XP, proxy=Proxy(), goog:chromeOptions={debuggerAddress=localhost:63774}, acceptInsecureCerts=false, browserVersion=83.0.4103.116, browserName=chrome, javascriptEnabled=true, platformName=XP, setWindowRect=true, webauthn:virtualAuthenticators=true}]
Session ID: 1a6ee44fdd4bb406cca96411347ee534
*** Element info: {Using=xpath, value=//div[@id='sidebar-menu']//ul[@class='nav side-menu']/li[2]/ul/li[2]/ul//a[@href='add-hlk.php']}</td>
																							</tr>
																							<tr>
																								<td class='status info' title='info' alt='info'><i class='mdi-action-info-outline'></i></td>
																								<td class='timestamp'>09:44:00</td>
																								<td class='step-details'>Test Data Set: Chrome</td>
																							</tr>
																							<tr>
																								<td class='status info' title='info' alt='info'><i class='mdi-action-info-outline'></i></td>
																								<td class='timestamp'>09:44:00</td>
																								<td class='step-details'>Error Snapshot:<a href='C:\AAX-Live\AAX-v1.9.0 - SRC\Results\TestRun_21Jul_0937\Screenshots\07212020 09.38.09 AM\TC07_SideBar_Menus_Verify testPlan_ReusableElements_UserDefinedKeywords_Sub_SubMenu link is displayed_07212020 09.44.00 AM.png' data-featherlight='image'><img class='report-img' src='file:///C:\AAX-Live\AAX-v1.9.0 - SRC\Results\TestRun_21Jul_0937\Screenshots\07212020 09.38.09 AM\TC07_SideBar_Menus_Verify testPlan_ReusableElements_UserDefinedKeywords_Sub_SubMenu link is displayed_07212020 09.44.00 AM.png' /></a></td>
																							</tr>
																					</tbody>
																				</table>
																			</div>
																		</div>
																	</li>
																	<li class='displayed fail node-1x'>
																		<div class='collapsible-header test-node fail'>
																			<div class='right test-info'>
																				<span title='Test started time' alt='Test started time' class='test-started-time label green lighten-2 text-white'>2020-07-21 09:44:00</span>
																				<span title='Test ended time' alt='Test ended time' class='test-ended-time label red lighten-2 text-white'>2020-07-21 09:44:13</span>
																				<span title='Time taken to finish' alt='Time taken to finish' class='test-time-taken label blue-grey lighten-2 text-white'>0h 0m 12s+613ms</span>
																				<span class='test-status label outline capitalize fail'>fail</span>
																			</div>
																			<div class='test-node-name'>#-26 : verify if testPlan_ReusableElements_BuiltInKeywords_Sub_SubMenu link</div>
																				<div class='test-node-desc'></div>
																		</div>
																		<div class='collapsible-body'>
																			<div class='test-steps'>
																				<table class='bordered table-results'>
																					<thead>
																						<tr>
																							<th>Status</th>
																							<th>Timestamp</th>
																							<th>Details</th>
																						</tr>
																					</thead>
																					<tbody>
																							<tr>
																								<td class='status info' title='info' alt='info'><i class='mdi-action-info-outline'></i></td>
																								<td class='timestamp'>09:44:13</td>
																								<td class='step-details'>TSID : #-26</td>
																							</tr>
																							<tr>
																								<td class='status info' title='info' alt='info'><i class='mdi-action-info-outline'></i></td>
																								<td class='timestamp'>09:44:13</td>
																								<td class='step-details'>Keyword: verifyText</td>
																							</tr>
																							<tr>
																								<td class='status info' title='info' alt='info'><i class='mdi-action-info-outline'></i></td>
																								<td class='timestamp'>09:44:13</td>
																								<td class='step-details'>Element Id: //div[@id='sidebar-menu']//ul[@class='nav side-menu']/li[2]/ul/li[2]/ul//a[@href='llk.php']</td>
																							</tr>
																							<tr>
																								<td class='status info' title='info' alt='info'><i class='mdi-action-info-outline'></i></td>
																								<td class='timestamp'>09:44:13</td>
																								<td class='step-details'>Test Data: Built-In Keywords</td>
																							</tr>
																							<tr>
																								<td class='status fail' title='fail' alt='fail'><i class='mdi-navigation-cancel'></i></td>
																								<td class='timestamp'>09:44:13</td>
																								<td class='step-details'></td>
																							</tr>
																							<tr>
																								<td class='status info' title='info' alt='info'><i class='mdi-action-info-outline'></i></td>
																								<td class='timestamp'>09:44:13</td>
																								<td class='step-details'>Error : org.openqa.selenium.NoSuchElementException: no such element: Unable to locate element: {"method":"xpath","selector":"//div[@id='sidebar-menu']//ul[@class='nav side-menu']/li[2]/ul/li[2]/ul//a[@href='llk.php']"}
  (Session info: chrome=83.0.4103.116)
For documentation on this error, please visit: http://seleniumhq.org/exceptions/no_such_element.html
Build info: version: 'unknown', revision: 'unknown', time: 'unknown'
System info: host: 'DESKTOP-E8LPHKO', ip: '192.168.1.101', os.name: 'Windows 10', os.arch: 'amd64', os.version: '10.0', java.version: '14.0.1'
Driver info: org.openqa.selenium.chrome.ChromeDriver
Capabilities [{networkConnectionEnabled=false, chrome={chromedriverVersion=83.0.4103.39 (ccbf011cb2d2b19b506d844400483861342c20cd-refs/branch-heads/4103@{#416}), userDataDir=C:\Users\karth\AppData\Local\Temp\scoped_dir25220_1351045351}, timeouts={implicit=0, pageLoad=300000, script=30000}, pageLoadStrategy=normal, unhandledPromptBehavior=dismiss and notify, strictFileInteractability=false, platform=XP, proxy=Proxy(), goog:chromeOptions={debuggerAddress=localhost:63774}, acceptInsecureCerts=false, browserVersion=83.0.4103.116, browserName=chrome, javascriptEnabled=true, platformName=XP, setWindowRect=true, webauthn:virtualAuthenticators=true}]
Session ID: 1a6ee44fdd4bb406cca96411347ee534
*** Element info: {Using=xpath, value=//div[@id='sidebar-menu']//ul[@class='nav side-menu']/li[2]/ul/li[2]/ul//a[@href='llk.php']}</td>
																							</tr>
																							<tr>
																								<td class='status info' title='info' alt='info'><i class='mdi-action-info-outline'></i></td>
																								<td class='timestamp'>09:44:13</td>
																								<td class='step-details'>Test Data Set: Chrome</td>
																							</tr>
																							<tr>
																								<td class='status info' title='info' alt='info'><i class='mdi-action-info-outline'></i></td>
																								<td class='timestamp'>09:44:13</td>
																								<td class='step-details'>Error Snapshot:<a href='C:\AAX-Live\AAX-v1.9.0 - SRC\Results\TestRun_21Jul_0937\Screenshots\07212020 09.38.09 AM\TC07_SideBar_Menus_verify if testPlan_ReusableElements_BuiltInKeywords_Sub_SubMenu link_07212020 09.44.12 AM.png' data-featherlight='image'><img class='report-img' src='file:///C:\AAX-Live\AAX-v1.9.0 - SRC\Results\TestRun_21Jul_0937\Screenshots\07212020 09.38.09 AM\TC07_SideBar_Menus_verify if testPlan_ReusableElements_BuiltInKeywords_Sub_SubMenu link_07212020 09.44.12 AM.png' /></a></td>
																							</tr>
																					</tbody>
																				</table>
																			</div>
																		</div>
																	</li>
																	<li class='displayed pass node-1x'>
																		<div class='collapsible-header test-node pass'>
																			<div class='right test-info'>
																				<span title='Test started time' alt='Test started time' class='test-started-time label green lighten-2 text-white'>2020-07-21 09:44:13</span>
																				<span title='Test ended time' alt='Test ended time' class='test-ended-time label red lighten-2 text-white'>2020-07-21 09:44:14</span>
																				<span title='Time taken to finish' alt='Time taken to finish' class='test-time-taken label blue-grey lighten-2 text-white'>0h 0m 0s+914ms</span>
																				<span class='test-status label outline capitalize pass'>pass</span>
																			</div>
																			<div class='test-node-name'>#-27 : Close Browser</div>
																				<div class='test-node-desc'></div>
																		</div>
																		<div class='collapsible-body'>
																			<div class='test-steps'>
																				<table class='bordered table-results'>
																					<thead>
																						<tr>
																							<th>Status</th>
																							<th>Timestamp</th>
																							<th>Details</th>
																						</tr>
																					</thead>
																					<tbody>
																							<tr>
																								<td class='status info' title='info' alt='info'><i class='mdi-action-info-outline'></i></td>
																								<td class='timestamp'>09:44:14</td>
																								<td class='step-details'>TSID : #-27</td>
																							</tr>
																							<tr>
																								<td class='status info' title='info' alt='info'><i class='mdi-action-info-outline'></i></td>
																								<td class='timestamp'>09:44:14</td>
																								<td class='step-details'>Keyword : quitBrowser</td>
																							</tr>
																							<tr>
																								<td class='status info' title='info' alt='info'><i class='mdi-action-info-outline'></i></td>
																								<td class='timestamp'>09:44:14</td>
																								<td class='step-details'>Element Id: -</td>
																							</tr>
																							<tr>
																								<td class='status info' title='info' alt='info'><i class='mdi-action-info-outline'></i></td>
																								<td class='timestamp'>09:44:14</td>
																								<td class='step-details'>Test Data:</td>
																							</tr>
																							<tr>
																								<td class='status pass' title='pass' alt='pass'><i class='mdi-action-check-circle'></i></td>
																								<td class='timestamp'>09:44:14</td>
																								<td class='step-details'></td>
																							</tr>
																							<tr>
																								<td class='status info' title='info' alt='info'><i class='mdi-action-info-outline'></i></td>
																								<td class='timestamp'>09:44:14</td>
																								<td class='step-details'>Test Data Set: Chrome</td>
																							</tr>
																					</tbody>
																				</table>
																			</div>
																		</div>
																	</li>
													</ul>
												</div>
											</div>
										</li>
								</ul>
							</div>
						</div>
					</div>
				</div>
				<div id='test-details-wrapper' class='col _addedCell2'>
					<div class='contents'>
						<div class='card-panel details-view'>
							<h5 class='details-name'></h5>
							<div class='step-filters right'>
								<span class='btn-floating btn-small waves-effect waves-light blue' status='info' alt='info' title='info'><i class='mdi-action-info-outline'></i></span>
								<span class='btn-floating btn-small waves-effect waves-light green' status='pass' alt='pass' title='pass'><i class='mdi-action-check-circle'></i></span>
								<span class='btn-floating btn-small waves-effect waves-light red' status='fail' alt='fail' title='fail'><i class='mdi-navigation-cancel'></i></span>
								<span class='btn-floating btn-small waves-effect waves-light red darken-4' status='fatal' alt='fatal' title='fatal'><i class='mdi-navigation-cancel'></i></span>
								<span class='btn-floating btn-small waves-effect waves-light red lighten-2' status='error' alt='error' title='error'><i class='mdi-alert-error'></i></span>
								<span class='btn-floating btn-small waves-effect waves-light orange' alt='warning' status='warning' title='warning'><i class='mdi-alert-warning'></i></span>
								<span class='btn-floating btn-small waves-effect waves-light cyan' status='skip' alt='skip' title='skip'><i class='mdi-content-redo'></i></span>
								<span class='btn-floating btn-small waves-effect waves-light grey darken-2' status='clear-step-filter' alt='Clear filters' title='Clear filters'><i class='mdi-content-clear'></i></span>
							</div>
							<div class='details-container'>
							</div>
						</div>
					</div>
				</div>
			</div>
			<!-- /tests -->
			
			<!-- categories -->
			<!-- /categories -->
			
			<!-- exceptions -->
			<!-- /exceptions -->
			
			<!-- testrunner logs -->
			<!-- /testrunner logs -->
			
		</div>
		<!-- /container -->
		
		<!-- test dashboard counts setting -->
		<div id='test-count-setting' class='modal bottom-sheet'> 
			<div class='modal-content'> 
				<h5>Configure Tests Count Setting</h5> 
				<input name='test-count-setting' type='radio' id='parentWithoutNodes' class='with-gap'> 
				<label for='parentWithoutNodes'>Parent Tests Only (Does not include child nodes in counts)</label> 
				<br> 
				<input name='test-count-setting' type='radio' id='parentWithoutNodesAndNodes' class='with-gap'> 
				<label for='parentWithoutNodesAndNodes'>Parent Tests Without Child Tests + Child Tests</label> 
				<br> 
				<input name='test-count-setting' type='radio' id='childNodes' class='with-gap'> 
				<label for='childNodes'>Child Tests Only</label> 
			</div> 
			<div class='modal-footer'> 
				<a href='#!' class='modal-action modal-close waves-effect waves-green btn'>Save</a> 
			</div> 
		</div>
		<!-- /test dashboard counts setting -->
		
		<!-- filter for step status -->
		<div id='step-status-filter' class='modal bottom-sheet'> 
			<div class='modal-content'> 
				<h5>Select status</h5> 
				<input checked class='filled-in' type='checkbox' id='step-dashboard-filter-pass'> 
				<label for='step-dashboard-filter-pass'>Pass</label> 
				<br> 
				<input checked class='filled-in' type='checkbox' id='step-dashboard-filter-fail'> 
				<label for='step-dashboard-filter-fail'>Fail</label> 
				<br> 
				<input checked class='filled-in' type='checkbox' id='step-dashboard-filter-fatal'> 
				<label for='step-dashboard-filter-fatal'>Fatal</label> 
				<br> 
				<input checked class='filled-in' type='checkbox' id='step-dashboard-filter-error'> 
				<label for='step-dashboard-filter-error'>Error</label> 
				<br> 
				<input checked class='filled-in' type='checkbox' id='step-dashboard-filter-warning'> 
				<label for='step-dashboard-filter-warning'>Warning</label> 
				<br> 
				<input checked class='filled-in' type='checkbox' id='step-dashboard-filter-skip'> 
				<label for='step-dashboard-filter-skip'>Skipped</label> 
				<br> 
				<input checked class='filled-in' type='checkbox' id='step-dashboard-filter-info'> 
				<label for='step-dashboard-filter-info'>Info</label> 
				<br> 
				<input checked class='filled-in' type='checkbox' id='step-dashboard-filter-unknown'> 
				<label for='step-dashboard-filter-unknown'>Unknown</label> 
			</div>
			<div class='modal-footer'> 
				<a href='#!' class='modal-action modal-close waves-effect waves-green btn'>Save</a> 
			</div> 
		</div>
		<!-- /filter for step status -->
		
		<script src='https://cdn.rawgit.com/anshooarora/extentreports/6032d73243ba4fe4fb8769eb9c315d4fdf16fe68/cdn/extent.js' type='text/javascript'></script>

		<script>$(document).ready(function() { $('.logo span').html('ExtentReports'); });</script>
		<script>
				
            
                $(document).ready(function() {
                    
                });
            
        
		</script>
	</body>
</html>
